#
# A fatal error has been detected by the Java Runtime Environment:
#
#  SIGBUS (0x7) at pc=0x00007f7d82f8c4be, pid=6757, tid=6785
#
# JRE version: OpenJDK Runtime Environment GraalVM CE 22.3.1 (19.0.2+7) (build 19.0.2+7-jvmci-22.3-b12)
# Java VM: OpenJDK 64-Bit Server VM GraalVM CE 22.3.1 (19.0.2+7-jvmci-22.3-b12, mixed mode, tiered, jvmci, jvmci compiler, compressed oops, compressed class ptrs, g1 gc, linux-amd64)
# Problematic frame:
# V  [libjvm.so+0xcbe4be]  PerfLongVariant::sample()+0x1e
#
# Core dump will be written. Default location: Core dumps may be processed with "/nix/store/rqa6c7qsf28n56frb9qa96hplfs1vp5p-systemd/lib/systemd/systemd-coredump %P %u %g %s %t %c %h %d %F" (or dumping to /home/runner/workspace/core.6757)
#
# If you would like to submit a bug report, please visit:
#   https://github.com/oracle/graal/issues
#

---------------  S U M M A R Y ------------

Command Line: -XX:ThreadPriorityPolicy=1 -XX:+UnlockExperimentalVMOptions -XX:+EnableJVMCIProduct -XX:JVMCIThreadsPerNativeLibraryRuntime=1 -XX:-UnlockExperimentalVMOptions --add-exports=jdk.compiler/com.sun.tools.javac.api=ALL-UNNAMED --add-exports=jdk.compiler/com.sun.tools.javac.code=ALL-UNNAMED --add-exports=jdk.compiler/com.sun.tools.javac.comp=ALL-UNNAMED --add-exports=jdk.compiler/com.sun.tools.javac.main=ALL-UNNAMED --add-exports=jdk.compiler/com.sun.tools.javac.tree=ALL-UNNAMED --add-exports=jdk.compiler/com.sun.tools.javac.model=ALL-UNNAMED --add-exports=jdk.compiler/com.sun.tools.javac.util=ALL-UNNAMED --add-opens=jdk.compiler/com.sun.tools.javac.api=ALL-UNNAMED org.javacs.Main

Host: AMD EPYC 9B14, 8 cores, 62G, Ubuntu 24.04.2 LTS
Time: Sat Apr 18 20:19:51 2026 UTC elapsed time: 2105.158239 seconds (0d 0h 35m 5s)

---------------  T H R E A D  ---------------

Current thread (0x00007f7d7c13e520):  WatcherThread "VM Periodic Task Thread" [stack: 0x00007f7d03d00000,0x00007f7d03e00000] [id=6785]

Stack: [0x00007f7d03d00000,0x00007f7d03e00000],  sp=0x00007f7d03dfc7b0,  free space=1009k
Native frames: (J=compiled Java code, j=interpreted, Vv=VM code, C=native code)
V  [libjvm.so+0xcbe4be]  PerfLongVariant::sample()+0x1e
V  [libjvm.so+0xd6c7c2]  StatSamplerTask::task()+0x32
V  [libjvm.so+0xdeca1d]  PeriodicTask::real_time_tick(int)+0x5d
V  [libjvm.so+0xc4b547]  WatcherThread::run()+0x37
V  [libjvm.so+0xe2b920]  Thread::call_run()+0xc0
V  [libjvm.so+0xc78988]  thread_native_entry(Thread*)+0xd8
C  [libc.so.6+0x9caa4]


siginfo: si_signo: 7 (SIGBUS), si_code: 2 (BUS_ADRERR), si_addr: 0x00007f7d80b4d4a0

Registers:
RAX=0x000001ea233547e5, RBX=0x00007f7d80b4d4a0, RCX=0x0000000000000000, RDX=0x0000000000000000
RSP=0x00007f7d03dfc7b0, RBP=0x00007f7d03dfc7c0, RSI=0x0000000000000000, RDI=0x0000000000000000
R8 =0x0000000000000000, R9 =0x0000000000000000, R10=0x0000000000000000, R11=0x0000000000000000
R12=0x00007f7d7c27afe0, R13=0x0000000000000001, R14=0x0000000000000002, R15=0x00007f7d835ef0a0
RIP=0x00007f7d82f8c4be, EFLAGS=0x0000000000010212, CSGSFS=0x002b000000000033, ERR=0x0000000000000007
  TRAPNO=0x000000000000000e


Register to memory mapping:

RAX=0x000001ea233547e5 is an unknown value
RBX=0x00007f7d80b4d4a0 points into unknown readable memory: 0x000001ea0e383c37 | 37 3c 38 0e ea 01 00 00
RCX=0x0 is NULL
RDX=0x0 is NULL
RSP=0x00007f7d03dfc7b0 points into unknown readable memory: 0x00007f7d03dfc7c0 | c0 c7 df 03 7d 7f 00 00
RBP=0x00007f7d03dfc7c0 points into unknown readable memory: 0x00007f7d03dfc7e0 | e0 c7 df 03 7d 7f 00 00
RSI=0x0 is NULL
RDI=0x0 is NULL
R8 =0x0 is NULL
R9 =0x0 is NULL
R10=0x0 is NULL
R11=0x0 is NULL
R12=0x00007f7d7c27afe0 points into unknown readable memory: 0x00007f7d7c27b000 | 00 b0 27 7c 7d 7f 00 00
R13=0x0000000000000001 is an unknown value
R14=0x0000000000000002 is an unknown value
R15=0x00007f7d835ef0a0: <offset 0x00000000013210a0> in /nix/store/x5f0fpif5hzy2jsjlm59x7pgf4s4nx0w-java-language-server-0.2.38/share/java/java-language-server/linux/lib/server/libjvm.so at 0x00007f7d822ce000


Top of Stack: (sp=0x00007f7d03dfc7b0)
0x00007f7d03dfc7b0:   00007f7d03dfc7c0 0000000000000001
0x00007f7d03dfc7c0:   00007f7d03dfc7e0 00007f7d8303a7c2
0x00007f7d03dfc7d0:   0000000000000032 0000000000000032
0x00007f7d03dfc7e0:   00007f7d03dfc830 00007f7d830baa1d 

Instructions: (pc=0x00007f7d82f8c4be)
0x00007f7d82f8c3be:   44 24 08 49 8b 54 24 18 48 89 50 18 49 8b 44 24
0x00007f7d82f8c3ce:   08 49 8b 54 24 20 48 89 50 20 e8 23 00 a5 ff c7
0x00007f7d82f8c3de:   83 74 03 00 00 04 00 00 00 5b 41 5c 41 5d 41 5e
0x00007f7d82f8c3ee:   5d c3 48 89 df e8 08 60 16 00 e9 ef fe ff ff 0f
0x00007f7d82f8c3fe:   1f 00 48 89 df e8 18 72 16 00 e9 7a ff ff ff 0f
0x00007f7d82f8c40e:   1f 00 31 d2 be 01 00 00 00 48 89 df e8 21 9d 06
0x00007f7d82f8c41e:   00 e9 59 ff ff ff 0f 1f 40 00 48 8d 05 81 5b 5f
0x00007f7d82f8c42e:   00 48 8d 0d a3 6e 2a 00 48 8d 15 b2 6e 2a 00 be
0x00007f7d82f8c43e:   35 01 00 00 48 8d 3d a7 a8 2f 00 48 8b 00 c6 00
0x00007f7d82f8c44e:   58 31 c0 e8 fa 4c 97 ff e8 75 53 fb ff e9 ff fe
0x00007f7d82f8c45e:   ff ff 48 89 df e8 b8 71 16 00 e9 ab fe ff ff 0f
0x00007f7d82f8c46e:   1f 00 31 d2 be 01 00 00 00 48 89 df e8 c1 9c 06
0x00007f7d82f8c47e:   00 e9 86 fe ff ff 66 66 66 2e 0f 1f 84 00 00 00
0x00007f7d82f8c48e:   00 00 66 66 66 66 66 66 2e 0f 1f 84 00 00 00 00
0x00007f7d82f8c49e:   00 00 4c 8b 47 38 4d 85 c0 74 27 55 48 89 e5 53
0x00007f7d82f8c4ae:   48 83 ec 08 49 8b 00 48 8b 5f 28 4c 89 c7 ff 10
0x00007f7d82f8c4be:   48 89 03 48 8b 5d f8 c9 c3 66 0f 1f 84 00 00 00
0x00007f7d82f8c4ce:   00 00 c3 90 66 66 2e 0f 1f 84 00 00 00 00 00 0f
0x00007f7d82f8c4de:   1f 00 49 89 f8 48 89 f7 48 63 f2 49 8b 40 28 48
0x00007f7d82f8c4ee:   8d 15 9b 99 28 00 48 8b 08 31 c0 e9 22 3d 5c ff
0x00007f7d82f8c4fe:   66 90 49 89 f8 31 c0 48 89 f7 48 63 f2 49 8b 48
0x00007f7d82f8c50e:   28 48 8d 15 1d f5 27 00 e9 05 3d 5c ff 90 0f 1f
0x00007f7d82f8c51e:   40 00 55 48 8d 05 d0 c6 5e 00 66 41 0f 6e c0 66
0x00007f7d82f8c52e:   0f 6e c9 66 0f 62 c1 48 89 e5 41 57 49 89 d7 41
0x00007f7d82f8c53e:   56 41 55 4c 63 ee 41 54 53 48 89 fb 48 83 ec 18
0x00007f7d82f8c54e:   48 89 07 48 8d 05 68 a1 60 00 48 c7 47 08 00 00
0x00007f7d82f8c55e:   00 00 4e 8b 34 e8 c6 47 18 00 48 c7 47 28 00 00
0x00007f7d82f8c56e:   00 00 66 0f d6 47 10 48 89 d7 e8 c3 3c 5c ff 4c
0x00007f7d82f8c57e:   89 f7 48 89 45 c8 e8 b7 3c 5c ff 48 8b 55 c8 be
0x00007f7d82f8c58e:   09 00 00 00 48 8d 7c 02 02 31 d2 e8 42 f0 71 ff
0x00007f7d82f8c59e:   48 89 43 08 48 89 c7 41 83 fd 18 74 55 4c 89 f2
0x00007f7d82f8c5ae:   4c 89 f9 48 8d 35 f1 cb 28 00 31 c0 e8 81 3e 5c 


Stack slot to memory mapping:
stack at sp + 0 slots: 0x00007f7d03dfc7c0 points into unknown readable memory: 0x00007f7d03dfc7e0 | e0 c7 df 03 7d 7f 00 00
stack at sp + 1 slots: 0x0000000000000001 is an unknown value
stack at sp + 2 slots: 0x00007f7d03dfc7e0 points into unknown readable memory: 0x00007f7d03dfc830 | 30 c8 df 03 7d 7f 00 00
stack at sp + 3 slots: 0x00007f7d8303a7c2: <offset 0x0000000000d6c7c2> in /nix/store/x5f0fpif5hzy2jsjlm59x7pgf4s4nx0w-java-language-server-0.2.38/share/java/java-language-server/linux/lib/server/libjvm.so at 0x00007f7d822ce000
stack at sp + 4 slots: 0x0000000000000032 is an unknown value
stack at sp + 5 slots: 0x0000000000000032 is an unknown value
stack at sp + 6 slots: 0x00007f7d03dfc830 points into unknown readable memory: 0x00007f7d03dfc8b0 | b0 c8 df 03 7d 7f 00 00
stack at sp + 7 slots: 0x00007f7d830baa1d: <offset 0x0000000000deca1d> in /nix/store/x5f0fpif5hzy2jsjlm59x7pgf4s4nx0w-java-language-server-0.2.38/share/java/java-language-server/linux/lib/server/libjvm.so at 0x00007f7d822ce000


---------------  P R O C E S S  ---------------

Threads class SMR info:
_java_thread_list=0x00007f7cfc090320, length=12, elements={
0x00007f7d7c028100, 0x00007f7d7c1c0690, 0x00007f7d7c1c1ba0, 0x00007f7d7c1c3360,
0x00007f7d7c1c4710, 0x00007f7d7c1c5ab0, 0x00007f7d7c1c7520, 0x00007f7d7c1c8a60,
0x00007f7d7c1c9f30, 0x00007f7d7c258c50, 0x00007f7d7c279760, 0x00007f7d7c360950
}

Java Threads: ( => current thread )
  0x00007f7d7c028100 JavaThread "main" [_thread_blocked, id=6758, stack(0x00007f7d820e0000,0x00007f7d821e0000)]
  0x00007f7d7c1c0690 JavaThread "Reference Handler" daemon [_thread_blocked, id=6768, stack(0x00007f7d44c2d000,0x00007f7d44d2d000)]
  0x00007f7d7c1c1ba0 JavaThread "Finalizer" daemon [_thread_blocked, id=6769, stack(0x00007f7d44b2d000,0x00007f7d44c2d000)]
  0x00007f7d7c1c3360 JavaThread "Signal Dispatcher" daemon [_thread_blocked, id=6770, stack(0x00007f7d44a2d000,0x00007f7d44b2d000)]
  0x00007f7d7c1c4710 JavaThread "Service Thread" daemon [_thread_blocked, id=6771, stack(0x00007f7d4492d000,0x00007f7d44a2d000)]
  0x00007f7d7c1c5ab0 JavaThread "Monitor Deflation Thread" daemon [_thread_blocked, id=6772, stack(0x00007f7d4482d000,0x00007f7d4492d000)]
  0x00007f7d7c1c7520 JavaThread "JVMCI-native CompilerThread0" daemon [_thread_blocked, id=6773, stack(0x00007f7d44600000,0x00007f7d44800000)]
  0x00007f7d7c1c8a60 JavaThread "C1 CompilerThread0" daemon [_thread_blocked, id=6774, stack(0x00007f7d44400000,0x00007f7d44600000)]
  0x00007f7d7c1c9f30 JavaThread "Sweeper thread" daemon [_thread_blocked, id=6775, stack(0x00007f7d44300000,0x00007f7d44400000)]
  0x00007f7d7c258c50 JavaThread "Common-Cleaner" daemon [_thread_blocked, id=6782, stack(0x00007f7d44200000,0x00007f7d44300000)]
  0x00007f7d7c279760 JavaThread "Notification Thread" daemon [_thread_blocked, id=6784, stack(0x00007f7d44100000,0x00007f7d44200000)]
  0x00007f7d7c360950 JavaThread "reader" daemon [_thread_in_native, id=6786, stack(0x00007f7d03bfe000,0x00007f7d03cfe000)]

Other Threads:
  0x00007f7d7c181f20 VMThread "VM Thread" [stack: 0x00007f7d4501a000,0x00007f7d4511a000] [id=6767]
=>0x00007f7d7c13e520 WatcherThread "VM Periodic Task Thread" [stack: 0x00007f7d03d00000,0x00007f7d03e00000] [id=6785]
  0x00007f7d7c05beb0 WorkerThread "GC Thread#0" [stack: 0x00007f7d80124000,0x00007f7d80224000] [id=6762]
  0x00007f7d7c06d010 ConcurrentGCThread "G1 Main Marker" [stack: 0x00007f7d80022000,0x00007f7d80122000] [id=6763]
  0x00007f7d7c06df30 WorkerThread "G1 Conc#0" [stack: 0x00007f7d47a48000,0x00007f7d47b48000] [id=6764]
  0x00007f7d7c000e00 ConcurrentGCThread "G1 Refine#0" [stack: 0x00007f7d452fa000,0x00007f7d453fa000] [id=6765]
  0x00007f7d7c0f3980 ConcurrentGCThread "G1 Service" [stack: 0x00007f7d451f8000,0x00007f7d452f8000] [id=6766]

Threads with active compile tasks:

VM state: not at safepoint (normal execution)

VM Mutex/Monitor currently owned by a thread:  ([mutex/lock_event])
[0x00007f7d7c0258f0] PeriodicTask_lock - owner thread: 0x00007f7d7c13e520

Heap address: 0x0000000413000000, size: 16080 MB, Compressed Oops mode: Zero based, Oop shift amount: 3

CDS archive(s) not mapped
Compressed class space mapped at: 0x0000000800000000-0x0000000840000000, reserved size: 1073741824
Narrow klass base: 0x0000000800000000, Narrow klass shift: 0, Narrow klass range: 0x40000000

GC Precious Log:
 CardTable entry size: 512
 Card Set container configuration: InlinePtr #cards 4 size 8 Array Of Cards #cards 64 size 144 Howl #buckets 8 coarsen threshold 14745 Howl Bitmap #cards 2048 size 272 coarsen threshold 1843 Card regions per heap region 1 cards per card region 16384
 CPUs: 8 total, 6 available
 Memory: 64304M
 Large Page Support: Disabled
 NUMA Support: Disabled
 Compressed Oops: Enabled (Zero based)
 Heap Region Size: 8M
 Heap Min Capacity: 8M
 Heap Initial Capacity: 1008M
 Heap Max Capacity: 16080M
 Pre-touch: Disabled
 Parallel Workers: 6
 Concurrent Workers: 2
 Concurrent Refinement Workers: 6
 Periodic GC: Disabled

Heap:
 garbage-first heap   total 1032192K, used 8192K [0x0000000413000000, 0x0000000800000000)
  region size 8192K, 2 young (16384K), 0 survivors (0K)
 Metaspace       used 11638K, committed 11776K, reserved 1114112K
  class space    used 1030K, committed 1088K, reserved 1048576K

Heap Regions: E=young(eden), S=young(survivor), O=old, HS=humongous(starts), HC=humongous(continues), CS=collection set, F=free, OA=open archive, CA=closed archive, TAMS=top-at-mark-start (previous, next)
|   0|0x0000000413000000, 0x0000000413000000, 0x0000000413800000|  0%| F|  |TAMS 0x0000000413000000, 0x0000000413000000| Untracked 
|   1|0x0000000413800000, 0x0000000413800000, 0x0000000414000000|  0%| F|  |TAMS 0x0000000413800000, 0x0000000413800000| Untracked 
|   2|0x0000000414000000, 0x0000000414000000, 0x0000000414800000|  0%| F|  |TAMS 0x0000000414000000, 0x0000000414000000| Untracked 
|   3|0x0000000414800000, 0x0000000414800000, 0x0000000415000000|  0%| F|  |TAMS 0x0000000414800000, 0x0000000414800000| Untracked 
|   4|0x0000000415000000, 0x0000000415000000, 0x0000000415800000|  0%| F|  |TAMS 0x0000000415000000, 0x0000000415000000| Untracked 
|   5|0x0000000415800000, 0x0000000415800000, 0x0000000416000000|  0%| F|  |TAMS 0x0000000415800000, 0x0000000415800000| Untracked 
|   6|0x0000000416000000, 0x0000000416000000, 0x0000000416800000|  0%| F|  |TAMS 0x0000000416000000, 0x0000000416000000| Untracked 
|   7|0x0000000416800000, 0x0000000416800000, 0x0000000417000000|  0%| F|  |TAMS 0x0000000416800000, 0x0000000416800000| Untracked 
|   8|0x0000000417000000, 0x0000000417000000, 0x0000000417800000|  0%| F|  |TAMS 0x0000000417000000, 0x0000000417000000| Untracked 
|   9|0x0000000417800000, 0x0000000417800000, 0x0000000418000000|  0%| F|  |TAMS 0x0000000417800000, 0x0000000417800000| Untracked 
|  10|0x0000000418000000, 0x0000000418000000, 0x0000000418800000|  0%| F|  |TAMS 0x0000000418000000, 0x0000000418000000| Untracked 
|  11|0x0000000418800000, 0x0000000418800000, 0x0000000419000000|  0%| F|  |TAMS 0x0000000418800000, 0x0000000418800000| Untracked 
|  12|0x0000000419000000, 0x0000000419000000, 0x0000000419800000|  0%| F|  |TAMS 0x0000000419000000, 0x0000000419000000| Untracked 
|  13|0x0000000419800000, 0x0000000419800000, 0x000000041a000000|  0%| F|  |TAMS 0x0000000419800000, 0x0000000419800000| Untracked 
|  14|0x000000041a000000, 0x000000041a000000, 0x000000041a800000|  0%| F|  |TAMS 0x000000041a000000, 0x000000041a000000| Untracked 
|  15|0x000000041a800000, 0x000000041a800000, 0x000000041b000000|  0%| F|  |TAMS 0x000000041a800000, 0x000000041a800000| Untracked 
|  16|0x000000041b000000, 0x000000041b000000, 0x000000041b800000|  0%| F|  |TAMS 0x000000041b000000, 0x000000041b000000| Untracked 
|  17|0x000000041b800000, 0x000000041b800000, 0x000000041c000000|  0%| F|  |TAMS 0x000000041b800000, 0x000000041b800000| Untracked 
|  18|0x000000041c000000, 0x000000041c000000, 0x000000041c800000|  0%| F|  |TAMS 0x000000041c000000, 0x000000041c000000| Untracked 
|  19|0x000000041c800000, 0x000000041c800000, 0x000000041d000000|  0%| F|  |TAMS 0x000000041c800000, 0x000000041c800000| Untracked 
|  20|0x000000041d000000, 0x000000041d000000, 0x000000041d800000|  0%| F|  |TAMS 0x000000041d000000, 0x000000041d000000| Untracked 
|  21|0x000000041d800000, 0x000000041d800000, 0x000000041e000000|  0%| F|  |TAMS 0x000000041d800000, 0x000000041d800000| Untracked 
|  22|0x000000041e000000, 0x000000041e000000, 0x000000041e800000|  0%| F|  |TAMS 0x000000041e000000, 0x000000041e000000| Untracked 
|  23|0x000000041e800000, 0x000000041e800000, 0x000000041f000000|  0%| F|  |TAMS 0x000000041e800000, 0x000000041e800000| Untracked 
|  24|0x000000041f000000, 0x000000041f000000, 0x000000041f800000|  0%| F|  |TAMS 0x000000041f000000, 0x000000041f000000| Untracked 
|  25|0x000000041f800000, 0x000000041f800000, 0x0000000420000000|  0%| F|  |TAMS 0x000000041f800000, 0x000000041f800000| Untracked 
|  26|0x0000000420000000, 0x0000000420000000, 0x0000000420800000|  0%| F|  |TAMS 0x0000000420000000, 0x0000000420000000| Untracked 
|  27|0x0000000420800000, 0x0000000420800000, 0x0000000421000000|  0%| F|  |TAMS 0x0000000420800000, 0x0000000420800000| Untracked 
|  28|0x0000000421000000, 0x0000000421000000, 0x0000000421800000|  0%| F|  |TAMS 0x0000000421000000, 0x0000000421000000| Untracked 
|  29|0x0000000421800000, 0x0000000421800000, 0x0000000422000000|  0%| F|  |TAMS 0x0000000421800000, 0x0000000421800000| Untracked 
|  30|0x0000000422000000, 0x0000000422000000, 0x0000000422800000|  0%| F|  |TAMS 0x0000000422000000, 0x0000000422000000| Untracked 
|  31|0x0000000422800000, 0x0000000422800000, 0x0000000423000000|  0%| F|  |TAMS 0x0000000422800000, 0x0000000422800000| Untracked 
|  32|0x0000000423000000, 0x0000000423000000, 0x0000000423800000|  0%| F|  |TAMS 0x0000000423000000, 0x0000000423000000| Untracked 
|  33|0x0000000423800000, 0x0000000423800000, 0x0000000424000000|  0%| F|  |TAMS 0x0000000423800000, 0x0000000423800000| Untracked 
|  34|0x0000000424000000, 0x0000000424000000, 0x0000000424800000|  0%| F|  |TAMS 0x0000000424000000, 0x0000000424000000| Untracked 
|  35|0x0000000424800000, 0x0000000424800000, 0x0000000425000000|  0%| F|  |TAMS 0x0000000424800000, 0x0000000424800000| Untracked 
|  36|0x0000000425000000, 0x0000000425000000, 0x0000000425800000|  0%| F|  |TAMS 0x0000000425000000, 0x0000000425000000| Untracked 
|  37|0x0000000425800000, 0x0000000425800000, 0x0000000426000000|  0%| F|  |TAMS 0x0000000425800000, 0x0000000425800000| Untracked 
|  38|0x0000000426000000, 0x0000000426000000, 0x0000000426800000|  0%| F|  |TAMS 0x0000000426000000, 0x0000000426000000| Untracked 
|  39|0x0000000426800000, 0x0000000426800000, 0x0000000427000000|  0%| F|  |TAMS 0x0000000426800000, 0x0000000426800000| Untracked 
|  40|0x0000000427000000, 0x0000000427000000, 0x0000000427800000|  0%| F|  |TAMS 0x0000000427000000, 0x0000000427000000| Untracked 
|  41|0x0000000427800000, 0x0000000427800000, 0x0000000428000000|  0%| F|  |TAMS 0x0000000427800000, 0x0000000427800000| Untracked 
|  42|0x0000000428000000, 0x0000000428000000, 0x0000000428800000|  0%| F|  |TAMS 0x0000000428000000, 0x0000000428000000| Untracked 
|  43|0x0000000428800000, 0x0000000428800000, 0x0000000429000000|  0%| F|  |TAMS 0x0000000428800000, 0x0000000428800000| Untracked 
|  44|0x0000000429000000, 0x0000000429000000, 0x0000000429800000|  0%| F|  |TAMS 0x0000000429000000, 0x0000000429000000| Untracked 
|  45|0x0000000429800000, 0x0000000429800000, 0x000000042a000000|  0%| F|  |TAMS 0x0000000429800000, 0x0000000429800000| Untracked 
|  46|0x000000042a000000, 0x000000042a000000, 0x000000042a800000|  0%| F|  |TAMS 0x000000042a000000, 0x000000042a000000| Untracked 
|  47|0x000000042a800000, 0x000000042a800000, 0x000000042b000000|  0%| F|  |TAMS 0x000000042a800000, 0x000000042a800000| Untracked 
|  48|0x000000042b000000, 0x000000042b000000, 0x000000042b800000|  0%| F|  |TAMS 0x000000042b000000, 0x000000042b000000| Untracked 
|  49|0x000000042b800000, 0x000000042b800000, 0x000000042c000000|  0%| F|  |TAMS 0x000000042b800000, 0x000000042b800000| Untracked 
|  50|0x000000042c000000, 0x000000042c000000, 0x000000042c800000|  0%| F|  |TAMS 0x000000042c000000, 0x000000042c000000| Untracked 
|  51|0x000000042c800000, 0x000000042c800000, 0x000000042d000000|  0%| F|  |TAMS 0x000000042c800000, 0x000000042c800000| Untracked 
|  52|0x000000042d000000, 0x000000042d000000, 0x000000042d800000|  0%| F|  |TAMS 0x000000042d000000, 0x000000042d000000| Untracked 
|  53|0x000000042d800000, 0x000000042d800000, 0x000000042e000000|  0%| F|  |TAMS 0x000000042d800000, 0x000000042d800000| Untracked 
|  54|0x000000042e000000, 0x000000042e000000, 0x000000042e800000|  0%| F|  |TAMS 0x000000042e000000, 0x000000042e000000| Untracked 
|  55|0x000000042e800000, 0x000000042e800000, 0x000000042f000000|  0%| F|  |TAMS 0x000000042e800000, 0x000000042e800000| Untracked 
|  56|0x000000042f000000, 0x000000042f000000, 0x000000042f800000|  0%| F|  |TAMS 0x000000042f000000, 0x000000042f000000| Untracked 
|  57|0x000000042f800000, 0x000000042f800000, 0x0000000430000000|  0%| F|  |TAMS 0x000000042f800000, 0x000000042f800000| Untracked 
|  58|0x0000000430000000, 0x0000000430000000, 0x0000000430800000|  0%| F|  |TAMS 0x0000000430000000, 0x0000000430000000| Untracked 
|  59|0x0000000430800000, 0x0000000430800000, 0x0000000431000000|  0%| F|  |TAMS 0x0000000430800000, 0x0000000430800000| Untracked 
|  60|0x0000000431000000, 0x0000000431000000, 0x0000000431800000|  0%| F|  |TAMS 0x0000000431000000, 0x0000000431000000| Untracked 
|  61|0x0000000431800000, 0x0000000431800000, 0x0000000432000000|  0%| F|  |TAMS 0x0000000431800000, 0x0000000431800000| Untracked 
|  62|0x0000000432000000, 0x0000000432000000, 0x0000000432800000|  0%| F|  |TAMS 0x0000000432000000, 0x0000000432000000| Untracked 
|  63|0x0000000432800000, 0x0000000432800000, 0x0000000433000000|  0%| F|  |TAMS 0x0000000432800000, 0x0000000432800000| Untracked 
|  64|0x0000000433000000, 0x0000000433000000, 0x0000000433800000|  0%| F|  |TAMS 0x0000000433000000, 0x0000000433000000| Untracked 
|  65|0x0000000433800000, 0x0000000433800000, 0x0000000434000000|  0%| F|  |TAMS 0x0000000433800000, 0x0000000433800000| Untracked 
|  66|0x0000000434000000, 0x0000000434000000, 0x0000000434800000|  0%| F|  |TAMS 0x0000000434000000, 0x0000000434000000| Untracked 
|  67|0x0000000434800000, 0x0000000434800000, 0x0000000435000000|  0%| F|  |TAMS 0x0000000434800000, 0x0000000434800000| Untracked 
|  68|0x0000000435000000, 0x0000000435000000, 0x0000000435800000|  0%| F|  |TAMS 0x0000000435000000, 0x0000000435000000| Untracked 
|  69|0x0000000435800000, 0x0000000435800000, 0x0000000436000000|  0%| F|  |TAMS 0x0000000435800000, 0x0000000435800000| Untracked 
|  70|0x0000000436000000, 0x0000000436000000, 0x0000000436800000|  0%| F|  |TAMS 0x0000000436000000, 0x0000000436000000| Untracked 
|  71|0x0000000436800000, 0x0000000436800000, 0x0000000437000000|  0%| F|  |TAMS 0x0000000436800000, 0x0000000436800000| Untracked 
|  72|0x0000000437000000, 0x0000000437000000, 0x0000000437800000|  0%| F|  |TAMS 0x0000000437000000, 0x0000000437000000| Untracked 
|  73|0x0000000437800000, 0x0000000437800000, 0x0000000438000000|  0%| F|  |TAMS 0x0000000437800000, 0x0000000437800000| Untracked 
|  74|0x0000000438000000, 0x0000000438000000, 0x0000000438800000|  0%| F|  |TAMS 0x0000000438000000, 0x0000000438000000| Untracked 
|  75|0x0000000438800000, 0x0000000438800000, 0x0000000439000000|  0%| F|  |TAMS 0x0000000438800000, 0x0000000438800000| Untracked 
|  76|0x0000000439000000, 0x0000000439000000, 0x0000000439800000|  0%| F|  |TAMS 0x0000000439000000, 0x0000000439000000| Untracked 
|  77|0x0000000439800000, 0x0000000439800000, 0x000000043a000000|  0%| F|  |TAMS 0x0000000439800000, 0x0000000439800000| Untracked 
|  78|0x000000043a000000, 0x000000043a000000, 0x000000043a800000|  0%| F|  |TAMS 0x000000043a000000, 0x000000043a000000| Untracked 
|  79|0x000000043a800000, 0x000000043a800000, 0x000000043b000000|  0%| F|  |TAMS 0x000000043a800000, 0x000000043a800000| Untracked 
|  80|0x000000043b000000, 0x000000043b000000, 0x000000043b800000|  0%| F|  |TAMS 0x000000043b000000, 0x000000043b000000| Untracked 
|  81|0x000000043b800000, 0x000000043b800000, 0x000000043c000000|  0%| F|  |TAMS 0x000000043b800000, 0x000000043b800000| Untracked 
|  82|0x000000043c000000, 0x000000043c000000, 0x000000043c800000|  0%| F|  |TAMS 0x000000043c000000, 0x000000043c000000| Untracked 
|  83|0x000000043c800000, 0x000000043c800000, 0x000000043d000000|  0%| F|  |TAMS 0x000000043c800000, 0x000000043c800000| Untracked 
|  84|0x000000043d000000, 0x000000043d000000, 0x000000043d800000|  0%| F|  |TAMS 0x000000043d000000, 0x000000043d000000| Untracked 
|  85|0x000000043d800000, 0x000000043d800000, 0x000000043e000000|  0%| F|  |TAMS 0x000000043d800000, 0x000000043d800000| Untracked 
|  86|0x000000043e000000, 0x000000043e000000, 0x000000043e800000|  0%| F|  |TAMS 0x000000043e000000, 0x000000043e000000| Untracked 
|  87|0x000000043e800000, 0x000000043e800000, 0x000000043f000000|  0%| F|  |TAMS 0x000000043e800000, 0x000000043e800000| Untracked 
|  88|0x000000043f000000, 0x000000043f000000, 0x000000043f800000|  0%| F|  |TAMS 0x000000043f000000, 0x000000043f000000| Untracked 
|  89|0x000000043f800000, 0x000000043f800000, 0x0000000440000000|  0%| F|  |TAMS 0x000000043f800000, 0x000000043f800000| Untracked 
|  90|0x0000000440000000, 0x0000000440000000, 0x0000000440800000|  0%| F|  |TAMS 0x0000000440000000, 0x0000000440000000| Untracked 
|  91|0x0000000440800000, 0x0000000440800000, 0x0000000441000000|  0%| F|  |TAMS 0x0000000440800000, 0x0000000440800000| Untracked 
|  92|0x0000000441000000, 0x0000000441000000, 0x0000000441800000|  0%| F|  |TAMS 0x0000000441000000, 0x0000000441000000| Untracked 
|  93|0x0000000441800000, 0x0000000441800000, 0x0000000442000000|  0%| F|  |TAMS 0x0000000441800000, 0x0000000441800000| Untracked 
|  94|0x0000000442000000, 0x0000000442000000, 0x0000000442800000|  0%| F|  |TAMS 0x0000000442000000, 0x0000000442000000| Untracked 
|  95|0x0000000442800000, 0x0000000442800000, 0x0000000443000000|  0%| F|  |TAMS 0x0000000442800000, 0x0000000442800000| Untracked 
|  96|0x0000000443000000, 0x0000000443000000, 0x0000000443800000|  0%| F|  |TAMS 0x0000000443000000, 0x0000000443000000| Untracked 
|  97|0x0000000443800000, 0x0000000443800000, 0x0000000444000000|  0%| F|  |TAMS 0x0000000443800000, 0x0000000443800000| Untracked 
|  98|0x0000000444000000, 0x0000000444000000, 0x0000000444800000|  0%| F|  |TAMS 0x0000000444000000, 0x0000000444000000| Untracked 
|  99|0x0000000444800000, 0x0000000444800000, 0x0000000445000000|  0%| F|  |TAMS 0x0000000444800000, 0x0000000444800000| Untracked 
| 100|0x0000000445000000, 0x0000000445000000, 0x0000000445800000|  0%| F|  |TAMS 0x0000000445000000, 0x0000000445000000| Untracked 
| 101|0x0000000445800000, 0x0000000445800000, 0x0000000446000000|  0%| F|  |TAMS 0x0000000445800000, 0x0000000445800000| Untracked 
| 102|0x0000000446000000, 0x0000000446000000, 0x0000000446800000|  0%| F|  |TAMS 0x0000000446000000, 0x0000000446000000| Untracked 
| 103|0x0000000446800000, 0x0000000446800000, 0x0000000447000000|  0%| F|  |TAMS 0x0000000446800000, 0x0000000446800000| Untracked 
| 104|0x0000000447000000, 0x0000000447000000, 0x0000000447800000|  0%| F|  |TAMS 0x0000000447000000, 0x0000000447000000| Untracked 
| 105|0x0000000447800000, 0x0000000447800000, 0x0000000448000000|  0%| F|  |TAMS 0x0000000447800000, 0x0000000447800000| Untracked 
| 106|0x0000000448000000, 0x0000000448000000, 0x0000000448800000|  0%| F|  |TAMS 0x0000000448000000, 0x0000000448000000| Untracked 
| 107|0x0000000448800000, 0x0000000448800000, 0x0000000449000000|  0%| F|  |TAMS 0x0000000448800000, 0x0000000448800000| Untracked 
| 108|0x0000000449000000, 0x0000000449000000, 0x0000000449800000|  0%| F|  |TAMS 0x0000000449000000, 0x0000000449000000| Untracked 
| 109|0x0000000449800000, 0x0000000449800000, 0x000000044a000000|  0%| F|  |TAMS 0x0000000449800000, 0x0000000449800000| Untracked 
| 110|0x000000044a000000, 0x000000044a000000, 0x000000044a800000|  0%| F|  |TAMS 0x000000044a000000, 0x000000044a000000| Untracked 
| 111|0x000000044a800000, 0x000000044a800000, 0x000000044b000000|  0%| F|  |TAMS 0x000000044a800000, 0x000000044a800000| Untracked 
| 112|0x000000044b000000, 0x000000044b000000, 0x000000044b800000|  0%| F|  |TAMS 0x000000044b000000, 0x000000044b000000| Untracked 
| 113|0x000000044b800000, 0x000000044b800000, 0x000000044c000000|  0%| F|  |TAMS 0x000000044b800000, 0x000000044b800000| Untracked 
| 114|0x000000044c000000, 0x000000044c000000, 0x000000044c800000|  0%| F|  |TAMS 0x000000044c000000, 0x000000044c000000| Untracked 
| 115|0x000000044c800000, 0x000000044c800000, 0x000000044d000000|  0%| F|  |TAMS 0x000000044c800000, 0x000000044c800000| Untracked 
| 116|0x000000044d000000, 0x000000044d000000, 0x000000044d800000|  0%| F|  |TAMS 0x000000044d000000, 0x000000044d000000| Untracked 
| 117|0x000000044d800000, 0x000000044d800000, 0x000000044e000000|  0%| F|  |TAMS 0x000000044d800000, 0x000000044d800000| Untracked 
| 118|0x000000044e000000, 0x000000044e000000, 0x000000044e800000|  0%| F|  |TAMS 0x000000044e000000, 0x000000044e000000| Untracked 
| 119|0x000000044e800000, 0x000000044e800000, 0x000000044f000000|  0%| F|  |TAMS 0x000000044e800000, 0x000000044e800000| Untracked 
| 120|0x000000044f000000, 0x000000044f000000, 0x000000044f800000|  0%| F|  |TAMS 0x000000044f000000, 0x000000044f000000| Untracked 
| 121|0x000000044f800000, 0x000000044f800000, 0x0000000450000000|  0%| F|  |TAMS 0x000000044f800000, 0x000000044f800000| Untracked 
| 122|0x0000000450000000, 0x0000000450000000, 0x0000000450800000|  0%| F|  |TAMS 0x0000000450000000, 0x0000000450000000| Untracked 
| 123|0x0000000450800000, 0x0000000450800000, 0x0000000451000000|  0%| F|  |TAMS 0x0000000450800000, 0x0000000450800000| Untracked 
| 124|0x0000000451000000, 0x00000004516ba030, 0x0000000451800000| 84%| E|  |TAMS 0x0000000451000000, 0x0000000451000000| Complete 
| 125|0x0000000451800000, 0x0000000452000000, 0x0000000452000000|100%| E|CS|TAMS 0x0000000451800000, 0x0000000451800000| Complete 

Card table byte_map: [0x00007f7d69130000,0x00007f7d6b098000] _byte_map_base: 0x00007f7d67098000

Marking Bits (Prev, Next): (CMBitMap*) 0x00007f7d7c05c940, (CMBitMap*) 0x00007f7d7c05c980
 Prev Bits: [0x00007f7d57688000, 0x00007f7d671c8000)
 Next Bits: [0x00007f7d47b48000, 0x00007f7d57688000)

Polling page: 0x00007f7d80b52000

Metaspace:

Usage:
  Non-class:     10.36 MB used.
      Class:      1.01 MB used.
       Both:     11.37 MB used.

Virtual space:
  Non-class space:       64.00 MB reserved,      10.44 MB ( 16%) committed,  1 nodes.
      Class space:        1.00 GB reserved,       1.06 MB ( <1%) committed,  1 nodes.
             Both:        1.06 GB reserved,      11.50 MB (  1%) committed. 

Chunk freelists:
   Non-Class:  1.00 MB
       Class:  2.75 MB
        Both:  3.75 MB

MaxMetaspaceSize: unlimited
CompressedClassSpaceSize: 1.00 GB
Initial GC threshold: 21.00 MB
Current GC threshold: 21.00 MB
CDS: off
MetaspaceReclaimPolicy: balanced
 - commit_granule_bytes: 65536.
 - commit_granule_words: 8192.
 - virtual_space_node_default_size: 8388608.
 - enlarge_chunks_in_place: 1.
 - new_chunks_are_fully_committed: 0.
 - uncommit_free_chunks: 1.
 - use_allocation_guard: 0.


Internal statistics:

num_allocs_failed_limit: 0.
num_arena_births: 64.
num_arena_deaths: 0.
num_vsnodes_births: 2.
num_vsnodes_deaths: 0.
num_space_committed: 184.
num_space_uncommitted: 0.
num_chunks_returned_to_freelist: 0.
num_chunks_taken_from_freelist: 135.
num_chunk_merges: 0.
num_chunk_splits: 76.
num_chunks_enlarged: 48.
num_inconsistent_stats: 0.

CodeHeap 'non-profiled nmethods': size=119752Kb used=230Kb max_used=230Kb free=119521Kb
 bounds [0x00007f7d74b0e000, 0x00007f7d74d7e000, 0x00007f7d7c000000]
CodeHeap 'profiled nmethods': size=119752Kb used=1321Kb max_used=1321Kb free=118430Kb
 bounds [0x00007f7d6d000000, 0x00007f7d6d270000, 0x00007f7d744f2000]
CodeHeap 'non-nmethods': size=6256Kb used=1234Kb max_used=1797Kb free=5021Kb
 bounds [0x00007f7d744f2000, 0x00007f7d74762000, 0x00007f7d74b0e000]
 total_blobs=1181 nmethods=754 adapters=346
 compilation: enabled
              stopped_count=0, restarted_count=0
 full_count=0

JVMCI Events (20 events):
Event: 1075.500 Thread 0x00007f7d7c1c7520 compacted oop handles in JVMCI runtime 0 from 78 to 69
Event: 1076.500 Thread 0x00007f7d7c1c7520 detaching from JVMCI runtime 0: releasing idle compiler thread (0 other threads still attached)
Event: 1076.500 Thread 0x00007f7d7c1c7520 shutting down HotSpotJVMCIRuntime for JVMCI runtime 0
Event: 1076.500 Thread 0x00007f7d7c1c7520 shut down JVMCI runtime 0
Event: 1076.503 Thread 0x00007f7d7c1c7520 destroyed JavaVM[12]@0x00007f7d01276768 for JVMCI runtime 0
Event: 1076.503 Thread 0x00007f7d7c1c7520 compacted oop handles in JVMCI runtime 0 from 69 to 69
Event: 1076.503 Thread 0x00007f7d7c1c7520 releasing handles for JVMCI runtime 0: oop handles=69, metadata handles={total=159, live=135, blocks=7}
Event: 1076.503 Thread 0x00007f7d7c1c7520 detached from JVMCI runtime 0
Event: 1980.081 Thread 0x00007f7d7c1c7520 attached to JVMCI runtime 0
Event: 1980.082 Thread 0x00007f7d7c1c7520 created JavaVM[13]@0x00007f7d01276768 for JVMCI runtime 0
Event: 1980.082 Thread 0x00007f7d7c1c7520 initializing JVMCI runtime 0
Event: 1980.082 Thread 0x00007f7d7c1c7520 done waiting for JavaVM references initialization in JVMCI runtime 0
Event: 1980.083 Thread 0x00007f7d7c1c7520 initialized JVMCI runtime 0
Event: 1981.089 Thread 0x00007f7d7c1c7520 detaching from JVMCI runtime 0: releasing idle compiler thread (0 other threads still attached)
Event: 1981.089 Thread 0x00007f7d7c1c7520 shutting down HotSpotJVMCIRuntime for JVMCI runtime 0
Event: 1981.089 Thread 0x00007f7d7c1c7520 shut down JVMCI runtime 0
Event: 1981.091 Thread 0x00007f7d7c1c7520 destroyed JavaVM[13]@0x00007f7d01276768 for JVMCI runtime 0
Event: 1981.091 Thread 0x00007f7d7c1c7520 compacted oop handles in JVMCI runtime 0 from 45 to 45
Event: 1981.091 Thread 0x00007f7d7c1c7520 releasing handles for JVMCI runtime 0: oop handles=45, metadata handles={total=96, live=79, blocks=7}
Event: 1981.091 Thread 0x00007f7d7c1c7520 detached from JVMCI runtime 0

Compilation events (20 events):
Event: 1021.060 Thread 0x00007f7d7c1c7520  745       4       java.io.DataOutputStream::writeUTF (411 bytes)
Event: 1021.076 Thread 0x00007f7d7c1c7520 nmethod 745 0x00007f7d74b42410 code [0x00007f7d74b425c0, 0x00007f7d74b42ec0]
Event: 1023.253 Thread 0x00007f7d7c1c7520  746   !   4       java.util.concurrent.locks.AbstractQueuedSynchronizer::acquire (407 bytes)
Event: 1023.268 Thread 0x00007f7d7c1c7520 nmethod 746 0x00007f7d74b43310 code [0x00007f7d74b434a0, 0x00007f7d74b43900]
Event: 1070.475 Thread 0x00007f7d7c1c7520  747       4       java.util.concurrent.locks.ReentrantLock$Sync::isHeldExclusively (16 bytes)
Event: 1070.483 Thread 0x00007f7d7c1c7520 nmethod 747 0x00007f7d74b43c10 code [0x00007f7d74b43d80, 0x00007f7d74b43e08]
Event: 1071.875 Thread 0x00007f7d7c1c7520  748       4       java.util.concurrent.TimeUnit::toNanos (45 bytes)
Event: 1071.882 Thread 0x00007f7d7c1c7520 nmethod 748 0x00007f7d74b43f10 code [0x00007f7d74b44080, 0x00007f7d74b44130]
Event: 1072.076 Thread 0x00007f7d7c1c7520  749       4       java.util.concurrent.locks.AbstractQueuedSynchronizer$ConditionObject::enableWait (84 bytes)
Event: 1072.086 Thread 0x00007f7d7c1c7520 nmethod 749 0x00007f7d74b44210 code [0x00007f7d74b44400, 0x00007f7d74b44b10]
Event: 1072.476 Thread 0x00007f7d7c1c7520  750       4       java.util.concurrent.locks.AbstractQueuedSynchronizer$Node::clearStatus (12 bytes)
Event: 1072.477 Thread 0x00007f7d7c1c7520 nmethod 750 0x00007f7d74b44e10 code [0x00007f7d74b44f80, 0x00007f7d74b44fc8]
Event: 1072.876 Thread 0x00007f7d7c1c7520  751       4       java.util.concurrent.locks.AbstractQueuedSynchronizer$ConditionObject::unlinkCancelledWaiters (91 bytes)
Event: 1072.880 Thread 0x00007f7d7c1c7520 nmethod 751 0x00007f7d74b45110 code [0x00007f7d74b452a0, 0x00007f7d74b454a8]
Event: 1074.477 Thread 0x00007f7d7c1c7520  752   !   4       java.util.concurrent.locks.LockSupport::parkNanos (56 bytes)
Event: 1074.488 Thread 0x00007f7d7c1c7520 nmethod 752 0x00007f7d74b45610 code [0x00007f7d74b457a0, 0x00007f7d74b45990]
Event: 1075.477 Thread 0x00007f7d7c1c7520  753   !   4       java.util.concurrent.ArrayBlockingQueue::poll (83 bytes)
Event: 1075.500 Thread 0x00007f7d7c1c7520 nmethod 753 0x00007f7d74b45a90 code [0x00007f7d74b45d00, 0x00007f7d74b46c30]
Event: 1980.081 Thread 0x00007f7d7c1c7520  754       4       java.lang.Thread::interrupted (7 bytes)
Event: 1980.089 Thread 0x00007f7d7c1c7520 nmethod 754 0x00007f7d74b47710 code [0x00007f7d74b478c0, 0x00007f7d74b47970]

GC Heap History (0 events):
No events

Dll operation events (6 events):
Event: 0.002 Loaded shared library /nix/store/x5f0fpif5hzy2jsjlm59x7pgf4s4nx0w-java-language-server-0.2.38/share/java/java-language-server/linux/lib/libjava.so
Event: 0.096 Loaded shared library /nix/store/x5f0fpif5hzy2jsjlm59x7pgf4s4nx0w-java-language-server-0.2.38/share/java/java-language-server/linux/lib/libjvmcicompiler.so
Event: 0.100 Loaded shared library /nix/store/x5f0fpif5hzy2jsjlm59x7pgf4s4nx0w-java-language-server-0.2.38/share/java/java-language-server/linux/lib/libnio.so
Event: 0.107 Loaded shared library /nix/store/x5f0fpif5hzy2jsjlm59x7pgf4s4nx0w-java-language-server-0.2.38/share/java/java-language-server/linux/lib/libzip.so
Event: 0.125 Loaded shared library /nix/store/x5f0fpif5hzy2jsjlm59x7pgf4s4nx0w-java-language-server-0.2.38/share/java/java-language-server/linux/lib/libjimage.so
Event: 2.233 Loaded shared library /nix/store/x5f0fpif5hzy2jsjlm59x7pgf4s4nx0w-java-language-server-0.2.38/share/java/java-language-server/linux/lib/libnet.so

Deoptimization events (20 events):
Event: 2.244 Thread 0x00007f7d7c028100 DEOPT PACKING pc=0x00007f7d6d0ddcb3 sp=0x00007f7d821dbec0
Event: 2.244 Thread 0x00007f7d7c028100 DEOPT UNPACKING pc=0x00007f7d7455c745 sp=0x00007f7d821db378 mode 0
Event: 2.244 Thread 0x00007f7d7c028100 DEOPT PACKING pc=0x00007f7d6d0ddc38 sp=0x00007f7d821dbec0
Event: 2.244 Thread 0x00007f7d7c028100 DEOPT UNPACKING pc=0x00007f7d7455c745 sp=0x00007f7d821db378 mode 0
Event: 2.245 Thread 0x00007f7d7c028100 DEOPT PACKING pc=0x00007f7d6d0ddc38 sp=0x00007f7d821dbec0
Event: 2.245 Thread 0x00007f7d7c028100 DEOPT UNPACKING pc=0x00007f7d7455c745 sp=0x00007f7d821db378 mode 0
Event: 2.246 Thread 0x00007f7d7c028100 DEOPT PACKING pc=0x00007f7d6d0ddc38 sp=0x00007f7d821dbec0
Event: 2.246 Thread 0x00007f7d7c028100 DEOPT UNPACKING pc=0x00007f7d7455c745 sp=0x00007f7d821db378 mode 0
Event: 2.247 Thread 0x00007f7d7c028100 DEOPT PACKING pc=0x00007f7d6d0ddc38 sp=0x00007f7d821dbec0
Event: 2.247 Thread 0x00007f7d7c028100 DEOPT UNPACKING pc=0x00007f7d7455c745 sp=0x00007f7d821db378 mode 0
Event: 2.247 Thread 0x00007f7d7c028100 DEOPT PACKING pc=0x00007f7d6d0ddc38 sp=0x00007f7d821dbec0
Event: 2.247 Thread 0x00007f7d7c028100 DEOPT UNPACKING pc=0x00007f7d7455c745 sp=0x00007f7d821db378 mode 0
Event: 2.248 Thread 0x00007f7d7c028100 DEOPT PACKING pc=0x00007f7d6d0ddcb3 sp=0x00007f7d821dbec0
Event: 2.249 Thread 0x00007f7d7c028100 DEOPT UNPACKING pc=0x00007f7d7455c745 sp=0x00007f7d821db378 mode 0
Event: 2.249 Thread 0x00007f7d7c028100 DEOPT PACKING pc=0x00007f7d6d0ddcb3 sp=0x00007f7d821dbec0
Event: 2.250 Thread 0x00007f7d7c028100 DEOPT UNPACKING pc=0x00007f7d7455c745 sp=0x00007f7d821db378 mode 0
Event: 2.250 Thread 0x00007f7d7c028100 DEOPT PACKING pc=0x00007f7d6d0ddcb3 sp=0x00007f7d821dbec0
Event: 2.250 Thread 0x00007f7d7c028100 DEOPT UNPACKING pc=0x00007f7d7455c745 sp=0x00007f7d821db378 mode 0
Event: 2.252 Thread 0x00007f7d7c028100 DEOPT PACKING pc=0x00007f7d6d0ddcb3 sp=0x00007f7d821dbec0
Event: 2.252 Thread 0x00007f7d7c028100 DEOPT UNPACKING pc=0x00007f7d7455c745 sp=0x00007f7d821db378 mode 0

Classes loaded (20 events):
Event: 2.943 Loading class java/lang/constant/MethodTypeDescImpl
Event: 2.943 Loading class java/lang/constant/MethodTypeDescImpl done
Event: 2.943 Loading class java/lang/constant/MethodHandleDesc
Event: 2.943 Loading class java/lang/constant/MethodHandleDesc done
Event: 2.943 Loading class java/lang/constant/MethodHandleDesc$1
Event: 2.943 Loading class java/lang/constant/MethodHandleDesc$1 done
Event: 2.943 Loading class java/lang/constant/DirectMethodHandleDescImpl
Event: 2.943 Loading class java/lang/constant/DirectMethodHandleDesc
Event: 2.943 Loading class java/lang/constant/DirectMethodHandleDesc done
Event: 2.943 Loading class java/lang/constant/DirectMethodHandleDescImpl done
Event: 2.943 Loading class java/lang/constant/DirectMethodHandleDescImpl$1
Event: 2.943 Loading class java/lang/constant/DirectMethodHandleDescImpl$1 done
Event: 2.943 Loading class java/lang/constant/DirectMethodHandleDesc$1
Event: 2.943 Loading class java/lang/constant/DirectMethodHandleDesc$1 done
Event: 2.943 Loading class java/lang/constant/PrimitiveClassDescImpl
Event: 2.943 Loading class java/lang/constant/DynamicConstantDesc
Event: 2.943 Loading class java/lang/constant/DynamicConstantDesc done
Event: 2.943 Loading class java/lang/constant/PrimitiveClassDescImpl done
Event: 2.943 Loading class java/lang/constant/DynamicConstantDesc$AnonymousDynamicConstantDesc
Event: 2.943 Loading class java/lang/constant/DynamicConstantDesc$AnonymousDynamicConstantDesc done

Classes unloaded (0 events):
No events

Classes redefined (0 events):
No events

Internal exceptions (5 events):
Event: 0.128 Thread 0x00007f7d7c028100 Exception <a 'java/lang/NoSuchMethodError'{0x0000000451ec8440}: 'int java.lang.invoke.DirectMethodHandle$Holder.invokeSpecial(java.lang.Object, java.lang.Object, java.lang.Object)'> (0x0000000451ec8440) 
thrown [src/hotspot/share/interpreter/linkResolver.cpp, line 773]
Event: 0.189 Thread 0x00007f7d7c028100 Exception <a 'java/lang/NoSuchMethodError'{0x000000045109fce0}: 'java.lang.Object java.lang.invoke.DirectMethodHandle$Holder.invokeStaticInit(java.lang.Object)'> (0x000000045109fce0) 
thrown [src/hotspot/share/interpreter/linkResolver.cpp, line 773]
Event: 0.192 Thread 0x00007f7d7c028100 Exception <a 'java/lang/NoSuchMethodError'{0x00000004510aab00}: 'void java.lang.invoke.DirectMethodHandle$Holder.invokeSpecial(java.lang.Object, java.lang.Object, java.lang.Object)'> (0x00000004510aab00) 
thrown [src/hotspot/share/interpreter/linkResolver.cpp, line 773]
Event: 0.210 Thread 0x00007f7d7c028100 Exception <a 'java/lang/ClassNotFoundException'{0x00000004510f01a0}: sun/util/logging/resources/spi/loggingProvider> (0x00000004510f01a0) 
thrown [src/hotspot/share/classfile/systemDictionary.cpp, line 255]
Event: 2.186 Thread 0x00007f7d7c360950 Exception <a 'java/lang/NoSuchMethodError'{0x000000045111e730}: 'void java.lang.invoke.Invokers$Holder.invokeExact_MT(java.lang.Object, java.lang.Object, java.lang.Object, java.lang.Object)'> (0x000000045111e730) 
thrown [src/hotspot/share/interpreter/linkResolver.cpp, line 773]

VM Operations (20 events):
Event: 2.196 Executing VM operation: HandshakeAllThreads
Event: 2.196 Executing VM operation: HandshakeAllThreads done
Event: 2.196 Executing VM operation: Cleanup
Event: 2.196 Executing VM operation: Cleanup done
Event: 2.196 Executing VM operation: HandshakeAllThreads
Event: 2.196 Executing VM operation: HandshakeAllThreads done
Event: 2.263 Executing VM operation: HandshakeAllThreads
Event: 2.263 Executing VM operation: HandshakeAllThreads done
Event: 3.264 Executing VM operation: Cleanup
Event: 3.264 Executing VM operation: Cleanup done
Event: 53.268 Executing VM operation: Cleanup
Event: 53.268 Executing VM operation: Cleanup done
Event: 60.268 Executing VM operation: Cleanup
Event: 60.268 Executing VM operation: Cleanup done
Event: 128.273 Executing VM operation: Cleanup
Event: 128.273 Executing VM operation: Cleanup done
Event: 255.283 Executing VM operation: Cleanup
Event: 255.283 Executing VM operation: Cleanup done
Event: 1071.346 Executing VM operation: Cleanup
Event: 1071.346 Executing VM operation: Cleanup done

Events (20 events):
Event: 0.037 Thread 0x00007f7d7c1c5ab0 Thread added: 0x00007f7d7c1c5ab0
Event: 0.037 Protecting memory [0x00007f7d4482d000,0x00007f7d44831000] with protection modes 0
Event: 0.037 Thread 0x00007f7d7c1c7520 Thread added: 0x00007f7d7c1c7520
Event: 0.037 Protecting memory [0x00007f7d44600000,0x00007f7d44604000] with protection modes 0
Event: 0.037 Thread 0x00007f7d7c1c8a60 Thread added: 0x00007f7d7c1c8a60
Event: 0.037 Protecting memory [0x00007f7d44400000,0x00007f7d44404000] with protection modes 0
Event: 0.038 Thread 0x00007f7d7c1c9f30 Thread added: 0x00007f7d7c1c9f30
Event: 0.038 Protecting memory [0x00007f7d44300000,0x00007f7d44304000] with protection modes 0
Event: 0.077 Thread 0x00007f7d7c258c50 Thread added: 0x00007f7d7c258c50
Event: 0.077 Protecting memory [0x00007f7d44200000,0x00007f7d44204000] with protection modes 0
Event: 0.087 Thread 0x00007f7d100b7270 Thread added: 0x00007f7d100b7270
Event: 0.088 Protecting memory [0x00007f7d03e00000,0x00007f7d03e04000] with protection modes 0
Event: 0.093 Thread 0x00007f7d7c279760 Thread added: 0x00007f7d7c279760
Event: 0.093 Protecting memory [0x00007f7d44100000,0x00007f7d44104000] with protection modes 0
Event: 0.188 Thread 0x00007f7d7c360950 Thread added: 0x00007f7d7c360950
Event: 0.188 Protecting memory [0x00007f7d03bfe000,0x00007f7d03c02000] with protection modes 0
Event: 2.180 Thread 0x00007f7d100b7270 Thread exited: 0x00007f7d100b7270
Event: 2.200 Thread 0x00007f7d1011c310 Thread added: 0x00007f7d1011c310
Event: 2.200 Protecting memory [0x00007f7d03e00000,0x00007f7d03e04000] with protection modes 0
Event: 9.747 Thread 0x00007f7d1011c310 Thread exited: 0x00007f7d1011c310


Dynamic libraries:
413000000-452000000 rw-p 00000000 00:00 0 
452000000-800000000 ---p 00000000 00:00 0 
800000000-800020000 rw-p 00000000 00:00 0 
800020000-800040000 rw-p 00000000 00:00 0 
800040000-8000c0000 rw-p 00000000 00:00 0 
8000c0000-800110000 rw-p 00000000 00:00 0 
800110000-840000000 ---p 00000000 00:00 0 
559e12ee6000-559e12ee7000 r-xp 00000000 00:362 1151133                   /nix/store/x5f0fpif5hzy2jsjlm59x7pgf4s4nx0w-java-language-server-0.2.38/share/java/java-language-server/linux/bin/java
559e12ee8000-559e12ee9000 r--p 00001000 00:362 1151133                   /nix/store/x5f0fpif5hzy2jsjlm59x7pgf4s4nx0w-java-language-server-0.2.38/share/java/java-language-server/linux/bin/java
559e12ee9000-559e12eea000 rw-p 00002000 00:362 1151133                   /nix/store/x5f0fpif5hzy2jsjlm59x7pgf4s4nx0w-java-language-server-0.2.38/share/java/java-language-server/linux/bin/java
559e28ee9000-559e28f31000 rw-p 00000000 00:00 0                          [heap]
7f7cec000000-7f7cec021000 rw-p 00000000 00:00 0 
7f7cec021000-7f7cf0000000 ---p 00000000 00:00 0 
7f7cf4000000-7f7cf4021000 rw-p 00000000 00:00 0 
7f7cf4021000-7f7cf8000000 ---p 00000000 00:00 0 
7f7cf8000000-7f7cf8024000 rw-p 00000000 00:00 0 
7f7cf8024000-7f7cfc000000 ---p 00000000 00:00 0 
7f7cfc000000-7f7cfc0aa000 rw-p 00000000 00:00 0 
7f7cfc0aa000-7f7d00000000 ---p 00000000 00:00 0 
7f7d000ff000-7f7d00200000 rw-p 00000000 00:00 0 
7f7d01418000-7f7d01800000 rw-p 00000000 00:00 0 
7f7d01800000-7f7d039b7000 r-xp 00000000 00:362 1151238                   /nix/store/x5f0fpif5hzy2jsjlm59x7pgf4s4nx0w-java-language-server-0.2.38/share/java/java-language-server/linux/lib/libjvmcicompiler.so
7f7d039b7000-7f7d03bb6000 ---p 021b7000 00:362 1151238                   /nix/store/x5f0fpif5hzy2jsjlm59x7pgf4s4nx0w-java-language-server-0.2.38/share/java/java-language-server/linux/lib/libjvmcicompiler.so
7f7d03bb6000-7f7d03bb7000 r--p 021b6000 00:362 1151238                   /nix/store/x5f0fpif5hzy2jsjlm59x7pgf4s4nx0w-java-language-server-0.2.38/share/java/java-language-server/linux/lib/libjvmcicompiler.so
7f7d03bb7000-7f7d03bba000 rw-p 021b7000 00:362 1151238                   /nix/store/x5f0fpif5hzy2jsjlm59x7pgf4s4nx0w-java-language-server-0.2.38/share/java/java-language-server/linux/lib/libjvmcicompiler.so
7f7d03bba000-7f7d03bbf000 rw-p 02418000 00:362 1151238                   /nix/store/x5f0fpif5hzy2jsjlm59x7pgf4s4nx0w-java-language-server-0.2.38/share/java/java-language-server/linux/lib/libjvmcicompiler.so
7f7d03bfe000-7f7d03c02000 ---p 00000000 00:00 0 
7f7d03c02000-7f7d03cfe000 rw-p 00000000 00:00 0 
7f7d03cfe000-7f7d03cff000 ---p 00000000 00:00 0 
7f7d03cff000-7f7d03e00000 rw-p 00000000 00:00 0 
7f7d03e00000-7f7d03e04000 ---p 00000000 00:00 0 
7f7d03e04000-7f7d04000000 rw-p 00000000 00:00 0 
7f7d04000000-7f7d04021000 rw-p 00000000 00:00 0 
7f7d04021000-7f7d08000000 ---p 00000000 00:00 0 
7f7d08000000-7f7d08021000 rw-p 00000000 00:00 0 
7f7d08021000-7f7d0c000000 ---p 00000000 00:00 0 
7f7d0c000000-7f7d0c04b000 rw-p 00000000 00:00 0 
7f7d0c04b000-7f7d10000000 ---p 00000000 00:00 0 
7f7d10000000-7f7d101b6000 rw-p 00000000 00:00 0 
7f7d101b6000-7f7d14000000 ---p 00000000 00:00 0 
7f7d14000000-7f7d14021000 rw-p 00000000 00:00 0 
7f7d14021000-7f7d18000000 ---p 00000000 00:00 0 
7f7d18000000-7f7d18021000 rw-p 00000000 00:00 0 
7f7d18021000-7f7d1c000000 ---p 00000000 00:00 0 
7f7d1c000000-7f7d1c021000 rw-p 00000000 00:00 0 
7f7d1c021000-7f7d20000000 ---p 00000000 00:00 0 
7f7d20000000-7f7d20021000 rw-p 00000000 00:00 0 
7f7d20021000-7f7d24000000 ---p 00000000 00:00 0 
7f7d24000000-7f7d24021000 rw-p 00000000 00:00 0 
7f7d24021000-7f7d28000000 ---p 00000000 00:00 0 
7f7d28000000-7f7d28021000 rw-p 00000000 00:00 0 
7f7d28021000-7f7d2c000000 ---p 00000000 00:00 0 
7f7d2c000000-7f7d2c500000 rw-p 00000000 00:00 0 
7f7d2c500000-7f7d2c520000 rw-p 00000000 00:00 0 
7f7d2c520000-7f7d2c540000 rw-p 00000000 00:00 0 
7f7d2c540000-7f7d2c580000 rw-p 00000000 00:00 0 
7f7d2c580000-7f7d2c700000 rw-p 00000000 00:00 0 
7f7d2c700000-7f7d2c780000 rw-p 00000000 00:00 0 
7f7d2c780000-7f7d2c800000 rw-p 00000000 00:00 0 
7f7d2c800000-7f7d2c840000 rw-p 00000000 00:00 0 
7f7d2c840000-7f7d2c880000 rw-p 00000000 00:00 0 
7f7d2c880000-7f7d2c900000 rw-p 00000000 00:00 0 
7f7d2c900000-7f7d2ca70000 rw-p 00000000 00:00 0 
7f7d2ca70000-7f7d30000000 ---p 00000000 00:00 0 
7f7d30000000-7f7d30021000 rw-p 00000000 00:00 0 
7f7d30021000-7f7d34000000 ---p 00000000 00:00 0 
7f7d34000000-7f7d34021000 rw-p 00000000 00:00 0 
7f7d34021000-7f7d38000000 ---p 00000000 00:00 0 
7f7d38000000-7f7d38021000 rw-p 00000000 00:00 0 
7f7d38021000-7f7d3c000000 ---p 00000000 00:00 0 
7f7d3c000000-7f7d3c021000 rw-p 00000000 00:00 0 
7f7d3c021000-7f7d40000000 ---p 00000000 00:00 0 
7f7d40000000-7f7d40021000 rw-p 00000000 00:00 0 
7f7d40021000-7f7d44000000 ---p 00000000 00:00 0 
7f7d4409e000-7f7d44100000 rw-p 00000000 00:00 0 
7f7d44100000-7f7d44104000 ---p 00000000 00:00 0 
7f7d44104000-7f7d44200000 rw-p 00000000 00:00 0 
7f7d44200000-7f7d44204000 ---p 00000000 00:00 0 
7f7d44204000-7f7d44300000 rw-p 00000000 00:00 0 
7f7d44300000-7f7d44304000 ---p 00000000 00:00 0 
7f7d44304000-7f7d44400000 rw-p 00000000 00:00 0 
7f7d44400000-7f7d44404000 ---p 00000000 00:00 0 
7f7d44404000-7f7d44600000 rw-p 00000000 00:00 0 
7f7d44600000-7f7d44604000 ---p 00000000 00:00 0 
7f7d44604000-7f7d44800000 rw-p 00000000 00:00 0 
7f7d4481d000-7f7d4482b000 r-xp 00000000 00:362 1151239                   /nix/store/x5f0fpif5hzy2jsjlm59x7pgf4s4nx0w-java-language-server-0.2.38/share/java/java-language-server/linux/lib/libnet.so
7f7d4482b000-7f7d4482c000 r--p 0000d000 00:362 1151239                   /nix/store/x5f0fpif5hzy2jsjlm59x7pgf4s4nx0w-java-language-server-0.2.38/share/java/java-language-server/linux/lib/libnet.so
7f7d4482c000-7f7d4482d000 rw-p 0000e000 00:362 1151239                   /nix/store/x5f0fpif5hzy2jsjlm59x7pgf4s4nx0w-java-language-server-0.2.38/share/java/java-language-server/linux/lib/libnet.so
7f7d4482d000-7f7d44831000 ---p 00000000 00:00 0 
7f7d44831000-7f7d4492d000 rw-p 00000000 00:00 0 
7f7d4492d000-7f7d44931000 ---p 00000000 00:00 0 
7f7d44931000-7f7d44a2d000 rw-p 00000000 00:00 0 
7f7d44a2d000-7f7d44a31000 ---p 00000000 00:00 0 
7f7d44a31000-7f7d44b2d000 rw-p 00000000 00:00 0 
7f7d44b2d000-7f7d44b31000 ---p 00000000 00:00 0 
7f7d44b31000-7f7d44c2d000 rw-p 00000000 00:00 0 
7f7d44c2d000-7f7d44c31000 ---p 00000000 00:00 0 
7f7d44c31000-7f7d44d2d000 rw-p 00000000 00:00 0 
7f7d44d2d000-7f7d45018000 r--p 00000000 00:326 1458539                   /usr/lib/locale/locale-archive
7f7d45018000-7f7d45019000 ---p 00000000 00:00 0 
7f7d45019000-7f7d4511a000 rw-p 00000000 00:00 0 
7f7d4511a000-7f7d451f6000 rw-p 00000000 00:00 0 
7f7d451f6000-7f7d451f7000 ---p 00000000 00:00 0 
7f7d451f7000-7f7d452f8000 rw-p 00000000 00:00 0 
7f7d452f8000-7f7d452f9000 ---p 00000000 00:00 0 
7f7d452f9000-7f7d453fa000 rw-p 00000000 00:00 0 
7f7d453fa000-7f7d47a00000 rw-p 00000000 00:00 0 
7f7d47a05000-7f7d47a46000 rw-p 00000000 00:00 0 
7f7d47a46000-7f7d47a47000 ---p 00000000 00:00 0 
7f7d47a47000-7f7d47b48000 rw-p 00000000 00:00 0 
7f7d47b48000-7f7d48b08000 rw-p 00000000 00:00 0 
7f7d48b08000-7f7d57688000 ---p 00000000 00:00 0 
7f7d57688000-7f7d58648000 rw-p 00000000 00:00 0 
7f7d58648000-7f7d671c8000 ---p 00000000 00:00 0 
7f7d671c8000-7f7d673c0000 rw-p 00000000 00:00 0 
7f7d673c0000-7f7d69130000 ---p 00000000 00:00 0 
7f7d69130000-7f7d69328000 rw-p 00000000 00:00 0 
7f7d69328000-7f7d6b098000 ---p 00000000 00:00 0 
7f7d6b098000-7f7d6b290000 rw-p 00000000 00:00 0 
7f7d6b290000-7f7d6d000000 ---p 00000000 00:00 0 
7f7d6d000000-7f7d6d270000 rwxp 00000000 00:00 0 
7f7d6d270000-7f7d744f2000 ---p 00000000 00:00 0 
7f7d744f2000-7f7d74762000 rwxp 00000000 00:00 0 
7f7d74762000-7f7d74b0e000 ---p 00000000 00:00 0 
7f7d74b0e000-7f7d74d7e000 rwxp 00000000 00:00 0 
7f7d74d7e000-7f7d7c000000 ---p 00000000 00:00 0 
7f7d7c000000-7f7d7c43f000 rw-p 00000000 00:00 0 
7f7d7c43f000-7f7d80000000 ---p 00000000 00:00 0 
7f7d80004000-7f7d8000b000 r--s 00000000 00:326 1458804                   /usr/lib/x86_64-linux-gnu/gconv/gconv-modules.cache
7f7d8000b000-7f7d8001e000 r-xp 00000000 00:362 1151240                   /nix/store/x5f0fpif5hzy2jsjlm59x7pgf4s4nx0w-java-language-server-0.2.38/share/java/java-language-server/linux/lib/libnio.so
7f7d8001e000-7f7d8001f000 r--p 00012000 00:362 1151240                   /nix/store/x5f0fpif5hzy2jsjlm59x7pgf4s4nx0w-java-language-server-0.2.38/share/java/java-language-server/linux/lib/libnio.so
7f7d8001f000-7f7d80020000 rw-p 00013000 00:362 1151240                   /nix/store/x5f0fpif5hzy2jsjlm59x7pgf4s4nx0w-java-language-server-0.2.38/share/java/java-language-server/linux/lib/libnio.so
7f7d80020000-7f7d80021000 ---p 00000000 00:00 0 
7f7d80021000-7f7d80122000 rw-p 00000000 00:00 0 
7f7d80122000-7f7d80123000 ---p 00000000 00:00 0 
7f7d80123000-7f7d80224000 rw-p 00000000 00:00 0 
7f7d80224000-7f7d8096e000 rw-p 00000000 00:00 0 
7f7d8096e000-7f7d80a53000 ---p 00000000 00:00 0 
7f7d80a53000-7f7d80a58000 rw-p 00000000 00:00 0 
7f7d80a58000-7f7d80b3d000 ---p 00000000 00:00 0 
7f7d80b3d000-7f7d80b42000 rw-p 00000000 00:00 0 
7f7d80b42000-7f7d80b4a000 ---p 00000000 00:00 0 
7f7d80b4a000-7f7d80b52000 rw-s 00000000 00:323 22873                     /tmp/hsperfdata_runner/6757
7f7d80b52000-7f7d80b53000 ---p 00000000 00:00 0 
7f7d80b53000-7f7d80b54000 r--p 00000000 00:00 0 
7f7d80b54000-7f7d80b7a000 r-xp 00000000 00:362 1151233                   /nix/store/x5f0fpif5hzy2jsjlm59x7pgf4s4nx0w-java-language-server-0.2.38/share/java/java-language-server/linux/lib/libjava.so
7f7d80b7a000-7f7d80b7b000 r--p 00025000 00:362 1151233                   /nix/store/x5f0fpif5hzy2jsjlm59x7pgf4s4nx0w-java-language-server-0.2.38/share/java/java-language-server/linux/lib/libjava.so
7f7d80b7b000-7f7d80b7c000 rw-p 00026000 00:362 1151233                   /nix/store/x5f0fpif5hzy2jsjlm59x7pgf4s4nx0w-java-language-server-0.2.38/share/java/java-language-server/linux/lib/libjava.so
7f7d80b7c000-7f7d80b7d000 rw-p 00000000 00:00 0 
7f7d80b7d000-7f7d80b84000 r-xp 00000000 00:362 1151243                   /nix/store/x5f0fpif5hzy2jsjlm59x7pgf4s4nx0w-java-language-server-0.2.38/share/java/java-language-server/linux/lib/libzip.so
7f7d80b84000-7f7d80b85000 ---p 00007000 00:362 1151243                   /nix/store/x5f0fpif5hzy2jsjlm59x7pgf4s4nx0w-java-language-server-0.2.38/share/java/java-language-server/linux/lib/libzip.so
7f7d80b85000-7f7d80b86000 r--p 00007000 00:362 1151243                   /nix/store/x5f0fpif5hzy2jsjlm59x7pgf4s4nx0w-java-language-server-0.2.38/share/java/java-language-server/linux/lib/libzip.so
7f7d80b86000-7f7d80b87000 rw-p 00008000 00:362 1151243                   /nix/store/x5f0fpif5hzy2jsjlm59x7pgf4s4nx0w-java-language-server-0.2.38/share/java/java-language-server/linux/lib/libzip.so
7f7d80b87000-7f7d820c1000 r--s 00000000 00:362 1151244                   /nix/store/x5f0fpif5hzy2jsjlm59x7pgf4s4nx0w-java-language-server-0.2.38/share/java/java-language-server/linux/lib/modules
7f7d820c1000-7f7d820dc000 r-xp 00000000 00:362 1151235                   /nix/store/x5f0fpif5hzy2jsjlm59x7pgf4s4nx0w-java-language-server-0.2.38/share/java/java-language-server/linux/lib/libjimage.so
7f7d820dc000-7f7d820dd000 ---p 0001b000 00:362 1151235                   /nix/store/x5f0fpif5hzy2jsjlm59x7pgf4s4nx0w-java-language-server-0.2.38/share/java/java-language-server/linux/lib/libjimage.so
7f7d820dd000-7f7d820df000 r--p 0001b000 00:362 1151235                   /nix/store/x5f0fpif5hzy2jsjlm59x7pgf4s4nx0w-java-language-server-0.2.38/share/java/java-language-server/linux/lib/libjimage.so
7f7d820df000-7f7d820e0000 rw-p 0001d000 00:362 1151235                   /nix/store/x5f0fpif5hzy2jsjlm59x7pgf4s4nx0w-java-language-server-0.2.38/share/java/java-language-server/linux/lib/libjimage.so
7f7d820e0000-7f7d820e4000 ---p 00000000 00:00 0 
7f7d820e4000-7f7d821e0000 rw-p 00000000 00:00 0 
7f7d821e0000-7f7d821f0000 r--p 00000000 00:326 1458862                   /usr/lib/x86_64-linux-gnu/libm.so.6
7f7d821f0000-7f7d8226f000 r-xp 00010000 00:326 1458862                   /usr/lib/x86_64-linux-gnu/libm.so.6
7f7d8226f000-7f7d822c7000 r--p 0008f000 00:326 1458862                   /usr/lib/x86_64-linux-gnu/libm.so.6
7f7d822c7000-7f7d822c8000 r--p 000e7000 00:326 1458862                   /usr/lib/x86_64-linux-gnu/libm.so.6
7f7d822c8000-7f7d822c9000 rw-p 000e8000 00:326 1458862                   /usr/lib/x86_64-linux-gnu/libm.so.6
7f7d822c9000-7f7d822ca000 r--p 00000000 00:326 1458881                   /usr/lib/x86_64-linux-gnu/librt.so.1
7f7d822ca000-7f7d822cb000 r-xp 00001000 00:326 1458881                   /usr/lib/x86_64-linux-gnu/librt.so.1
7f7d822cb000-7f7d822cc000 r--p 00002000 00:326 1458881                   /usr/lib/x86_64-linux-gnu/librt.so.1
7f7d822cc000-7f7d822cd000 r--p 00002000 00:326 1458881                   /usr/lib/x86_64-linux-gnu/librt.so.1
7f7d822cd000-7f7d822ce000 rw-p 00003000 00:326 1458881                   /usr/lib/x86_64-linux-gnu/librt.so.1
7f7d822ce000-7f7d834b3000 r-xp 00000000 00:362 1151252                   /nix/store/x5f0fpif5hzy2jsjlm59x7pgf4s4nx0w-java-language-server-0.2.38/share/java/java-language-server/linux/lib/server/libjvm.so
7f7d834b3000-7f7d8357d000 r--p 011e4000 00:362 1151252                   /nix/store/x5f0fpif5hzy2jsjlm59x7pgf4s4nx0w-java-language-server-0.2.38/share/java/java-language-server/linux/lib/server/libjvm.so
7f7d8357d000-7f7d835b2000 rw-p 012ae000 00:362 1151252                   /nix/store/x5f0fpif5hzy2jsjlm59x7pgf4s4nx0w-java-language-server-0.2.38/share/java/java-language-server/linux/lib/server/libjvm.so
7f7d835b2000-7f7d8360f000 rw-p 00000000 00:00 0 
7f7d8360f000-7f7d83637000 r--p 00000000 00:326 1458827                   /usr/lib/x86_64-linux-gnu/libc.so.6
7f7d83637000-7f7d837bf000 r-xp 00028000 00:326 1458827                   /usr/lib/x86_64-linux-gnu/libc.so.6
7f7d837bf000-7f7d8380e000 r--p 001b0000 00:326 1458827                   /usr/lib/x86_64-linux-gnu/libc.so.6
7f7d8380e000-7f7d83812000 r--p 001fe000 00:326 1458827                   /usr/lib/x86_64-linux-gnu/libc.so.6
7f7d83812000-7f7d83814000 rw-p 00202000 00:326 1458827                   /usr/lib/x86_64-linux-gnu/libc.so.6
7f7d83814000-7f7d83821000 rw-p 00000000 00:00 0 
7f7d83821000-7f7d83822000 r--p 00000000 00:326 1458835                   /usr/lib/x86_64-linux-gnu/libdl.so.2
7f7d83822000-7f7d83823000 r-xp 00001000 00:326 1458835                   /usr/lib/x86_64-linux-gnu/libdl.so.2
7f7d83823000-7f7d83824000 r--p 00002000 00:326 1458835                   /usr/lib/x86_64-linux-gnu/libdl.so.2
7f7d83824000-7f7d83825000 r--p 00002000 00:326 1458835                   /usr/lib/x86_64-linux-gnu/libdl.so.2
7f7d83825000-7f7d83826000 rw-p 00003000 00:326 1458835                   /usr/lib/x86_64-linux-gnu/libdl.so.2
7f7d83826000-7f7d83827000 r--p 00000000 00:326 1458879                   /usr/lib/x86_64-linux-gnu/libpthread.so.0
7f7d83827000-7f7d83828000 r-xp 00001000 00:326 1458879                   /usr/lib/x86_64-linux-gnu/libpthread.so.0
7f7d83828000-7f7d83829000 r--p 00002000 00:326 1458879                   /usr/lib/x86_64-linux-gnu/libpthread.so.0
7f7d83829000-7f7d8382a000 r--p 00002000 00:326 1458879                   /usr/lib/x86_64-linux-gnu/libpthread.so.0
7f7d8382a000-7f7d8382b000 rw-p 00003000 00:326 1458879                   /usr/lib/x86_64-linux-gnu/libpthread.so.0
7f7d8382b000-7f7d83839000 r-xp 00000000 00:362 1151236                   /nix/store/x5f0fpif5hzy2jsjlm59x7pgf4s4nx0w-java-language-server-0.2.38/share/java/java-language-server/linux/lib/libjli.so
7f7d83839000-7f7d8383a000 ---p 0000e000 00:362 1151236                   /nix/store/x5f0fpif5hzy2jsjlm59x7pgf4s4nx0w-java-language-server-0.2.38/share/java/java-language-server/linux/lib/libjli.so
7f7d8383a000-7f7d8383b000 r--p 0000e000 00:362 1151236                   /nix/store/x5f0fpif5hzy2jsjlm59x7pgf4s4nx0w-java-language-server-0.2.38/share/java/java-language-server/linux/lib/libjli.so
7f7d8383b000-7f7d8383c000 rw-p 0000f000 00:362 1151236                   /nix/store/x5f0fpif5hzy2jsjlm59x7pgf4s4nx0w-java-language-server-0.2.38/share/java/java-language-server/linux/lib/libjli.so
7f7d8383c000-7f7d8383e000 rw-p 00000000 00:00 0 
7f7d8383e000-7f7d83840000 r--p 00000000 00:326 1451327                   /usr/lib/x86_64-linux-gnu/libz.so.1.3
7f7d83840000-7f7d83852000 r-xp 00002000 00:326 1451327                   /usr/lib/x86_64-linux-gnu/libz.so.1.3
7f7d83852000-7f7d83858000 r--p 00014000 00:326 1451327                   /usr/lib/x86_64-linux-gnu/libz.so.1.3
7f7d83858000-7f7d83859000 r--p 0001a000 00:326 1451327                   /usr/lib/x86_64-linux-gnu/libz.so.1.3
7f7d83859000-7f7d8385a000 rw-p 0001b000 00:326 1451327                   /usr/lib/x86_64-linux-gnu/libz.so.1.3
7f7d8385b000-7f7d8385c000 ---p 00000000 00:00 0 
7f7d8385c000-7f7d8385d000 r--p 00000000 00:362 1033022                   /nix/store/sj11ljhx4n79h9g0167f8lg8hp7n545m-replit_rtld_loader-1/rtld_loader.so
7f7d8385d000-7f7d8385f000 r-xp 00001000 00:362 1033022                   /nix/store/sj11ljhx4n79h9g0167f8lg8hp7n545m-replit_rtld_loader-1/rtld_loader.so
7f7d8385f000-7f7d83860000 r--p 00003000 00:362 1033022                   /nix/store/sj11ljhx4n79h9g0167f8lg8hp7n545m-replit_rtld_loader-1/rtld_loader.so
7f7d83860000-7f7d83861000 r--p 00003000 00:362 1033022                   /nix/store/sj11ljhx4n79h9g0167f8lg8hp7n545m-replit_rtld_loader-1/rtld_loader.so
7f7d83861000-7f7d83862000 rw-p 00004000 00:362 1033022                   /nix/store/sj11ljhx4n79h9g0167f8lg8hp7n545m-replit_rtld_loader-1/rtld_loader.so
7f7d83862000-7f7d8387a000 rw-p 00000000 00:00 0 
7f7d8387a000-7f7d8387c000 r--p 00000000 00:00 0                          [vvar]
7f7d8387c000-7f7d8387e000 r--p 00000000 00:00 0                          [vvar_vclock]
7f7d8387e000-7f7d83880000 r-xp 00000000 00:00 0                          [vdso]
7f7d83880000-7f7d83881000 r--p 00000000 00:326 1458818                   /usr/lib/x86_64-linux-gnu/ld-linux-x86-64.so.2
7f7d83881000-7f7d838ac000 r-xp 00001000 00:326 1458818                   /usr/lib/x86_64-linux-gnu/ld-linux-x86-64.so.2
7f7d838ac000-7f7d838b6000 r--p 0002c000 00:326 1458818                   /usr/lib/x86_64-linux-gnu/ld-linux-x86-64.so.2
7f7d838b6000-7f7d838b8000 r--p 00036000 00:326 1458818                   /usr/lib/x86_64-linux-gnu/ld-linux-x86-64.so.2
7f7d838b8000-7f7d838ba000 rw-p 00038000 00:326 1458818                   /usr/lib/x86_64-linux-gnu/ld-linux-x86-64.so.2
7ffebaa09000-7ffebaa2d000 rw-p 00000000 00:00 0                          [stack]
ffffffffff600000-ffffffffff601000 --xp 00000000 00:00 0                  [vsyscall]


VM Arguments:
jvm_args: -XX:ThreadPriorityPolicy=1 -XX:+UnlockExperimentalVMOptions -XX:+EnableJVMCIProduct -XX:JVMCIThreadsPerNativeLibraryRuntime=1 -XX:-UnlockExperimentalVMOptions --add-exports=jdk.compiler/com.sun.tools.javac.api=ALL-UNNAMED --add-exports=jdk.compiler/com.sun.tools.javac.code=ALL-UNNAMED --add-exports=jdk.compiler/com.sun.tools.javac.comp=ALL-UNNAMED --add-exports=jdk.compiler/com.sun.tools.javac.main=ALL-UNNAMED --add-exports=jdk.compiler/com.sun.tools.javac.tree=ALL-UNNAMED --add-exports=jdk.compiler/com.sun.tools.javac.model=ALL-UNNAMED --add-exports=jdk.compiler/com.sun.tools.javac.util=ALL-UNNAMED --add-opens=jdk.compiler/com.sun.tools.javac.api=ALL-UNNAMED 
java_command: org.javacs.Main
java_class_path (initial): /nix/store/x5f0fpif5hzy2jsjlm59x7pgf4s4nx0w-java-language-server-0.2.38/share/java/java-language-server/classpath/gson-2.8.9.jar:/nix/store/x5f0fpif5hzy2jsjlm59x7pgf4s4nx0w-java-language-server-0.2.38/share/java/java-language-server/classpath/protobuf-java-3.19.3.jar:/nix/store/x5f0fpif5hzy2jsjlm59x7pgf4s4nx0w-java-language-server-0.2.38/share/java/java-language-server/classpath/java-language-server.jar
Launcher Type: SUN_STANDARD

[Global flags]
     intx CICompilerCount                          = 3                                         {product} {ergonomic}
     uint ConcGCThreads                            = 2                                         {product} {ergonomic}
     bool EnableJVMCIProduct                       = true                                {JVMCI product} {jimage}
     uint G1ConcRefinementThreads                  = 6                                         {product} {ergonomic}
   size_t G1HeapRegionSize                         = 8388608                                   {product} {ergonomic}
    uintx GCDrainStackTargetSize                   = 64                                        {product} {ergonomic}
   size_t InitialHeapSize                          = 1056964608                                {product} {ergonomic}
     uint JVMCIThreadsPerNativeLibraryRuntime      = 1                                   {JVMCI product} {jimage}
   size_t MarkStackSize                            = 4194304                                   {product} {ergonomic}
   size_t MaxHeapSize                              = 16861102080                               {product} {ergonomic}
   size_t MaxNewSize                               = 10116661248                               {product} {ergonomic}
   size_t MinHeapDeltaBytes                        = 8388608                                   {product} {ergonomic}
   size_t MinHeapSize                              = 8388608                                   {product} {ergonomic}
    uintx NonNMethodCodeHeapSize                   = 6402904                                {pd product} {ergonomic}
    uintx NonProfiledCodeHeapSize                  = 122627668                              {pd product} {ergonomic}
    uintx ProfiledCodeHeapSize                     = 122627668                              {pd product} {ergonomic}
    uintx ReservedCodeCacheSize                    = 251658240                              {pd product} {ergonomic}
     bool SegmentedCodeCache                       = true                                      {product} {ergonomic}
   size_t SoftMaxHeapSize                          = 16861102080                            {manageable} {ergonomic}
     intx ThreadPriorityPolicy                     = 1                                         {product} {jimage}
     bool UseCompressedClassPointers               = true                           {product lp64_product} {ergonomic}
     bool UseCompressedOops                        = true                           {product lp64_product} {ergonomic}
     bool UseG1GC                                  = true                                      {product} {ergonomic}

Logging:
Log output configuration:
 #0: stdout all=warning uptime,level,tags foldmultilines=false
 #1: stderr all=off uptime,level,tags foldmultilines=false

Environment Variables:
PATH=/nix/store/b1kq183rmmiv453fn6f8bfmi1drxvxba-npx/bin:/home/runner/workspace/.config/npm/node_global/bin:/home/runner/workspace/node_modules/.bin:/nix/store/1lagpgadaybvs1n2312gysg2phjk89y8-nodejs-20.20.0-wrapped/bin:/nix/store/1xk3mgscq548ypyrgm2n5kwdii92w9ql-bun-1.3.6/bin:/nix/store/61lr9izijvg30pcribjdxgjxvh3bysp4-pnpm-10.26.1/bin:/nix/store/23078nfww258q1vjxbmyak0svvxcvj4s-yarn-1.22.22/bin:/nix/store/8sa75mbvbn3kxicggyyjggmkigvzddks-prettier-3.6.2/bin:/nix/store/c8hr2f0b0dm685yx1dkp6bw24bpx495n-graalvm19-ce-22.3.1/bin:/nix/store/4lslm4qgsyjmpdw64w0a8q5bdmlzjvjd-apache-maven-3.8.6/bin:/nix/store/0nxvi9r5ymdlr2p24rjj9qzyms72zld1-bash-interactive-5.2p37/bin:/nix/store/0flj33q30lmzdjagwjqh964qmiyklww2-patchelf-0.15.0/bin:/nix/store/a0d7m3zn9p2dfa1h7ag9h2wzzr2w25sn-gcc-wrapper-14.2.1.20250322/bin:/nix/store/6i862vz60awrlsila8vw18rg4d4l66iy-gcc-14.2.1.20250322/bin:/nix/store/y2xdxp8r4g92q28am6mbxj44rivnyirl-glibc-2.40-66-bin/bin:/nix/store/mp7ba85zcqdj2sqwa29pql02s6nqpcxy-coreutils-9.7/bin:/nix/store/2gkh9v7wrzjq6ws312c6z6ajwnjvwcmb-binutils-wrapper-2.44/bin:/nix/store/mkvc0lnnpmi604rqsjdlv1pmhr638nbd-binutils-2.44/bin:/nix/store/i07crp4mg1rimd97s1byrq4gasg7dsk5-flutter-wrapped-3.32.0-sdk-links/bin:/nix/store/cpwib3zazj49fm0y04y53w4xkbqsgrgm-mesa-25.0.7/bin:/nix/store/3r2184gwq0cjmwf9f819xdm2ggqnjijg-libcap-2.75/bin:/nix/store/px08h5pmb6vr98y751ck1gwn0852iqqq-pulseaudio-17.0/bin:/nix/store/7fjnb79r7p38piiyn5xwgcj5w7fpfi02-findutils-4.10.0/bin:/nix/store/1pi99mlqimxmqm1jvllbcaj8v16w2nbv-diffutils-3.12/bin:/nix/store/x23s7lcvhf18zz3rj543680jgrj71vil-gnused-4.9/bin:/nix/store/8b4vn1iyn6kqiisjvlmv67d1c0p3j6wj-gnugrep-3.11/bin:/nix/store/n8825s8qprf8p70m0hq6pz7rvlnsxdjm-gawk-5.3.2/bin:/nix/store/7nilh5hvnfbsx3vn020pkjkgx9rgsizb-gnutar-1.35/bin:/nix/store/gqpd9ax2s6jjf7mjyv1q7bwbsycyaxic-gzip-1.14/bin:/nix/store/28z6bx9sg0lsr7wra22pbjsk6fzfphy4-bzip2-1.0.8-bin/bin:/nix/store/8dl5ryfna3hjqhvnkw7srm6wnka6agxl-gnumake-4.4.1/bin:/nix/store/ih68ar79msmj0496pgld4r3vqfr7bbin-bash-5.2p37/bin:/nix/store/kc8h52p4dfgajrg3qlgx246hl0znr213-patch-2.7.6/bin:/nix/store/cmv326slnswzsjm2sqgbz16hzzqvkfjy-xz-5.8.1-bin/bin:/nix/store/v5skl3bspzhm2y13vcxcrw8w29g6phi0-file-5.45/bin:/nix/store/jx6gid235nva29yyfn8d06lm4y4vbm1v-pid1/bin:/nix/store/s41bqqrym7dlk8m3nk74fx26kgrx0kv8-replit-runtime-path/bin:/home/runner/.nix-profile/bin:/home/runner/.local/bin:/usr/local/sbin:/usr/local/bin:/usr/sbin:/usr/bin:/sbin:/bin
DISPLAY=:0
LANG=en_US.UTF-8

Active Locale:
LC_ALL=en_US.UTF-8
LC_COLLATE=en_US.UTF-8
LC_CTYPE=en_US.UTF-8
LC_MESSAGES=en_US.UTF-8
LC_MONETARY=en_US.UTF-8
LC_NUMERIC=en_US.UTF-8
LC_TIME=en_US.UTF-8

Signal Handlers:
   SIGSEGV: crash_handler in libjvm.so, mask=11100100010111111101111111111110, flags=SA_RESTART|SA_SIGINFO
    SIGBUS: crash_handler in libjvm.so, mask=11100100010111111101111111111110, flags=SA_RESTART|SA_SIGINFO
    SIGFPE: crash_handler in libjvm.so, mask=11100100010111111101111111111110, flags=SA_RESTART|SA_SIGINFO
   SIGPIPE: IsolateEnterStub_IgnoreSIGPIPEStartupHook_noopSignalHandler_e7f927579b58c552540f032273d7664341ccbaa6_76208cad888c6e1fb3760e66784fb81a9ad004e5 in libjvmcicompiler.so, mask=00000000000000000000000000000000, flags=SA_RESTART
  *** Handler was modified!
  *** Expected: javaSignalHandler in libjvm.so, mask=11100100110111111111111111111110, flags=SA_RESTART|SA_SIGINFO
   SIGXFSZ: javaSignalHandler in libjvm.so, mask=11100100010111111101111111111110, flags=SA_RESTART|SA_SIGINFO
    SIGILL: crash_handler in libjvm.so, mask=11100100010111111101111111111110, flags=SA_RESTART|SA_SIGINFO
   SIGUSR2: SR_handler in libjvm.so, mask=00000000000000000000000000000000, flags=SA_RESTART|SA_SIGINFO
    SIGHUP: UserHandler in libjvm.so, mask=11100100010111111101111111111110, flags=SA_RESTART|SA_SIGINFO
    SIGINT: UserHandler in libjvm.so, mask=11100100010111111101111111111110, flags=SA_RESTART|SA_SIGINFO
   SIGTERM: UserHandler in libjvm.so, mask=11100100010111111101111111111110, flags=SA_RESTART|SA_SIGINFO
   SIGQUIT: UserHandler in libjvm.so, mask=11100100010111111101111111111110, flags=SA_RESTART|SA_SIGINFO
   SIGTRAP: crash_handler in libjvm.so, mask=11100100010111111101111111111110, flags=SA_RESTART|SA_SIGINFO


---------------  S Y S T E M  ---------------

OS:
DISTRIB_ID=Ubuntu
DISTRIB_RELEASE=24.04
DISTRIB_CODENAME=noble
DISTRIB_DESCRIPTION="Ubuntu 24.04.2 LTS"
uname: Linux 6.14.11 #1-NixOS SMP PREEMPT_DYNAMIC Tue Jan  1 00:00:00 UTC 1980 x86_64
OS uptime: 0 days 11:59 hours
libc: glibc 2.39 NPTL 2.39 
rlimit (soft/hard): STACK 8192k/infinity , CORE infinity/infinity , NPROC infinity/infinity , NOFILE 83886/83886 , AS infinity/infinity , CPU infinity/infinity , DATA infinity/infinity , FSIZE infinity/infinity , MEMLOCK 8192k/8192k
load average: 2.90 2.09 1.75

/proc/meminfo:
MemTotal:       65847776 kB
MemFree:         1069836 kB
MemAvailable:   18548784 kB
Buffers:          972272 kB
Cached:         15905248 kB
SwapCached:            0 kB
Active:         38272624 kB
Inactive:       22642220 kB
Active(anon):   36025104 kB
Inactive(anon):  8472972 kB
Active(file):    2247520 kB
Inactive(file): 14169248 kB
Unevictable:           0 kB
Mlocked:               0 kB
SwapTotal:             0 kB
SwapFree:              0 kB
Zswap:                 0 kB
Zswapped:              0 kB
Dirty:              2712 kB
Writeback:           316 kB
AnonPages:      44037216 kB
Mapped:          2181492 kB
Shmem:            461732 kB
KReclaimable:    1805356 kB
Slab:            2601080 kB
SReclaimable:    1805356 kB
SUnreclaim:       795724 kB
KernelStack:      136768 kB
PageTables:       721236 kB
SecPageTables:         0 kB
NFS_Unstable:          0 kB
Bounce:                0 kB
WritebackTmp:          0 kB
CommitLimit:    32923888 kB
Committed_AS:   83635796 kB
VmallocTotal:   13743895347199 kB
VmallocUsed:      184720 kB
VmallocChunk:          0 kB
Percpu:            47680 kB
HardwareCorrupted:     0 kB
AnonHugePages:     18432 kB
ShmemHugePages:        0 kB
ShmemPmdMapped:        0 kB
FileHugePages:         0 kB
FilePmdMapped:         0 kB
CmaTotal:              0 kB
CmaFree:               0 kB
Unaccepted:            0 kB
HugePages_Total:       0
HugePages_Free:        0
HugePages_Rsvd:        0
HugePages_Surp:        0
Hugepagesize:       2048 kB
Hugetlb:               0 kB
DirectMap4k:      169940 kB
DirectMap2M:    13461504 kB
DirectMap1G:    55574528 kB

/sys/kernel/mm/transparent_hugepage/enabled: always [madvise] never
/sys/kernel/mm/transparent_hugepage/defrag (defrag/compaction efforts parameter): always defer defer+madvise [madvise] never

Process Memory:
Virtual Size: 19914040K (peak: 20013520K)
Resident Set Size: 85008K (peak: 111652K) (anon: 44260K, file: 40748K, shmem: 0K)
Swapped out: 0K
C-Heap outstanding allocations: 27437K, retained: 4034K
glibc malloc tunables: GLIBC_TUNABLES=glibc.rtld.optional_static_tls=10000

/proc/sys/kernel/threads-max (system-wide limit on the number of threads): 514280
/proc/sys/vm/max_map_count (maximum number of memory map areas a process may have): 65530
/proc/sys/kernel/pid_max (system-wide limit on number of process identifiers): 4194304

container information not found.
KVM virtualization detected
Steal ticks since vm start: 0
Steal ticks percentage since vm start:  0.000

CPU: total 8 (initial active 6) (8 cores per cpu, 2 threads per core) family 25 model 17 stepping 1 microcode 0xffffffff, cx8, cmov, fxsr, ht, mmx, 3dnowpref, sse, sse2, sse3, ssse3, sse4a, sse4.1, sse4.2, popcnt, lzcnt, tsc, tscinvbit, avx, avx2, aes, erms, clmul, bmi1, bmi2, adx, avx512f, avx512dq, avx512cd, avx512bw, avx512vl, sha, fma, vzeroupper, avx512_vpopcntdq, avx512_vpclmulqdq, avx512_vaes, avx512_vnni, clflush, clflushopt, avx512_vbmi2, avx512_vbmi, hv, rdtscp, rdpid, fsrm, gfni, avx512_bitalg
CPU Model and flags from /proc/cpuinfo:
model name	: AMD EPYC 9B14
flags		: fpu vme de pse tsc msr pae mce cx8 apic sep mtrr pge mca cmov pat pse36 clflush mmx fxsr sse sse2 ht syscall nx mmxext fxsr_opt pdpe1gb rdtscp lm constant_tsc rep_good nopl xtopology nonstop_tsc cpuid extd_apicid tsc_known_freq pni pclmulqdq ssse3 fma cx16 pcid sse4_1 sse4_2 x2apic movbe popcnt aes xsave avx f16c rdrand hypervisor lahf_lm cmp_legacy cr8_legacy abm sse4a misalignsse 3dnowprefetch osvw topoext ssbd ibrs ibpb stibp vmmcall fsgsbase tsc_adjust bmi1 avx2 smep bmi2 erms invpcid avx512f avx512dq rdseed adx smap avx512ifma clflushopt clwb avx512cd sha_ni avx512bw avx512vl xsaveopt xsavec xgetbv1 xsaves avx512_bf16 clzero xsaveerptr wbnoinvd arat avx512vbmi umip avx512_vbmi2 gfni vaes vpclmulqdq avx512_vnni avx512_bitalg avx512_vpopcntdq la57 rdpid fsrm

Online cpus: 0-7
Offline cpus: 
BIOS frequency limitation: <Not Available>
Frequency switch latency (ns): <Not Available>
Available cpu frequencies: <Not Available>
Current governor: <Not Available>
Core performance/turbo boost: <Not Available>

Memory: 4k page, physical 65847776k(1069836k free), swap 0k(0k free)
Page Sizes: 4k

vm_info: OpenJDK 64-Bit Server VM (19.0.2+7-jvmci-22.3-b12) for linux-amd64 JRE (19.0.2+7-jvmci-22.3-b12), built on 2022-12-28T13:59:55Z by "buildslave" with gcc 11.2.0

END.
