#
# A fatal error has been detected by the Java Runtime Environment:
#
#  SIGBUS (0x7) at pc=0x00007f4e5bb0f4be, pid=12810, tid=12839
#
# JRE version: OpenJDK Runtime Environment GraalVM CE 22.3.1 (19.0.2+7) (build 19.0.2+7-jvmci-22.3-b12)
# Java VM: OpenJDK 64-Bit Server VM GraalVM CE 22.3.1 (19.0.2+7-jvmci-22.3-b12, mixed mode, tiered, jvmci, jvmci compiler, compressed oops, compressed class ptrs, g1 gc, linux-amd64)
# Problematic frame:
# V  [libjvm.so+0xcbe4be]  PerfLongVariant::sample()+0x1e
#
# Core dump will be written. Default location: Core dumps may be processed with "/nix/store/rqa6c7qsf28n56frb9qa96hplfs1vp5p-systemd/lib/systemd/systemd-coredump %P %u %g %s %t %c %h %d %F" (or dumping to /home/runner/workspace/core.12810)
#
# If you would like to submit a bug report, please visit:
#   https://github.com/oracle/graal/issues
#

---------------  S U M M A R Y ------------

Command Line: -XX:ThreadPriorityPolicy=1 -XX:+UnlockExperimentalVMOptions -XX:+EnableJVMCIProduct -XX:JVMCIThreadsPerNativeLibraryRuntime=1 -XX:-UnlockExperimentalVMOptions --add-exports=jdk.compiler/com.sun.tools.javac.api=ALL-UNNAMED --add-exports=jdk.compiler/com.sun.tools.javac.code=ALL-UNNAMED --add-exports=jdk.compiler/com.sun.tools.javac.comp=ALL-UNNAMED --add-exports=jdk.compiler/com.sun.tools.javac.main=ALL-UNNAMED --add-exports=jdk.compiler/com.sun.tools.javac.tree=ALL-UNNAMED --add-exports=jdk.compiler/com.sun.tools.javac.model=ALL-UNNAMED --add-exports=jdk.compiler/com.sun.tools.javac.util=ALL-UNNAMED --add-opens=jdk.compiler/com.sun.tools.javac.api=ALL-UNNAMED org.javacs.Main

Host: AMD EPYC 9B14, 8 cores, 62G, Ubuntu 24.04.2 LTS
Time: Sat Apr 18 20:36:34 2026 UTC elapsed time: 278.732555 seconds (0d 0h 4m 38s)

---------------  T H R E A D  ---------------

Current thread (0x00007f4e5413e520):  WatcherThread "VM Periodic Task Thread" [stack: 0x00007f4e1c900000,0x00007f4e1ca00000] [id=12839]

Stack: [0x00007f4e1c900000,0x00007f4e1ca00000],  sp=0x00007f4e1c9fc7b0,  free space=1009k
Native frames: (J=compiled Java code, j=interpreted, Vv=VM code, C=native code)
V  [libjvm.so+0xcbe4be]  PerfLongVariant::sample()+0x1e
V  [libjvm.so+0xd6c7c2]  StatSamplerTask::task()+0x32
V  [libjvm.so+0xdeca1d]  PeriodicTask::real_time_tick(int)+0x5d
V  [libjvm.so+0xc4b547]  WatcherThread::run()+0x37
V  [libjvm.so+0xe2b920]  Thread::call_run()+0xc0
V  [libjvm.so+0xc78988]  thread_native_entry(Thread*)+0xd8
C  [libc.so.6+0x9caa4]


siginfo: si_signo: 7 (SIGBUS), si_code: 2 (BUS_ADRERR), si_addr: 0x00007f4e596d04a0

Registers:
RAX=0x00000040e571b146, RBX=0x00007f4e596d04a0, RCX=0x0000000000000000, RDX=0x0000000000000000
RSP=0x00007f4e1c9fc7b0, RBP=0x00007f4e1c9fc7c0, RSI=0x0000000000000000, RDI=0x0000000000000000
R8 =0x0000000000000000, R9 =0x0000000000000000, R10=0x0000000000000000, R11=0x0000000000000000
R12=0x00007f4e542b2e70, R13=0x0000000000000001, R14=0x0000000000000002, R15=0x00007f4e5c1720a0
RIP=0x00007f4e5bb0f4be, EFLAGS=0x0000000000010202, CSGSFS=0x002b000000000033, ERR=0x0000000000000007
  TRAPNO=0x000000000000000e


Register to memory mapping:

RAX=0x00000040e571b146 is an unknown value
RBX=0x00007f4e596d04a0 points into unknown readable memory: 0x00000040de16ecec | ec ec 16 de 40 00 00 00
RCX=0x0 is NULL
RDX=0x0 is NULL
RSP=0x00007f4e1c9fc7b0 points into unknown readable memory: 0x00007f4e1c9fc7c0 | c0 c7 9f 1c 4e 7f 00 00
RBP=0x00007f4e1c9fc7c0 points into unknown readable memory: 0x00007f4e1c9fc7e0 | e0 c7 9f 1c 4e 7f 00 00
RSI=0x0 is NULL
RDI=0x0 is NULL
R8 =0x0 is NULL
R9 =0x0 is NULL
R10=0x0 is NULL
R11=0x0 is NULL
R12=0x00007f4e542b2e70 points into unknown readable memory: 0x00007f4e542b2e90 | 90 2e 2b 54 4e 7f 00 00
R13=0x0000000000000001 is an unknown value
R14=0x0000000000000002 is an unknown value
R15=0x00007f4e5c1720a0: <offset 0x00000000013210a0> in /nix/store/x5f0fpif5hzy2jsjlm59x7pgf4s4nx0w-java-language-server-0.2.38/share/java/java-language-server/linux/lib/server/libjvm.so at 0x00007f4e5ae51000


Top of Stack: (sp=0x00007f4e1c9fc7b0)
0x00007f4e1c9fc7b0:   00007f4e1c9fc7c0 0000000000000001
0x00007f4e1c9fc7c0:   00007f4e1c9fc7e0 00007f4e5bbbd7c2
0x00007f4e1c9fc7d0:   0000000000000032 0000000000000032
0x00007f4e1c9fc7e0:   00007f4e1c9fc830 00007f4e5bc3da1d 

Instructions: (pc=0x00007f4e5bb0f4be)
0x00007f4e5bb0f3be:   44 24 08 49 8b 54 24 18 48 89 50 18 49 8b 44 24
0x00007f4e5bb0f3ce:   08 49 8b 54 24 20 48 89 50 20 e8 23 00 a5 ff c7
0x00007f4e5bb0f3de:   83 74 03 00 00 04 00 00 00 5b 41 5c 41 5d 41 5e
0x00007f4e5bb0f3ee:   5d c3 48 89 df e8 08 60 16 00 e9 ef fe ff ff 0f
0x00007f4e5bb0f3fe:   1f 00 48 89 df e8 18 72 16 00 e9 7a ff ff ff 0f
0x00007f4e5bb0f40e:   1f 00 31 d2 be 01 00 00 00 48 89 df e8 21 9d 06
0x00007f4e5bb0f41e:   00 e9 59 ff ff ff 0f 1f 40 00 48 8d 05 81 5b 5f
0x00007f4e5bb0f42e:   00 48 8d 0d a3 6e 2a 00 48 8d 15 b2 6e 2a 00 be
0x00007f4e5bb0f43e:   35 01 00 00 48 8d 3d a7 a8 2f 00 48 8b 00 c6 00
0x00007f4e5bb0f44e:   58 31 c0 e8 fa 4c 97 ff e8 75 53 fb ff e9 ff fe
0x00007f4e5bb0f45e:   ff ff 48 89 df e8 b8 71 16 00 e9 ab fe ff ff 0f
0x00007f4e5bb0f46e:   1f 00 31 d2 be 01 00 00 00 48 89 df e8 c1 9c 06
0x00007f4e5bb0f47e:   00 e9 86 fe ff ff 66 66 66 2e 0f 1f 84 00 00 00
0x00007f4e5bb0f48e:   00 00 66 66 66 66 66 66 2e 0f 1f 84 00 00 00 00
0x00007f4e5bb0f49e:   00 00 4c 8b 47 38 4d 85 c0 74 27 55 48 89 e5 53
0x00007f4e5bb0f4ae:   48 83 ec 08 49 8b 00 48 8b 5f 28 4c 89 c7 ff 10
0x00007f4e5bb0f4be:   48 89 03 48 8b 5d f8 c9 c3 66 0f 1f 84 00 00 00
0x00007f4e5bb0f4ce:   00 00 c3 90 66 66 2e 0f 1f 84 00 00 00 00 00 0f
0x00007f4e5bb0f4de:   1f 00 49 89 f8 48 89 f7 48 63 f2 49 8b 40 28 48
0x00007f4e5bb0f4ee:   8d 15 9b 99 28 00 48 8b 08 31 c0 e9 22 3d 5c ff
0x00007f4e5bb0f4fe:   66 90 49 89 f8 31 c0 48 89 f7 48 63 f2 49 8b 48
0x00007f4e5bb0f50e:   28 48 8d 15 1d f5 27 00 e9 05 3d 5c ff 90 0f 1f
0x00007f4e5bb0f51e:   40 00 55 48 8d 05 d0 c6 5e 00 66 41 0f 6e c0 66
0x00007f4e5bb0f52e:   0f 6e c9 66 0f 62 c1 48 89 e5 41 57 49 89 d7 41
0x00007f4e5bb0f53e:   56 41 55 4c 63 ee 41 54 53 48 89 fb 48 83 ec 18
0x00007f4e5bb0f54e:   48 89 07 48 8d 05 68 a1 60 00 48 c7 47 08 00 00
0x00007f4e5bb0f55e:   00 00 4e 8b 34 e8 c6 47 18 00 48 c7 47 28 00 00
0x00007f4e5bb0f56e:   00 00 66 0f d6 47 10 48 89 d7 e8 c3 3c 5c ff 4c
0x00007f4e5bb0f57e:   89 f7 48 89 45 c8 e8 b7 3c 5c ff 48 8b 55 c8 be
0x00007f4e5bb0f58e:   09 00 00 00 48 8d 7c 02 02 31 d2 e8 42 f0 71 ff
0x00007f4e5bb0f59e:   48 89 43 08 48 89 c7 41 83 fd 18 74 55 4c 89 f2
0x00007f4e5bb0f5ae:   4c 89 f9 48 8d 35 f1 cb 28 00 31 c0 e8 81 3e 5c 


Stack slot to memory mapping:
stack at sp + 0 slots: 0x00007f4e1c9fc7c0 points into unknown readable memory: 0x00007f4e1c9fc7e0 | e0 c7 9f 1c 4e 7f 00 00
stack at sp + 1 slots: 0x0000000000000001 is an unknown value
stack at sp + 2 slots: 0x00007f4e1c9fc7e0 points into unknown readable memory: 0x00007f4e1c9fc830 | 30 c8 9f 1c 4e 7f 00 00
stack at sp + 3 slots: 0x00007f4e5bbbd7c2: <offset 0x0000000000d6c7c2> in /nix/store/x5f0fpif5hzy2jsjlm59x7pgf4s4nx0w-java-language-server-0.2.38/share/java/java-language-server/linux/lib/server/libjvm.so at 0x00007f4e5ae51000
stack at sp + 4 slots: 0x0000000000000032 is an unknown value
stack at sp + 5 slots: 0x0000000000000032 is an unknown value
stack at sp + 6 slots: 0x00007f4e1c9fc830 points into unknown readable memory: 0x00007f4e1c9fc8b0 | b0 c8 9f 1c 4e 7f 00 00
stack at sp + 7 slots: 0x00007f4e5bc3da1d: <offset 0x0000000000deca1d> in /nix/store/x5f0fpif5hzy2jsjlm59x7pgf4s4nx0w-java-language-server-0.2.38/share/java/java-language-server/linux/lib/server/libjvm.so at 0x00007f4e5ae51000


---------------  P R O C E S S  ---------------

Threads class SMR info:
_java_thread_list=0x00007f4dd4011e60, length=12, elements={
0x00007f4e54028100, 0x00007f4e541c0690, 0x00007f4e541c1ba0, 0x00007f4e541c3360,
0x00007f4e541c4710, 0x00007f4e541c5ab0, 0x00007f4e541c7520, 0x00007f4e541c8a60,
0x00007f4e541c9f30, 0x00007f4e54290890, 0x00007f4e542b15f0, 0x00007f4e54370b00
}

Java Threads: ( => current thread )
  0x00007f4e54028100 JavaThread "main" [_thread_blocked, id=12811, stack(0x00007f4e5ac63000,0x00007f4e5ad63000)]
  0x00007f4e541c0690 JavaThread "Reference Handler" daemon [_thread_blocked, id=12824, stack(0x00007f4e1fa48000,0x00007f4e1fb48000)]
  0x00007f4e541c1ba0 JavaThread "Finalizer" daemon [_thread_blocked, id=12825, stack(0x00007f4e1d615000,0x00007f4e1d715000)]
  0x00007f4e541c3360 JavaThread "Signal Dispatcher" daemon [_thread_blocked, id=12826, stack(0x00007f4e1d515000,0x00007f4e1d615000)]
  0x00007f4e541c4710 JavaThread "Service Thread" daemon [_thread_blocked, id=12827, stack(0x00007f4e1d415000,0x00007f4e1d515000)]
  0x00007f4e541c5ab0 JavaThread "Monitor Deflation Thread" daemon [_thread_blocked, id=12828, stack(0x00007f4e1d315000,0x00007f4e1d415000)]
  0x00007f4e541c7520 JavaThread "JVMCI-native CompilerThread0" daemon [_thread_blocked, id=12829, stack(0x00007f4e1d000000,0x00007f4e1d200000)]
  0x00007f4e541c8a60 JavaThread "C1 CompilerThread0" daemon [_thread_blocked, id=12830, stack(0x00007f4e1ce00000,0x00007f4e1d000000)]
  0x00007f4e541c9f30 JavaThread "Sweeper thread" daemon [_thread_blocked, id=12831, stack(0x00007f4e1d215000,0x00007f4e1d315000)]
  0x00007f4e54290890 JavaThread "Common-Cleaner" daemon [_thread_blocked, id=12836, stack(0x00007f4e1cd00000,0x00007f4e1ce00000)]
  0x00007f4e542b15f0 JavaThread "Notification Thread" daemon [_thread_blocked, id=12838, stack(0x00007f4e1cc00000,0x00007f4e1cd00000)]
  0x00007f4e54370b00 JavaThread "reader" daemon [_thread_in_native, id=12840, stack(0x00007f4e1c7fe000,0x00007f4e1c8fe000)]

Other Threads:
  0x00007f4e54181f20 VMThread "VM Thread" [stack: 0x00007f4e5807a000,0x00007f4e5817a000] [id=12823]
=>0x00007f4e5413e520 WatcherThread "VM Periodic Task Thread" [stack: 0x00007f4e1c900000,0x00007f4e1ca00000] [id=12839]
  0x00007f4e5405beb0 WorkerThread "GC Thread#0" [stack: 0x00007f4e58ca7000,0x00007f4e58da7000] [id=12812]
  0x00007f4e5406d010 ConcurrentGCThread "G1 Main Marker" [stack: 0x00007f4e58ba5000,0x00007f4e58ca5000] [id=12814]
  0x00007f4e5406df30 WorkerThread "G1 Conc#0" [stack: 0x00007f4e58aa3000,0x00007f4e58ba3000] [id=12817]
  0x00007f4e54000e00 ConcurrentGCThread "G1 Refine#0" [stack: 0x00007f4e5839b000,0x00007f4e5849b000] [id=12820]
  0x00007f4e540f3980 ConcurrentGCThread "G1 Service" [stack: 0x00007f4e58299000,0x00007f4e58399000] [id=12821]

Threads with active compile tasks:

VM state: not at safepoint (normal execution)

VM Mutex/Monitor currently owned by a thread:  ([mutex/lock_event])
[0x00007f4e540258f0] PeriodicTask_lock - owner thread: 0x00007f4e5413e520

Heap address: 0x0000000413000000, size: 16080 MB, Compressed Oops mode: Zero based, Oop shift amount: 3

CDS archive(s) not mapped
Compressed class space mapped at: 0x0000000800000000-0x0000000840000000, reserved size: 1073741824
Narrow klass base: 0x0000000800000000, Narrow klass shift: 0, Narrow klass range: 0x40000000

GC Precious Log:
 CardTable entry size: 512
 Card Set container configuration: InlinePtr #cards 4 size 8 Array Of Cards #cards 64 size 144 Howl #buckets 8 coarsen threshold 14745 Howl Bitmap #cards 2048 size 272 coarsen threshold 1843 Card regions per heap region 1 cards per card region 16384
 CPUs: 8 total, 6 available
 Memory: 64304M
 Large Page Support: Disabled
 NUMA Support: Disabled
 Compressed Oops: Enabled (Zero based)
 Heap Region Size: 8M
 Heap Min Capacity: 8M
 Heap Initial Capacity: 1008M
 Heap Max Capacity: 16080M
 Pre-touch: Disabled
 Parallel Workers: 6
 Concurrent Workers: 2
 Concurrent Refinement Workers: 6
 Periodic GC: Disabled

Heap:
 garbage-first heap   total 1032192K, used 8192K [0x0000000413000000, 0x0000000800000000)
  region size 8192K, 2 young (16384K), 0 survivors (0K)
 Metaspace       used 11639K, committed 11776K, reserved 1114112K
  class space    used 1030K, committed 1088K, reserved 1048576K

Heap Regions: E=young(eden), S=young(survivor), O=old, HS=humongous(starts), HC=humongous(continues), CS=collection set, F=free, OA=open archive, CA=closed archive, TAMS=top-at-mark-start (previous, next)
|   0|0x0000000413000000, 0x0000000413000000, 0x0000000413800000|  0%| F|  |TAMS 0x0000000413000000, 0x0000000413000000| Untracked 
|   1|0x0000000413800000, 0x0000000413800000, 0x0000000414000000|  0%| F|  |TAMS 0x0000000413800000, 0x0000000413800000| Untracked 
|   2|0x0000000414000000, 0x0000000414000000, 0x0000000414800000|  0%| F|  |TAMS 0x0000000414000000, 0x0000000414000000| Untracked 
|   3|0x0000000414800000, 0x0000000414800000, 0x0000000415000000|  0%| F|  |TAMS 0x0000000414800000, 0x0000000414800000| Untracked 
|   4|0x0000000415000000, 0x0000000415000000, 0x0000000415800000|  0%| F|  |TAMS 0x0000000415000000, 0x0000000415000000| Untracked 
|   5|0x0000000415800000, 0x0000000415800000, 0x0000000416000000|  0%| F|  |TAMS 0x0000000415800000, 0x0000000415800000| Untracked 
|   6|0x0000000416000000, 0x0000000416000000, 0x0000000416800000|  0%| F|  |TAMS 0x0000000416000000, 0x0000000416000000| Untracked 
|   7|0x0000000416800000, 0x0000000416800000, 0x0000000417000000|  0%| F|  |TAMS 0x0000000416800000, 0x0000000416800000| Untracked 
|   8|0x0000000417000000, 0x0000000417000000, 0x0000000417800000|  0%| F|  |TAMS 0x0000000417000000, 0x0000000417000000| Untracked 
|   9|0x0000000417800000, 0x0000000417800000, 0x0000000418000000|  0%| F|  |TAMS 0x0000000417800000, 0x0000000417800000| Untracked 
|  10|0x0000000418000000, 0x0000000418000000, 0x0000000418800000|  0%| F|  |TAMS 0x0000000418000000, 0x0000000418000000| Untracked 
|  11|0x0000000418800000, 0x0000000418800000, 0x0000000419000000|  0%| F|  |TAMS 0x0000000418800000, 0x0000000418800000| Untracked 
|  12|0x0000000419000000, 0x0000000419000000, 0x0000000419800000|  0%| F|  |TAMS 0x0000000419000000, 0x0000000419000000| Untracked 
|  13|0x0000000419800000, 0x0000000419800000, 0x000000041a000000|  0%| F|  |TAMS 0x0000000419800000, 0x0000000419800000| Untracked 
|  14|0x000000041a000000, 0x000000041a000000, 0x000000041a800000|  0%| F|  |TAMS 0x000000041a000000, 0x000000041a000000| Untracked 
|  15|0x000000041a800000, 0x000000041a800000, 0x000000041b000000|  0%| F|  |TAMS 0x000000041a800000, 0x000000041a800000| Untracked 
|  16|0x000000041b000000, 0x000000041b000000, 0x000000041b800000|  0%| F|  |TAMS 0x000000041b000000, 0x000000041b000000| Untracked 
|  17|0x000000041b800000, 0x000000041b800000, 0x000000041c000000|  0%| F|  |TAMS 0x000000041b800000, 0x000000041b800000| Untracked 
|  18|0x000000041c000000, 0x000000041c000000, 0x000000041c800000|  0%| F|  |TAMS 0x000000041c000000, 0x000000041c000000| Untracked 
|  19|0x000000041c800000, 0x000000041c800000, 0x000000041d000000|  0%| F|  |TAMS 0x000000041c800000, 0x000000041c800000| Untracked 
|  20|0x000000041d000000, 0x000000041d000000, 0x000000041d800000|  0%| F|  |TAMS 0x000000041d000000, 0x000000041d000000| Untracked 
|  21|0x000000041d800000, 0x000000041d800000, 0x000000041e000000|  0%| F|  |TAMS 0x000000041d800000, 0x000000041d800000| Untracked 
|  22|0x000000041e000000, 0x000000041e000000, 0x000000041e800000|  0%| F|  |TAMS 0x000000041e000000, 0x000000041e000000| Untracked 
|  23|0x000000041e800000, 0x000000041e800000, 0x000000041f000000|  0%| F|  |TAMS 0x000000041e800000, 0x000000041e800000| Untracked 
|  24|0x000000041f000000, 0x000000041f000000, 0x000000041f800000|  0%| F|  |TAMS 0x000000041f000000, 0x000000041f000000| Untracked 
|  25|0x000000041f800000, 0x000000041f800000, 0x0000000420000000|  0%| F|  |TAMS 0x000000041f800000, 0x000000041f800000| Untracked 
|  26|0x0000000420000000, 0x0000000420000000, 0x0000000420800000|  0%| F|  |TAMS 0x0000000420000000, 0x0000000420000000| Untracked 
|  27|0x0000000420800000, 0x0000000420800000, 0x0000000421000000|  0%| F|  |TAMS 0x0000000420800000, 0x0000000420800000| Untracked 
|  28|0x0000000421000000, 0x0000000421000000, 0x0000000421800000|  0%| F|  |TAMS 0x0000000421000000, 0x0000000421000000| Untracked 
|  29|0x0000000421800000, 0x0000000421800000, 0x0000000422000000|  0%| F|  |TAMS 0x0000000421800000, 0x0000000421800000| Untracked 
|  30|0x0000000422000000, 0x0000000422000000, 0x0000000422800000|  0%| F|  |TAMS 0x0000000422000000, 0x0000000422000000| Untracked 
|  31|0x0000000422800000, 0x0000000422800000, 0x0000000423000000|  0%| F|  |TAMS 0x0000000422800000, 0x0000000422800000| Untracked 
|  32|0x0000000423000000, 0x0000000423000000, 0x0000000423800000|  0%| F|  |TAMS 0x0000000423000000, 0x0000000423000000| Untracked 
|  33|0x0000000423800000, 0x0000000423800000, 0x0000000424000000|  0%| F|  |TAMS 0x0000000423800000, 0x0000000423800000| Untracked 
|  34|0x0000000424000000, 0x0000000424000000, 0x0000000424800000|  0%| F|  |TAMS 0x0000000424000000, 0x0000000424000000| Untracked 
|  35|0x0000000424800000, 0x0000000424800000, 0x0000000425000000|  0%| F|  |TAMS 0x0000000424800000, 0x0000000424800000| Untracked 
|  36|0x0000000425000000, 0x0000000425000000, 0x0000000425800000|  0%| F|  |TAMS 0x0000000425000000, 0x0000000425000000| Untracked 
|  37|0x0000000425800000, 0x0000000425800000, 0x0000000426000000|  0%| F|  |TAMS 0x0000000425800000, 0x0000000425800000| Untracked 
|  38|0x0000000426000000, 0x0000000426000000, 0x0000000426800000|  0%| F|  |TAMS 0x0000000426000000, 0x0000000426000000| Untracked 
|  39|0x0000000426800000, 0x0000000426800000, 0x0000000427000000|  0%| F|  |TAMS 0x0000000426800000, 0x0000000426800000| Untracked 
|  40|0x0000000427000000, 0x0000000427000000, 0x0000000427800000|  0%| F|  |TAMS 0x0000000427000000, 0x0000000427000000| Untracked 
|  41|0x0000000427800000, 0x0000000427800000, 0x0000000428000000|  0%| F|  |TAMS 0x0000000427800000, 0x0000000427800000| Untracked 
|  42|0x0000000428000000, 0x0000000428000000, 0x0000000428800000|  0%| F|  |TAMS 0x0000000428000000, 0x0000000428000000| Untracked 
|  43|0x0000000428800000, 0x0000000428800000, 0x0000000429000000|  0%| F|  |TAMS 0x0000000428800000, 0x0000000428800000| Untracked 
|  44|0x0000000429000000, 0x0000000429000000, 0x0000000429800000|  0%| F|  |TAMS 0x0000000429000000, 0x0000000429000000| Untracked 
|  45|0x0000000429800000, 0x0000000429800000, 0x000000042a000000|  0%| F|  |TAMS 0x0000000429800000, 0x0000000429800000| Untracked 
|  46|0x000000042a000000, 0x000000042a000000, 0x000000042a800000|  0%| F|  |TAMS 0x000000042a000000, 0x000000042a000000| Untracked 
|  47|0x000000042a800000, 0x000000042a800000, 0x000000042b000000|  0%| F|  |TAMS 0x000000042a800000, 0x000000042a800000| Untracked 
|  48|0x000000042b000000, 0x000000042b000000, 0x000000042b800000|  0%| F|  |TAMS 0x000000042b000000, 0x000000042b000000| Untracked 
|  49|0x000000042b800000, 0x000000042b800000, 0x000000042c000000|  0%| F|  |TAMS 0x000000042b800000, 0x000000042b800000| Untracked 
|  50|0x000000042c000000, 0x000000042c000000, 0x000000042c800000|  0%| F|  |TAMS 0x000000042c000000, 0x000000042c000000| Untracked 
|  51|0x000000042c800000, 0x000000042c800000, 0x000000042d000000|  0%| F|  |TAMS 0x000000042c800000, 0x000000042c800000| Untracked 
|  52|0x000000042d000000, 0x000000042d000000, 0x000000042d800000|  0%| F|  |TAMS 0x000000042d000000, 0x000000042d000000| Untracked 
|  53|0x000000042d800000, 0x000000042d800000, 0x000000042e000000|  0%| F|  |TAMS 0x000000042d800000, 0x000000042d800000| Untracked 
|  54|0x000000042e000000, 0x000000042e000000, 0x000000042e800000|  0%| F|  |TAMS 0x000000042e000000, 0x000000042e000000| Untracked 
|  55|0x000000042e800000, 0x000000042e800000, 0x000000042f000000|  0%| F|  |TAMS 0x000000042e800000, 0x000000042e800000| Untracked 
|  56|0x000000042f000000, 0x000000042f000000, 0x000000042f800000|  0%| F|  |TAMS 0x000000042f000000, 0x000000042f000000| Untracked 
|  57|0x000000042f800000, 0x000000042f800000, 0x0000000430000000|  0%| F|  |TAMS 0x000000042f800000, 0x000000042f800000| Untracked 
|  58|0x0000000430000000, 0x0000000430000000, 0x0000000430800000|  0%| F|  |TAMS 0x0000000430000000, 0x0000000430000000| Untracked 
|  59|0x0000000430800000, 0x0000000430800000, 0x0000000431000000|  0%| F|  |TAMS 0x0000000430800000, 0x0000000430800000| Untracked 
|  60|0x0000000431000000, 0x0000000431000000, 0x0000000431800000|  0%| F|  |TAMS 0x0000000431000000, 0x0000000431000000| Untracked 
|  61|0x0000000431800000, 0x0000000431800000, 0x0000000432000000|  0%| F|  |TAMS 0x0000000431800000, 0x0000000431800000| Untracked 
|  62|0x0000000432000000, 0x0000000432000000, 0x0000000432800000|  0%| F|  |TAMS 0x0000000432000000, 0x0000000432000000| Untracked 
|  63|0x0000000432800000, 0x0000000432800000, 0x0000000433000000|  0%| F|  |TAMS 0x0000000432800000, 0x0000000432800000| Untracked 
|  64|0x0000000433000000, 0x0000000433000000, 0x0000000433800000|  0%| F|  |TAMS 0x0000000433000000, 0x0000000433000000| Untracked 
|  65|0x0000000433800000, 0x0000000433800000, 0x0000000434000000|  0%| F|  |TAMS 0x0000000433800000, 0x0000000433800000| Untracked 
|  66|0x0000000434000000, 0x0000000434000000, 0x0000000434800000|  0%| F|  |TAMS 0x0000000434000000, 0x0000000434000000| Untracked 
|  67|0x0000000434800000, 0x0000000434800000, 0x0000000435000000|  0%| F|  |TAMS 0x0000000434800000, 0x0000000434800000| Untracked 
|  68|0x0000000435000000, 0x0000000435000000, 0x0000000435800000|  0%| F|  |TAMS 0x0000000435000000, 0x0000000435000000| Untracked 
|  69|0x0000000435800000, 0x0000000435800000, 0x0000000436000000|  0%| F|  |TAMS 0x0000000435800000, 0x0000000435800000| Untracked 
|  70|0x0000000436000000, 0x0000000436000000, 0x0000000436800000|  0%| F|  |TAMS 0x0000000436000000, 0x0000000436000000| Untracked 
|  71|0x0000000436800000, 0x0000000436800000, 0x0000000437000000|  0%| F|  |TAMS 0x0000000436800000, 0x0000000436800000| Untracked 
|  72|0x0000000437000000, 0x0000000437000000, 0x0000000437800000|  0%| F|  |TAMS 0x0000000437000000, 0x0000000437000000| Untracked 
|  73|0x0000000437800000, 0x0000000437800000, 0x0000000438000000|  0%| F|  |TAMS 0x0000000437800000, 0x0000000437800000| Untracked 
|  74|0x0000000438000000, 0x0000000438000000, 0x0000000438800000|  0%| F|  |TAMS 0x0000000438000000, 0x0000000438000000| Untracked 
|  75|0x0000000438800000, 0x0000000438800000, 0x0000000439000000|  0%| F|  |TAMS 0x0000000438800000, 0x0000000438800000| Untracked 
|  76|0x0000000439000000, 0x0000000439000000, 0x0000000439800000|  0%| F|  |TAMS 0x0000000439000000, 0x0000000439000000| Untracked 
|  77|0x0000000439800000, 0x0000000439800000, 0x000000043a000000|  0%| F|  |TAMS 0x0000000439800000, 0x0000000439800000| Untracked 
|  78|0x000000043a000000, 0x000000043a000000, 0x000000043a800000|  0%| F|  |TAMS 0x000000043a000000, 0x000000043a000000| Untracked 
|  79|0x000000043a800000, 0x000000043a800000, 0x000000043b000000|  0%| F|  |TAMS 0x000000043a800000, 0x000000043a800000| Untracked 
|  80|0x000000043b000000, 0x000000043b000000, 0x000000043b800000|  0%| F|  |TAMS 0x000000043b000000, 0x000000043b000000| Untracked 
|  81|0x000000043b800000, 0x000000043b800000, 0x000000043c000000|  0%| F|  |TAMS 0x000000043b800000, 0x000000043b800000| Untracked 
|  82|0x000000043c000000, 0x000000043c000000, 0x000000043c800000|  0%| F|  |TAMS 0x000000043c000000, 0x000000043c000000| Untracked 
|  83|0x000000043c800000, 0x000000043c800000, 0x000000043d000000|  0%| F|  |TAMS 0x000000043c800000, 0x000000043c800000| Untracked 
|  84|0x000000043d000000, 0x000000043d000000, 0x000000043d800000|  0%| F|  |TAMS 0x000000043d000000, 0x000000043d000000| Untracked 
|  85|0x000000043d800000, 0x000000043d800000, 0x000000043e000000|  0%| F|  |TAMS 0x000000043d800000, 0x000000043d800000| Untracked 
|  86|0x000000043e000000, 0x000000043e000000, 0x000000043e800000|  0%| F|  |TAMS 0x000000043e000000, 0x000000043e000000| Untracked 
|  87|0x000000043e800000, 0x000000043e800000, 0x000000043f000000|  0%| F|  |TAMS 0x000000043e800000, 0x000000043e800000| Untracked 
|  88|0x000000043f000000, 0x000000043f000000, 0x000000043f800000|  0%| F|  |TAMS 0x000000043f000000, 0x000000043f000000| Untracked 
|  89|0x000000043f800000, 0x000000043f800000, 0x0000000440000000|  0%| F|  |TAMS 0x000000043f800000, 0x000000043f800000| Untracked 
|  90|0x0000000440000000, 0x0000000440000000, 0x0000000440800000|  0%| F|  |TAMS 0x0000000440000000, 0x0000000440000000| Untracked 
|  91|0x0000000440800000, 0x0000000440800000, 0x0000000441000000|  0%| F|  |TAMS 0x0000000440800000, 0x0000000440800000| Untracked 
|  92|0x0000000441000000, 0x0000000441000000, 0x0000000441800000|  0%| F|  |TAMS 0x0000000441000000, 0x0000000441000000| Untracked 
|  93|0x0000000441800000, 0x0000000441800000, 0x0000000442000000|  0%| F|  |TAMS 0x0000000441800000, 0x0000000441800000| Untracked 
|  94|0x0000000442000000, 0x0000000442000000, 0x0000000442800000|  0%| F|  |TAMS 0x0000000442000000, 0x0000000442000000| Untracked 
|  95|0x0000000442800000, 0x0000000442800000, 0x0000000443000000|  0%| F|  |TAMS 0x0000000442800000, 0x0000000442800000| Untracked 
|  96|0x0000000443000000, 0x0000000443000000, 0x0000000443800000|  0%| F|  |TAMS 0x0000000443000000, 0x0000000443000000| Untracked 
|  97|0x0000000443800000, 0x0000000443800000, 0x0000000444000000|  0%| F|  |TAMS 0x0000000443800000, 0x0000000443800000| Untracked 
|  98|0x0000000444000000, 0x0000000444000000, 0x0000000444800000|  0%| F|  |TAMS 0x0000000444000000, 0x0000000444000000| Untracked 
|  99|0x0000000444800000, 0x0000000444800000, 0x0000000445000000|  0%| F|  |TAMS 0x0000000444800000, 0x0000000444800000| Untracked 
| 100|0x0000000445000000, 0x0000000445000000, 0x0000000445800000|  0%| F|  |TAMS 0x0000000445000000, 0x0000000445000000| Untracked 
| 101|0x0000000445800000, 0x0000000445800000, 0x0000000446000000|  0%| F|  |TAMS 0x0000000445800000, 0x0000000445800000| Untracked 
| 102|0x0000000446000000, 0x0000000446000000, 0x0000000446800000|  0%| F|  |TAMS 0x0000000446000000, 0x0000000446000000| Untracked 
| 103|0x0000000446800000, 0x0000000446800000, 0x0000000447000000|  0%| F|  |TAMS 0x0000000446800000, 0x0000000446800000| Untracked 
| 104|0x0000000447000000, 0x0000000447000000, 0x0000000447800000|  0%| F|  |TAMS 0x0000000447000000, 0x0000000447000000| Untracked 
| 105|0x0000000447800000, 0x0000000447800000, 0x0000000448000000|  0%| F|  |TAMS 0x0000000447800000, 0x0000000447800000| Untracked 
| 106|0x0000000448000000, 0x0000000448000000, 0x0000000448800000|  0%| F|  |TAMS 0x0000000448000000, 0x0000000448000000| Untracked 
| 107|0x0000000448800000, 0x0000000448800000, 0x0000000449000000|  0%| F|  |TAMS 0x0000000448800000, 0x0000000448800000| Untracked 
| 108|0x0000000449000000, 0x0000000449000000, 0x0000000449800000|  0%| F|  |TAMS 0x0000000449000000, 0x0000000449000000| Untracked 
| 109|0x0000000449800000, 0x0000000449800000, 0x000000044a000000|  0%| F|  |TAMS 0x0000000449800000, 0x0000000449800000| Untracked 
| 110|0x000000044a000000, 0x000000044a000000, 0x000000044a800000|  0%| F|  |TAMS 0x000000044a000000, 0x000000044a000000| Untracked 
| 111|0x000000044a800000, 0x000000044a800000, 0x000000044b000000|  0%| F|  |TAMS 0x000000044a800000, 0x000000044a800000| Untracked 
| 112|0x000000044b000000, 0x000000044b000000, 0x000000044b800000|  0%| F|  |TAMS 0x000000044b000000, 0x000000044b000000| Untracked 
| 113|0x000000044b800000, 0x000000044b800000, 0x000000044c000000|  0%| F|  |TAMS 0x000000044b800000, 0x000000044b800000| Untracked 
| 114|0x000000044c000000, 0x000000044c000000, 0x000000044c800000|  0%| F|  |TAMS 0x000000044c000000, 0x000000044c000000| Untracked 
| 115|0x000000044c800000, 0x000000044c800000, 0x000000044d000000|  0%| F|  |TAMS 0x000000044c800000, 0x000000044c800000| Untracked 
| 116|0x000000044d000000, 0x000000044d000000, 0x000000044d800000|  0%| F|  |TAMS 0x000000044d000000, 0x000000044d000000| Untracked 
| 117|0x000000044d800000, 0x000000044d800000, 0x000000044e000000|  0%| F|  |TAMS 0x000000044d800000, 0x000000044d800000| Untracked 
| 118|0x000000044e000000, 0x000000044e000000, 0x000000044e800000|  0%| F|  |TAMS 0x000000044e000000, 0x000000044e000000| Untracked 
| 119|0x000000044e800000, 0x000000044e800000, 0x000000044f000000|  0%| F|  |TAMS 0x000000044e800000, 0x000000044e800000| Untracked 
| 120|0x000000044f000000, 0x000000044f000000, 0x000000044f800000|  0%| F|  |TAMS 0x000000044f000000, 0x000000044f000000| Untracked 
| 121|0x000000044f800000, 0x000000044f800000, 0x0000000450000000|  0%| F|  |TAMS 0x000000044f800000, 0x000000044f800000| Untracked 
| 122|0x0000000450000000, 0x0000000450000000, 0x0000000450800000|  0%| F|  |TAMS 0x0000000450000000, 0x0000000450000000| Untracked 
| 123|0x0000000450800000, 0x0000000450800000, 0x0000000451000000|  0%| F|  |TAMS 0x0000000450800000, 0x0000000450800000| Untracked 
| 124|0x0000000451000000, 0x0000000451800000, 0x0000000451800000|100%| E|  |TAMS 0x0000000451000000, 0x0000000451000000| Complete 
| 125|0x0000000451800000, 0x0000000452000000, 0x0000000452000000|100%| E|CS|TAMS 0x0000000451800000, 0x0000000451800000| Complete 

Card table byte_map: [0x00007f4e41130000,0x00007f4e43098000] _byte_map_base: 0x00007f4e3f098000

Marking Bits (Prev, Next): (CMBitMap*) 0x00007f4e5405c940, (CMBitMap*) 0x00007f4e5405c980
 Prev Bits: [0x00007f4e2f688000, 0x00007f4e3f1c8000)
 Next Bits: [0x00007f4e1fb48000, 0x00007f4e2f688000)

Polling page: 0x00007f4e596d5000

Metaspace:

Usage:
  Non-class:     10.36 MB used.
      Class:      1.01 MB used.
       Both:     11.37 MB used.

Virtual space:
  Non-class space:       64.00 MB reserved,      10.44 MB ( 16%) committed,  1 nodes.
      Class space:        1.00 GB reserved,       1.06 MB ( <1%) committed,  1 nodes.
             Both:        1.06 GB reserved,      11.50 MB (  1%) committed. 

Chunk freelists:
   Non-Class:  1.00 MB
       Class:  2.75 MB
        Both:  3.75 MB

MaxMetaspaceSize: unlimited
CompressedClassSpaceSize: 1.00 GB
Initial GC threshold: 21.00 MB
Current GC threshold: 21.00 MB
CDS: off
MetaspaceReclaimPolicy: balanced
 - commit_granule_bytes: 65536.
 - commit_granule_words: 8192.
 - virtual_space_node_default_size: 8388608.
 - enlarge_chunks_in_place: 1.
 - new_chunks_are_fully_committed: 0.
 - uncommit_free_chunks: 1.
 - use_allocation_guard: 0.


Internal statistics:

num_allocs_failed_limit: 0.
num_arena_births: 64.
num_arena_deaths: 0.
num_vsnodes_births: 2.
num_vsnodes_deaths: 0.
num_space_committed: 184.
num_space_uncommitted: 0.
num_chunks_returned_to_freelist: 0.
num_chunks_taken_from_freelist: 136.
num_chunk_merges: 0.
num_chunk_splits: 76.
num_chunks_enlarged: 47.
num_inconsistent_stats: 0.

CodeHeap 'non-profiled nmethods': size=119752Kb used=209Kb max_used=209Kb free=119542Kb
 bounds [0x00007f4e4cb0e000, 0x00007f4e4cd7e000, 0x00007f4e54000000]
CodeHeap 'profiled nmethods': size=119752Kb used=1303Kb max_used=1303Kb free=118448Kb
 bounds [0x00007f4e45000000, 0x00007f4e45270000, 0x00007f4e4c4f2000]
CodeHeap 'non-nmethods': size=6256Kb used=1234Kb max_used=1799Kb free=5021Kb
 bounds [0x00007f4e4c4f2000, 0x00007f4e4c762000, 0x00007f4e4cb0e000]
 total_blobs=1161 nmethods=734 adapters=346
 compilation: enabled
              stopped_count=0, restarted_count=0
 full_count=0

JVMCI Events (20 events):
Event: 192.851 Thread 0x00007f4e541c7520 detaching from JVMCI runtime 0: releasing idle compiler thread (0 other threads still attached)
Event: 192.851 Thread 0x00007f4e541c7520 shutting down HotSpotJVMCIRuntime for JVMCI runtime 0
Event: 192.851 Thread 0x00007f4e541c7520 shut down JVMCI runtime 0
Event: 192.852 Thread 0x00007f4e541c7520 destroyed JavaVM[3]@0x00007f4dd1676768 for JVMCI runtime 0
Event: 192.852 Thread 0x00007f4e541c7520 compacted oop handles in JVMCI runtime 0 from 44 to 44
Event: 192.852 Thread 0x00007f4e541c7520 releasing handles for JVMCI runtime 0: oop handles=44, metadata handles={total=90, live=78, blocks=8}
Event: 192.852 Thread 0x00007f4e541c7520 detached from JVMCI runtime 0
Event: 255.275 Thread 0x00007f4e541c7520 attached to JVMCI runtime 0
Event: 255.277 Thread 0x00007f4e541c7520 created JavaVM[4]@0x00007f4dd1676768 for JVMCI runtime 0
Event: 255.277 Thread 0x00007f4e541c7520 initializing JVMCI runtime 0
Event: 255.277 Thread 0x00007f4e541c7520 done waiting for JavaVM references initialization in JVMCI runtime 0
Event: 255.278 Thread 0x00007f4e541c7520 initialized JVMCI runtime 0
Event: 255.285 Thread 0x00007f4e541c7520 compacted oop handles in JVMCI runtime 0 from 49 to 48
Event: 256.677 Thread 0x00007f4e541c7520 detaching from JVMCI runtime 0: releasing idle compiler thread (0 other threads still attached)
Event: 256.677 Thread 0x00007f4e541c7520 shutting down HotSpotJVMCIRuntime for JVMCI runtime 0
Event: 256.677 Thread 0x00007f4e541c7520 shut down JVMCI runtime 0
Event: 256.678 Thread 0x00007f4e541c7520 destroyed JavaVM[4]@0x00007f4dd1676768 for JVMCI runtime 0
Event: 256.678 Thread 0x00007f4e541c7520 compacted oop handles in JVMCI runtime 0 from 48 to 48
Event: 256.678 Thread 0x00007f4e541c7520 releasing handles for JVMCI runtime 0: oop handles=48, metadata handles={total=93, live=81, blocks=8}
Event: 256.678 Thread 0x00007f4e541c7520 detached from JVMCI runtime 0

Compilation events (20 events):
Event: 191.845 Thread 0x00007f4e541c8a60 nmethod 725 0x00007f4e45142010 code [0x00007f4e451421c0, 0x00007f4e451424e0]
Event: 191.845 Thread 0x00007f4e541c8a60  728       3       java.io.DataOutputStream::incCount (20 bytes)
Event: 191.845 Thread 0x00007f4e541c8a60 nmethod 728 0x00007f4e45142590 code [0x00007f4e45142720, 0x00007f4e45142870]
Event: 191.845 Thread 0x00007f4e541c8a60  726       3       java.util.Collections$UnmodifiableMap$UnmodifiableEntrySet$1::next (5 bytes)
Event: 191.845 Thread 0x00007f4e541c8a60 nmethod 726 0x00007f4e45142910 code [0x00007f4e45142b20, 0x00007f4e45143690]
Event: 191.845 Thread 0x00007f4e541c8a60  727       3       java.util.Collections$UnmodifiableMap$UnmodifiableEntrySet$1::next (20 bytes)
Event: 191.845 Thread 0x00007f4e541c8a60 nmethod 727 0x00007f4e45143890 code [0x00007f4e45143a80, 0x00007f4e45144570]
Event: 191.851 Thread 0x00007f4e541c7520 nmethod 724 0x00007f4e4cb41c10 code [0x00007f4e4cb41d80, 0x00007f4e4cb41dd0]
Event: 255.275 Thread 0x00007f4e541c7520  729       4       java.util.concurrent.locks.AbstractQueuedSynchronizer$Node::setStatusRelaxed (12 bytes)
Event: 255.277 Thread 0x00007f4e541c8a60  730       3       java.util.Collections$UnmodifiableMap$UnmodifiableEntrySet$UnmodifiableEntry::getKey (10 bytes)
Event: 255.278 Thread 0x00007f4e541c8a60 nmethod 730 0x00007f4e45144790 code [0x00007f4e45144940, 0x00007f4e45144c60]
Event: 255.278 Thread 0x00007f4e541c8a60  732  s    3       java.io.DataOutputStream::write (16 bytes)
Event: 255.278 Thread 0x00007f4e541c8a60 nmethod 732 0x00007f4e45144d10 code [0x00007f4e45144ec0, 0x00007f4e45145340]
Event: 255.278 Thread 0x00007f4e541c8a60  731       3       java.util.Collections$UnmodifiableMap$UnmodifiableEntrySet$UnmodifiableEntry::getValue (10 bytes)
Event: 255.278 Thread 0x00007f4e541c8a60 nmethod 731 0x00007f4e45145490 code [0x00007f4e45145640, 0x00007f4e45145960]
Event: 255.278 Thread 0x00007f4e541c8a60  733       3       java.io.DataOutputStream::writeUTF (7 bytes)
Event: 255.278 Thread 0x00007f4e541c8a60 nmethod 733 0x00007f4e45145a10 code [0x00007f4e45145bc0, 0x00007f4e45145d00]
Event: 255.285 Thread 0x00007f4e541c7520 nmethod 729 0x00007f4e4cb41f10 code [0x00007f4e4cb42080, 0x00007f4e4cb420c0]
Event: 255.676 Thread 0x00007f4e541c7520  734       4       jdk.internal.misc.Unsafe::putIntOpaque (9 bytes)
Event: 255.676 Thread 0x00007f4e541c7520 nmethod 734 0x00007f4e4cb42210 code [0x00007f4e4cb42380, 0x00007f4e4cb423c8]

GC Heap History (0 events):
No events

Dll operation events (6 events):
Event: 0.002 Loaded shared library /nix/store/x5f0fpif5hzy2jsjlm59x7pgf4s4nx0w-java-language-server-0.2.38/share/java/java-language-server/linux/lib/libjava.so
Event: 0.099 Loaded shared library /nix/store/x5f0fpif5hzy2jsjlm59x7pgf4s4nx0w-java-language-server-0.2.38/share/java/java-language-server/linux/lib/libjvmcicompiler.so
Event: 0.102 Loaded shared library /nix/store/x5f0fpif5hzy2jsjlm59x7pgf4s4nx0w-java-language-server-0.2.38/share/java/java-language-server/linux/lib/libnio.so
Event: 0.110 Loaded shared library /nix/store/x5f0fpif5hzy2jsjlm59x7pgf4s4nx0w-java-language-server-0.2.38/share/java/java-language-server/linux/lib/libzip.so
Event: 0.130 Loaded shared library /nix/store/x5f0fpif5hzy2jsjlm59x7pgf4s4nx0w-java-language-server-0.2.38/share/java/java-language-server/linux/lib/libjimage.so
Event: 2.244 Loaded shared library /nix/store/x5f0fpif5hzy2jsjlm59x7pgf4s4nx0w-java-language-server-0.2.38/share/java/java-language-server/linux/lib/libnet.so

Deoptimization events (12 events):
Event: 0.223 Thread 0x00007f4e54370b00 Uncommon trap: trap_request=0xffffffed fr.pc=0x00007f4e4cb19aed relative=0x000000000000006d
Event: 0.223 Thread 0x00007f4e54370b00 Uncommon trap: reason=null_assert_or_unreached0 action=reinterpret pc=0x00007f4e4cb19aed method=java.lang.String.isLatin1()Z @ 0 jvmci
Event: 0.223 Thread 0x00007f4e54370b00 DEOPT PACKING pc=0x00007f4e4cb19aed sp=0x00007f4e1c8f96f0
Event: 0.223 Thread 0x00007f4e54370b00 DEOPT UNPACKING pc=0x00007f4e4c55c745 sp=0x00007f4e1c8f8b98 mode 3
Event: 2.125 Thread 0x00007f4e54370b00 DEOPT PACKING pc=0x00007f4e4502c3da sp=0x00007f4e1c8f9200
Event: 2.125 Thread 0x00007f4e54370b00 DEOPT UNPACKING pc=0x00007f4e4c55c745 sp=0x00007f4e1c8f8640 mode 0
Event: 2.183 Thread 0x00007f4e54028100 DEOPT PACKING pc=0x00007f4e450d62b3 sp=0x00007f4e5ad5ee30
Event: 2.183 Thread 0x00007f4e54028100 DEOPT UNPACKING pc=0x00007f4e4c55c745 sp=0x00007f4e5ad5e2f0 mode 0
Event: 2.186 Thread 0x00007f4e54028100 DEOPT PACKING pc=0x00007f4e450d62b3 sp=0x00007f4e5ad5eeb0
Event: 2.186 Thread 0x00007f4e54028100 DEOPT UNPACKING pc=0x00007f4e4c55c745 sp=0x00007f4e5ad5e368 mode 0
Event: 2.273 Thread 0x00007f4e54028100 DEOPT PACKING pc=0x00007f4e450ea30e sp=0x00007f4e5ad5ee10
Event: 2.273 Thread 0x00007f4e54028100 DEOPT UNPACKING pc=0x00007f4e4c55c745 sp=0x00007f4e5ad5e300 mode 0

Classes loaded (20 events):
Event: 3.135 Loading class java/lang/constant/MethodTypeDescImpl
Event: 3.135 Loading class java/lang/constant/MethodTypeDescImpl done
Event: 3.135 Loading class java/lang/constant/MethodHandleDesc
Event: 3.135 Loading class java/lang/constant/MethodHandleDesc done
Event: 3.135 Loading class java/lang/constant/MethodHandleDesc$1
Event: 3.135 Loading class java/lang/constant/MethodHandleDesc$1 done
Event: 3.135 Loading class java/lang/constant/DirectMethodHandleDescImpl
Event: 3.135 Loading class java/lang/constant/DirectMethodHandleDesc
Event: 3.135 Loading class java/lang/constant/DirectMethodHandleDesc done
Event: 3.135 Loading class java/lang/constant/DirectMethodHandleDescImpl done
Event: 3.135 Loading class java/lang/constant/DirectMethodHandleDescImpl$1
Event: 3.135 Loading class java/lang/constant/DirectMethodHandleDescImpl$1 done
Event: 3.135 Loading class java/lang/constant/DirectMethodHandleDesc$1
Event: 3.135 Loading class java/lang/constant/DirectMethodHandleDesc$1 done
Event: 3.135 Loading class java/lang/constant/PrimitiveClassDescImpl
Event: 3.135 Loading class java/lang/constant/DynamicConstantDesc
Event: 3.135 Loading class java/lang/constant/DynamicConstantDesc done
Event: 3.135 Loading class java/lang/constant/PrimitiveClassDescImpl done
Event: 3.136 Loading class java/lang/constant/DynamicConstantDesc$AnonymousDynamicConstantDesc
Event: 3.136 Loading class java/lang/constant/DynamicConstantDesc$AnonymousDynamicConstantDesc done

Classes unloaded (0 events):
No events

Classes redefined (0 events):
No events

Internal exceptions (7 events):
Event: 0.133 Thread 0x00007f4e54028100 Exception <a 'java/lang/NoSuchMethodError'{0x0000000451ec8478}: 'int java.lang.invoke.DirectMethodHandle$Holder.invokeSpecial(java.lang.Object, java.lang.Object, java.lang.Object)'> (0x0000000451ec8478) 
thrown [src/hotspot/share/interpreter/linkResolver.cpp, line 773]
Event: 0.185 Thread 0x00007f4e54370b00 Exception <a 'java/lang/NoSuchMethodError'{0x00000004510f8208}: 'java.lang.Object java.lang.invoke.DirectMethodHandle$Holder.invokeStaticInit(java.lang.Object)'> (0x00000004510f8208) 
thrown [src/hotspot/share/interpreter/linkResolver.cpp, line 773]
Event: 0.187 Thread 0x00007f4e54370b00 Exception <a 'java/lang/NoSuchMethodError'{0x0000000451103028}: 'void java.lang.invoke.DirectMethodHandle$Holder.invokeSpecial(java.lang.Object, java.lang.Object, java.lang.Object)'> (0x0000000451103028) 
thrown [src/hotspot/share/interpreter/linkResolver.cpp, line 773]
Event: 0.198 Thread 0x00007f4e54370b00 Exception <a 'java/lang/ClassNotFoundException'{0x0000000451148668}: sun/util/logging/resources/spi/loggingProvider> (0x0000000451148668) 
thrown [src/hotspot/share/classfile/systemDictionary.cpp, line 255]
Event: 2.126 Thread 0x00007f4e54370b00 Exception <a 'java/lang/NoSuchMethodError'{0x00000004512216b8}: 'void java.lang.invoke.Invokers$Holder.invokeExact_MT(java.lang.Object, java.lang.Object, java.lang.Object, java.lang.Object)'> (0x00000004512216b8) 
thrown [src/hotspot/share/interpreter/linkResolver.cpp, line 773]
Event: 2.318 Thread 0x00007f4e541c7520 Exception <a 'java/lang/IllegalAccessError'{0x0000000451dc7080}: class jdk.internal.misc.CarrierThreadLocal tried to access method 'java.lang.Object java.lang.ThreadLocal.getCarrierThreadLocal()' (jdk.internal.misc.CarrierThreadLocal and java.lang.ThreadLocal are in module java.base of loader 'bootstrap')> (0x0000000451dc7080) 
thrown [src/hotspot/share/interpreter/linkResolver.cpp, line 591]
Event: 2.318 Thread 0x00007f4e541c7520 Exception <a 'java/lang/IllegalAccessError'{0x0000000451dc7478}: class jdk.internal.misc.CarrierThreadLocal tried to access method 'java.lang.Object java.lang.ThreadLocal.getCarrierThreadLocal()' (jdk.internal.misc.CarrierThreadLocal and java.lang.ThreadLocal are in module java.base of loader 'bootstrap')> (0x0000000451dc7478) 
thrown [src/hotspot/share/interpreter/linkResolver.cpp, line 591]

VM Operations (16 events):
Event: 0.105 Executing VM operation: HandshakeAllThreads
Event: 0.105 Executing VM operation: HandshakeAllThreads done
Event: 1.106 Executing VM operation: Cleanup
Event: 1.106 Executing VM operation: Cleanup done
Event: 2.142 Executing VM operation: HandshakeAllThreads
Event: 2.142 Executing VM operation: HandshakeAllThreads done
Event: 2.142 Executing VM operation: HandshakeAllThreads
Event: 2.142 Executing VM operation: HandshakeAllThreads done
Event: 2.325 Executing VM operation: HandshakeAllThreads
Event: 2.325 Executing VM operation: HandshakeAllThreads done
Event: 2.325 Executing VM operation: Cleanup
Event: 2.326 Executing VM operation: Cleanup done
Event: 3.326 Executing VM operation: Cleanup
Event: 3.326 Executing VM operation: Cleanup done
Event: 192.341 Executing VM operation: Cleanup
Event: 192.341 Executing VM operation: Cleanup done

Events (20 events):
Event: 0.044 Protecting memory [0x00007f4e1d000000,0x00007f4e1d004000] with protection modes 0
Event: 0.044 Thread 0x00007f4e541c8a60 Thread added: 0x00007f4e541c8a60
Event: 0.044 Protecting memory [0x00007f4e1ce00000,0x00007f4e1ce04000] with protection modes 0
Event: 0.044 Thread 0x00007f4e541c9f30 Thread added: 0x00007f4e541c9f30
Event: 0.044 Protecting memory [0x00007f4e1d215000,0x00007f4e1d219000] with protection modes 0
Event: 0.080 Thread 0x00007f4e54290890 Thread added: 0x00007f4e54290890
Event: 0.080 Protecting memory [0x00007f4e1cd00000,0x00007f4e1cd04000] with protection modes 0
Event: 0.090 Thread 0x00007f4de807f080 Thread added: 0x00007f4de807f080
Event: 0.090 Protecting memory [0x00007f4e1ca00000,0x00007f4e1ca04000] with protection modes 0
Event: 0.095 Thread 0x00007f4e542b15f0 Thread added: 0x00007f4e542b15f0
Event: 0.095 Protecting memory [0x00007f4e1cc00000,0x00007f4e1cc04000] with protection modes 0
Event: 0.184 Thread 0x00007f4e54370b00 Thread added: 0x00007f4e54370b00
Event: 0.184 Protecting memory [0x00007f4e1c7fe000,0x00007f4e1c802000] with protection modes 0
Event: 2.117 Thread 0x00007f4de807f080 Thread exited: 0x00007f4de807f080
Event: 2.147 Thread 0x00007f4de81859a0 Thread added: 0x00007f4de81859a0
Event: 2.147 Protecting memory [0x00007f4e1ca00000,0x00007f4e1ca04000] with protection modes 0
Event: 3.117 Thread 0x00007f4de81859a0 Thread exited: 0x00007f4de81859a0
Event: 3.128 Thread 0x00007f4de818cc80 Thread added: 0x00007f4de818cc80
Event: 3.128 Protecting memory [0x00007f4e1ca00000,0x00007f4e1ca04000] with protection modes 0
Event: 9.940 Thread 0x00007f4de818cc80 Thread exited: 0x00007f4de818cc80


Dynamic libraries:
413000000-452000000 rw-p 00000000 00:00 0 
452000000-800000000 ---p 00000000 00:00 0 
800000000-800020000 rw-p 00000000 00:00 0 
800020000-800040000 rw-p 00000000 00:00 0 
800040000-8000c0000 rw-p 00000000 00:00 0 
8000c0000-800110000 rw-p 00000000 00:00 0 
800110000-840000000 ---p 00000000 00:00 0 
55aecde01000-55aecde02000 r-xp 00000000 00:362 1151133                   /nix/store/x5f0fpif5hzy2jsjlm59x7pgf4s4nx0w-java-language-server-0.2.38/share/java/java-language-server/linux/bin/java
55aecde03000-55aecde04000 r--p 00001000 00:362 1151133                   /nix/store/x5f0fpif5hzy2jsjlm59x7pgf4s4nx0w-java-language-server-0.2.38/share/java/java-language-server/linux/bin/java
55aecde04000-55aecde05000 rw-p 00002000 00:362 1151133                   /nix/store/x5f0fpif5hzy2jsjlm59x7pgf4s4nx0w-java-language-server-0.2.38/share/java/java-language-server/linux/bin/java
55aeeae2b000-55aeeae73000 rw-p 00000000 00:00 0                          [heap]
7f4dc4000000-7f4dc40a2000 rw-p 00000000 00:00 0 
7f4dc40a2000-7f4dc8000000 ---p 00000000 00:00 0 
7f4dcc000000-7f4dcc024000 rw-p 00000000 00:00 0 
7f4dcc024000-7f4dd0000000 ---p 00000000 00:00 0 
7f4dd1c00000-7f4dd3db7000 r-xp 00000000 00:362 1151238                   /nix/store/x5f0fpif5hzy2jsjlm59x7pgf4s4nx0w-java-language-server-0.2.38/share/java/java-language-server/linux/lib/libjvmcicompiler.so
7f4dd3db7000-7f4dd3fb6000 ---p 021b7000 00:362 1151238                   /nix/store/x5f0fpif5hzy2jsjlm59x7pgf4s4nx0w-java-language-server-0.2.38/share/java/java-language-server/linux/lib/libjvmcicompiler.so
7f4dd3fb6000-7f4dd3fb7000 r--p 021b6000 00:362 1151238                   /nix/store/x5f0fpif5hzy2jsjlm59x7pgf4s4nx0w-java-language-server-0.2.38/share/java/java-language-server/linux/lib/libjvmcicompiler.so
7f4dd3fb7000-7f4dd3fba000 rw-p 021b7000 00:362 1151238                   /nix/store/x5f0fpif5hzy2jsjlm59x7pgf4s4nx0w-java-language-server-0.2.38/share/java/java-language-server/linux/lib/libjvmcicompiler.so
7f4dd3fba000-7f4dd3fbf000 rw-p 02418000 00:362 1151238                   /nix/store/x5f0fpif5hzy2jsjlm59x7pgf4s4nx0w-java-language-server-0.2.38/share/java/java-language-server/linux/lib/libjvmcicompiler.so
7f4dd4000000-7f4dd40be000 rw-p 00000000 00:00 0 
7f4dd40be000-7f4dd8000000 ---p 00000000 00:00 0 
7f4dd8000000-7f4dd8021000 rw-p 00000000 00:00 0 
7f4dd8021000-7f4ddc000000 ---p 00000000 00:00 0 
7f4ddc000000-7f4ddc021000 rw-p 00000000 00:00 0 
7f4ddc021000-7f4de0000000 ---p 00000000 00:00 0 
7f4de0000000-7f4de0021000 rw-p 00000000 00:00 0 
7f4de0021000-7f4de4000000 ---p 00000000 00:00 0 
7f4de4000000-7f4de405b000 rw-p 00000000 00:00 0 
7f4de405b000-7f4de8000000 ---p 00000000 00:00 0 
7f4de8000000-7f4de8190000 rw-p 00000000 00:00 0 
7f4de8190000-7f4dec000000 ---p 00000000 00:00 0 
7f4dec000000-7f4dec021000 rw-p 00000000 00:00 0 
7f4dec021000-7f4df0000000 ---p 00000000 00:00 0 
7f4df0000000-7f4df0021000 rw-p 00000000 00:00 0 
7f4df0021000-7f4df4000000 ---p 00000000 00:00 0 
7f4df4000000-7f4df4021000 rw-p 00000000 00:00 0 
7f4df4021000-7f4df8000000 ---p 00000000 00:00 0 
7f4df8000000-7f4df8021000 rw-p 00000000 00:00 0 
7f4df8021000-7f4dfc000000 ---p 00000000 00:00 0 
7f4dfc000000-7f4dfc021000 rw-p 00000000 00:00 0 
7f4dfc021000-7f4e00000000 ---p 00000000 00:00 0 
7f4e00000000-7f4e00021000 rw-p 00000000 00:00 0 
7f4e00021000-7f4e04000000 ---p 00000000 00:00 0 
7f4e04000000-7f4e04500000 rw-p 00000000 00:00 0 
7f4e04500000-7f4e04520000 rw-p 00000000 00:00 0 
7f4e04520000-7f4e04540000 rw-p 00000000 00:00 0 
7f4e04540000-7f4e04580000 rw-p 00000000 00:00 0 
7f4e04580000-7f4e04700000 rw-p 00000000 00:00 0 
7f4e04700000-7f4e04780000 rw-p 00000000 00:00 0 
7f4e04780000-7f4e04800000 rw-p 00000000 00:00 0 
7f4e04800000-7f4e04840000 rw-p 00000000 00:00 0 
7f4e04840000-7f4e04880000 rw-p 00000000 00:00 0 
7f4e04880000-7f4e04900000 rw-p 00000000 00:00 0 
7f4e04900000-7f4e04a70000 rw-p 00000000 00:00 0 
7f4e04a70000-7f4e08000000 ---p 00000000 00:00 0 
7f4e08000000-7f4e08021000 rw-p 00000000 00:00 0 
7f4e08021000-7f4e0c000000 ---p 00000000 00:00 0 
7f4e0c000000-7f4e0c021000 rw-p 00000000 00:00 0 
7f4e0c021000-7f4e10000000 ---p 00000000 00:00 0 
7f4e10000000-7f4e10021000 rw-p 00000000 00:00 0 
7f4e10021000-7f4e14000000 ---p 00000000 00:00 0 
7f4e14000000-7f4e14021000 rw-p 00000000 00:00 0 
7f4e14021000-7f4e18000000 ---p 00000000 00:00 0 
7f4e18000000-7f4e18021000 rw-p 00000000 00:00 0 
7f4e18021000-7f4e1c000000 ---p 00000000 00:00 0 
7f4e1c0ff000-7f4e1c200000 rw-p 00000000 00:00 0 
7f4e1c416000-7f4e1c7fe000 rw-p 00000000 00:00 0 
7f4e1c7fe000-7f4e1c802000 ---p 00000000 00:00 0 
7f4e1c802000-7f4e1c8fe000 rw-p 00000000 00:00 0 
7f4e1c8fe000-7f4e1c8ff000 ---p 00000000 00:00 0 
7f4e1c8ff000-7f4e1ca00000 rw-p 00000000 00:00 0 
7f4e1ca00000-7f4e1ca04000 ---p 00000000 00:00 0 
7f4e1ca04000-7f4e1cc00000 rw-p 00000000 00:00 0 
7f4e1cc00000-7f4e1cc04000 ---p 00000000 00:00 0 
7f4e1cc04000-7f4e1cd00000 rw-p 00000000 00:00 0 
7f4e1cd00000-7f4e1cd04000 ---p 00000000 00:00 0 
7f4e1cd04000-7f4e1ce00000 rw-p 00000000 00:00 0 
7f4e1ce00000-7f4e1ce04000 ---p 00000000 00:00 0 
7f4e1ce04000-7f4e1d000000 rw-p 00000000 00:00 0 
7f4e1d000000-7f4e1d004000 ---p 00000000 00:00 0 
7f4e1d004000-7f4e1d200000 rw-p 00000000 00:00 0 
7f4e1d215000-7f4e1d219000 ---p 00000000 00:00 0 
7f4e1d219000-7f4e1d315000 rw-p 00000000 00:00 0 
7f4e1d315000-7f4e1d319000 ---p 00000000 00:00 0 
7f4e1d319000-7f4e1d415000 rw-p 00000000 00:00 0 
7f4e1d415000-7f4e1d419000 ---p 00000000 00:00 0 
7f4e1d419000-7f4e1d515000 rw-p 00000000 00:00 0 
7f4e1d515000-7f4e1d519000 ---p 00000000 00:00 0 
7f4e1d519000-7f4e1d615000 rw-p 00000000 00:00 0 
7f4e1d615000-7f4e1d619000 ---p 00000000 00:00 0 
7f4e1d619000-7f4e1d715000 rw-p 00000000 00:00 0 
7f4e1d715000-7f4e1da00000 r--p 00000000 00:326 1458539                   /usr/lib/locale/locale-archive
7f4e1da00000-7f4e1fa00000 rw-p 00000000 00:00 0 
7f4e1fa17000-7f4e1fa48000 rw-p 00000000 00:00 0 
7f4e1fa48000-7f4e1fa4c000 ---p 00000000 00:00 0 
7f4e1fa4c000-7f4e1fb48000 rw-p 00000000 00:00 0 
7f4e1fb48000-7f4e20b08000 rw-p 00000000 00:00 0 
7f4e20b08000-7f4e2f688000 ---p 00000000 00:00 0 
7f4e2f688000-7f4e30648000 rw-p 00000000 00:00 0 
7f4e30648000-7f4e3f1c8000 ---p 00000000 00:00 0 
7f4e3f1c8000-7f4e3f3c0000 rw-p 00000000 00:00 0 
7f4e3f3c0000-7f4e41130000 ---p 00000000 00:00 0 
7f4e41130000-7f4e41328000 rw-p 00000000 00:00 0 
7f4e41328000-7f4e43098000 ---p 00000000 00:00 0 
7f4e43098000-7f4e43290000 rw-p 00000000 00:00 0 
7f4e43290000-7f4e45000000 ---p 00000000 00:00 0 
7f4e45000000-7f4e45270000 rwxp 00000000 00:00 0 
7f4e45270000-7f4e4c4f2000 ---p 00000000 00:00 0 
7f4e4c4f2000-7f4e4c762000 rwxp 00000000 00:00 0 
7f4e4c762000-7f4e4cb0e000 ---p 00000000 00:00 0 
7f4e4cb0e000-7f4e4cd7e000 rwxp 00000000 00:00 0 
7f4e4cd7e000-7f4e54000000 ---p 00000000 00:00 0 
7f4e54000000-7f4e543e0000 rw-p 00000000 00:00 0 
7f4e543e0000-7f4e58000000 ---p 00000000 00:00 0 
7f4e5801b000-7f4e58022000 r--s 00000000 00:326 1458804                   /usr/lib/x86_64-linux-gnu/gconv/gconv-modules.cache
7f4e58022000-7f4e58030000 r-xp 00000000 00:362 1151239                   /nix/store/x5f0fpif5hzy2jsjlm59x7pgf4s4nx0w-java-language-server-0.2.38/share/java/java-language-server/linux/lib/libnet.so
7f4e58030000-7f4e58031000 r--p 0000d000 00:362 1151239                   /nix/store/x5f0fpif5hzy2jsjlm59x7pgf4s4nx0w-java-language-server-0.2.38/share/java/java-language-server/linux/lib/libnet.so
7f4e58031000-7f4e58032000 rw-p 0000e000 00:362 1151239                   /nix/store/x5f0fpif5hzy2jsjlm59x7pgf4s4nx0w-java-language-server-0.2.38/share/java/java-language-server/linux/lib/libnet.so
7f4e58032000-7f4e58045000 r-xp 00000000 00:362 1151240                   /nix/store/x5f0fpif5hzy2jsjlm59x7pgf4s4nx0w-java-language-server-0.2.38/share/java/java-language-server/linux/lib/libnio.so
7f4e58045000-7f4e58046000 r--p 00012000 00:362 1151240                   /nix/store/x5f0fpif5hzy2jsjlm59x7pgf4s4nx0w-java-language-server-0.2.38/share/java/java-language-server/linux/lib/libnio.so
7f4e58046000-7f4e58047000 rw-p 00013000 00:362 1151240                   /nix/store/x5f0fpif5hzy2jsjlm59x7pgf4s4nx0w-java-language-server-0.2.38/share/java/java-language-server/linux/lib/libnio.so
7f4e58047000-7f4e58078000 rw-p 00000000 00:00 0 
7f4e58078000-7f4e58079000 ---p 00000000 00:00 0 
7f4e58079000-7f4e5817a000 rw-p 00000000 00:00 0 
7f4e5817a000-7f4e58297000 rw-p 00000000 00:00 0 
7f4e58297000-7f4e58298000 ---p 00000000 00:00 0 
7f4e58298000-7f4e58399000 rw-p 00000000 00:00 0 
7f4e58399000-7f4e5839a000 ---p 00000000 00:00 0 
7f4e5839a000-7f4e5849b000 rw-p 00000000 00:00 0 
7f4e5849b000-7f4e58aa1000 rw-p 00000000 00:00 0 
7f4e58aa1000-7f4e58aa2000 ---p 00000000 00:00 0 
7f4e58aa2000-7f4e58ba3000 rw-p 00000000 00:00 0 
7f4e58ba3000-7f4e58ba4000 ---p 00000000 00:00 0 
7f4e58ba4000-7f4e58ca5000 rw-p 00000000 00:00 0 
7f4e58ca5000-7f4e58ca6000 ---p 00000000 00:00 0 
7f4e58ca6000-7f4e58da7000 rw-p 00000000 00:00 0 
7f4e58da7000-7f4e594f1000 rw-p 00000000 00:00 0 
7f4e594f1000-7f4e595d6000 ---p 00000000 00:00 0 
7f4e595d6000-7f4e595db000 rw-p 00000000 00:00 0 
7f4e595db000-7f4e596c0000 ---p 00000000 00:00 0 
7f4e596c0000-7f4e596c5000 rw-p 00000000 00:00 0 
7f4e596c5000-7f4e596cd000 ---p 00000000 00:00 0 
7f4e596cd000-7f4e596d5000 rw-s 00000000 00:323 89826                     /tmp/hsperfdata_runner/12810
7f4e596d5000-7f4e596d6000 ---p 00000000 00:00 0 
7f4e596d6000-7f4e596d7000 r--p 00000000 00:00 0 
7f4e596d7000-7f4e596fd000 r-xp 00000000 00:362 1151233                   /nix/store/x5f0fpif5hzy2jsjlm59x7pgf4s4nx0w-java-language-server-0.2.38/share/java/java-language-server/linux/lib/libjava.so
7f4e596fd000-7f4e596fe000 r--p 00025000 00:362 1151233                   /nix/store/x5f0fpif5hzy2jsjlm59x7pgf4s4nx0w-java-language-server-0.2.38/share/java/java-language-server/linux/lib/libjava.so
7f4e596fe000-7f4e596ff000 rw-p 00026000 00:362 1151233                   /nix/store/x5f0fpif5hzy2jsjlm59x7pgf4s4nx0w-java-language-server-0.2.38/share/java/java-language-server/linux/lib/libjava.so
7f4e596ff000-7f4e59700000 rw-p 00000000 00:00 0 
7f4e59700000-7f4e59707000 r-xp 00000000 00:362 1151243                   /nix/store/x5f0fpif5hzy2jsjlm59x7pgf4s4nx0w-java-language-server-0.2.38/share/java/java-language-server/linux/lib/libzip.so
7f4e59707000-7f4e59708000 ---p 00007000 00:362 1151243                   /nix/store/x5f0fpif5hzy2jsjlm59x7pgf4s4nx0w-java-language-server-0.2.38/share/java/java-language-server/linux/lib/libzip.so
7f4e59708000-7f4e59709000 r--p 00007000 00:362 1151243                   /nix/store/x5f0fpif5hzy2jsjlm59x7pgf4s4nx0w-java-language-server-0.2.38/share/java/java-language-server/linux/lib/libzip.so
7f4e59709000-7f4e5970a000 rw-p 00008000 00:362 1151243                   /nix/store/x5f0fpif5hzy2jsjlm59x7pgf4s4nx0w-java-language-server-0.2.38/share/java/java-language-server/linux/lib/libzip.so
7f4e5970a000-7f4e5ac44000 r--s 00000000 00:362 1151244                   /nix/store/x5f0fpif5hzy2jsjlm59x7pgf4s4nx0w-java-language-server-0.2.38/share/java/java-language-server/linux/lib/modules
7f4e5ac44000-7f4e5ac5f000 r-xp 00000000 00:362 1151235                   /nix/store/x5f0fpif5hzy2jsjlm59x7pgf4s4nx0w-java-language-server-0.2.38/share/java/java-language-server/linux/lib/libjimage.so
7f4e5ac5f000-7f4e5ac60000 ---p 0001b000 00:362 1151235                   /nix/store/x5f0fpif5hzy2jsjlm59x7pgf4s4nx0w-java-language-server-0.2.38/share/java/java-language-server/linux/lib/libjimage.so
7f4e5ac60000-7f4e5ac62000 r--p 0001b000 00:362 1151235                   /nix/store/x5f0fpif5hzy2jsjlm59x7pgf4s4nx0w-java-language-server-0.2.38/share/java/java-language-server/linux/lib/libjimage.so
7f4e5ac62000-7f4e5ac63000 rw-p 0001d000 00:362 1151235                   /nix/store/x5f0fpif5hzy2jsjlm59x7pgf4s4nx0w-java-language-server-0.2.38/share/java/java-language-server/linux/lib/libjimage.so
7f4e5ac63000-7f4e5ac67000 ---p 00000000 00:00 0 
7f4e5ac67000-7f4e5ad63000 rw-p 00000000 00:00 0 
7f4e5ad63000-7f4e5ad73000 r--p 00000000 00:326 1458862                   /usr/lib/x86_64-linux-gnu/libm.so.6
7f4e5ad73000-7f4e5adf2000 r-xp 00010000 00:326 1458862                   /usr/lib/x86_64-linux-gnu/libm.so.6
7f4e5adf2000-7f4e5ae4a000 r--p 0008f000 00:326 1458862                   /usr/lib/x86_64-linux-gnu/libm.so.6
7f4e5ae4a000-7f4e5ae4b000 r--p 000e7000 00:326 1458862                   /usr/lib/x86_64-linux-gnu/libm.so.6
7f4e5ae4b000-7f4e5ae4c000 rw-p 000e8000 00:326 1458862                   /usr/lib/x86_64-linux-gnu/libm.so.6
7f4e5ae4c000-7f4e5ae4d000 r--p 00000000 00:326 1458881                   /usr/lib/x86_64-linux-gnu/librt.so.1
7f4e5ae4d000-7f4e5ae4e000 r-xp 00001000 00:326 1458881                   /usr/lib/x86_64-linux-gnu/librt.so.1
7f4e5ae4e000-7f4e5ae4f000 r--p 00002000 00:326 1458881                   /usr/lib/x86_64-linux-gnu/librt.so.1
7f4e5ae4f000-7f4e5ae50000 r--p 00002000 00:326 1458881                   /usr/lib/x86_64-linux-gnu/librt.so.1
7f4e5ae50000-7f4e5ae51000 rw-p 00003000 00:326 1458881                   /usr/lib/x86_64-linux-gnu/librt.so.1
7f4e5ae51000-7f4e5c036000 r-xp 00000000 00:362 1151252                   /nix/store/x5f0fpif5hzy2jsjlm59x7pgf4s4nx0w-java-language-server-0.2.38/share/java/java-language-server/linux/lib/server/libjvm.so
7f4e5c036000-7f4e5c100000 r--p 011e4000 00:362 1151252                   /nix/store/x5f0fpif5hzy2jsjlm59x7pgf4s4nx0w-java-language-server-0.2.38/share/java/java-language-server/linux/lib/server/libjvm.so
7f4e5c100000-7f4e5c135000 rw-p 012ae000 00:362 1151252                   /nix/store/x5f0fpif5hzy2jsjlm59x7pgf4s4nx0w-java-language-server-0.2.38/share/java/java-language-server/linux/lib/server/libjvm.so
7f4e5c135000-7f4e5c192000 rw-p 00000000 00:00 0 
7f4e5c192000-7f4e5c1ba000 r--p 00000000 00:326 1458827                   /usr/lib/x86_64-linux-gnu/libc.so.6
7f4e5c1ba000-7f4e5c342000 r-xp 00028000 00:326 1458827                   /usr/lib/x86_64-linux-gnu/libc.so.6
7f4e5c342000-7f4e5c391000 r--p 001b0000 00:326 1458827                   /usr/lib/x86_64-linux-gnu/libc.so.6
7f4e5c391000-7f4e5c395000 r--p 001fe000 00:326 1458827                   /usr/lib/x86_64-linux-gnu/libc.so.6
7f4e5c395000-7f4e5c397000 rw-p 00202000 00:326 1458827                   /usr/lib/x86_64-linux-gnu/libc.so.6
7f4e5c397000-7f4e5c3a4000 rw-p 00000000 00:00 0 
7f4e5c3a4000-7f4e5c3a5000 r--p 00000000 00:326 1458835                   /usr/lib/x86_64-linux-gnu/libdl.so.2
7f4e5c3a5000-7f4e5c3a6000 r-xp 00001000 00:326 1458835                   /usr/lib/x86_64-linux-gnu/libdl.so.2
7f4e5c3a6000-7f4e5c3a7000 r--p 00002000 00:326 1458835                   /usr/lib/x86_64-linux-gnu/libdl.so.2
7f4e5c3a7000-7f4e5c3a8000 r--p 00002000 00:326 1458835                   /usr/lib/x86_64-linux-gnu/libdl.so.2
7f4e5c3a8000-7f4e5c3a9000 rw-p 00003000 00:326 1458835                   /usr/lib/x86_64-linux-gnu/libdl.so.2
7f4e5c3a9000-7f4e5c3aa000 r--p 00000000 00:326 1458879                   /usr/lib/x86_64-linux-gnu/libpthread.so.0
7f4e5c3aa000-7f4e5c3ab000 r-xp 00001000 00:326 1458879                   /usr/lib/x86_64-linux-gnu/libpthread.so.0
7f4e5c3ab000-7f4e5c3ac000 r--p 00002000 00:326 1458879                   /usr/lib/x86_64-linux-gnu/libpthread.so.0
7f4e5c3ac000-7f4e5c3ad000 r--p 00002000 00:326 1458879                   /usr/lib/x86_64-linux-gnu/libpthread.so.0
7f4e5c3ad000-7f4e5c3ae000 rw-p 00003000 00:326 1458879                   /usr/lib/x86_64-linux-gnu/libpthread.so.0
7f4e5c3ae000-7f4e5c3bc000 r-xp 00000000 00:362 1151236                   /nix/store/x5f0fpif5hzy2jsjlm59x7pgf4s4nx0w-java-language-server-0.2.38/share/java/java-language-server/linux/lib/libjli.so
7f4e5c3bc000-7f4e5c3bd000 ---p 0000e000 00:362 1151236                   /nix/store/x5f0fpif5hzy2jsjlm59x7pgf4s4nx0w-java-language-server-0.2.38/share/java/java-language-server/linux/lib/libjli.so
7f4e5c3bd000-7f4e5c3be000 r--p 0000e000 00:362 1151236                   /nix/store/x5f0fpif5hzy2jsjlm59x7pgf4s4nx0w-java-language-server-0.2.38/share/java/java-language-server/linux/lib/libjli.so
7f4e5c3be000-7f4e5c3bf000 rw-p 0000f000 00:362 1151236                   /nix/store/x5f0fpif5hzy2jsjlm59x7pgf4s4nx0w-java-language-server-0.2.38/share/java/java-language-server/linux/lib/libjli.so
7f4e5c3bf000-7f4e5c3c1000 rw-p 00000000 00:00 0 
7f4e5c3c1000-7f4e5c3c3000 r--p 00000000 00:326 1451327                   /usr/lib/x86_64-linux-gnu/libz.so.1.3
7f4e5c3c3000-7f4e5c3d5000 r-xp 00002000 00:326 1451327                   /usr/lib/x86_64-linux-gnu/libz.so.1.3
7f4e5c3d5000-7f4e5c3db000 r--p 00014000 00:326 1451327                   /usr/lib/x86_64-linux-gnu/libz.so.1.3
7f4e5c3db000-7f4e5c3dc000 r--p 0001a000 00:326 1451327                   /usr/lib/x86_64-linux-gnu/libz.so.1.3
7f4e5c3dc000-7f4e5c3dd000 rw-p 0001b000 00:326 1451327                   /usr/lib/x86_64-linux-gnu/libz.so.1.3
7f4e5c3de000-7f4e5c3df000 ---p 00000000 00:00 0 
7f4e5c3df000-7f4e5c3e0000 r--p 00000000 00:362 1033022                   /nix/store/sj11ljhx4n79h9g0167f8lg8hp7n545m-replit_rtld_loader-1/rtld_loader.so
7f4e5c3e0000-7f4e5c3e2000 r-xp 00001000 00:362 1033022                   /nix/store/sj11ljhx4n79h9g0167f8lg8hp7n545m-replit_rtld_loader-1/rtld_loader.so
7f4e5c3e2000-7f4e5c3e3000 r--p 00003000 00:362 1033022                   /nix/store/sj11ljhx4n79h9g0167f8lg8hp7n545m-replit_rtld_loader-1/rtld_loader.so
7f4e5c3e3000-7f4e5c3e4000 r--p 00003000 00:362 1033022                   /nix/store/sj11ljhx4n79h9g0167f8lg8hp7n545m-replit_rtld_loader-1/rtld_loader.so
7f4e5c3e4000-7f4e5c3e5000 rw-p 00004000 00:362 1033022                   /nix/store/sj11ljhx4n79h9g0167f8lg8hp7n545m-replit_rtld_loader-1/rtld_loader.so
7f4e5c3e5000-7f4e5c3fd000 rw-p 00000000 00:00 0 
7f4e5c3fd000-7f4e5c3ff000 r--p 00000000 00:00 0                          [vvar]
7f4e5c3ff000-7f4e5c401000 r--p 00000000 00:00 0                          [vvar_vclock]
7f4e5c401000-7f4e5c403000 r-xp 00000000 00:00 0                          [vdso]
7f4e5c403000-7f4e5c404000 r--p 00000000 00:326 1458818                   /usr/lib/x86_64-linux-gnu/ld-linux-x86-64.so.2
7f4e5c404000-7f4e5c42f000 r-xp 00001000 00:326 1458818                   /usr/lib/x86_64-linux-gnu/ld-linux-x86-64.so.2
7f4e5c42f000-7f4e5c439000 r--p 0002c000 00:326 1458818                   /usr/lib/x86_64-linux-gnu/ld-linux-x86-64.so.2
7f4e5c439000-7f4e5c43b000 r--p 00036000 00:326 1458818                   /usr/lib/x86_64-linux-gnu/ld-linux-x86-64.so.2
7f4e5c43b000-7f4e5c43d000 rw-p 00038000 00:326 1458818                   /usr/lib/x86_64-linux-gnu/ld-linux-x86-64.so.2
7ffe31567000-7ffe3158b000 rw-p 00000000 00:00 0                          [stack]
ffffffffff600000-ffffffffff601000 --xp 00000000 00:00 0                  [vsyscall]


VM Arguments:
jvm_args: -XX:ThreadPriorityPolicy=1 -XX:+UnlockExperimentalVMOptions -XX:+EnableJVMCIProduct -XX:JVMCIThreadsPerNativeLibraryRuntime=1 -XX:-UnlockExperimentalVMOptions --add-exports=jdk.compiler/com.sun.tools.javac.api=ALL-UNNAMED --add-exports=jdk.compiler/com.sun.tools.javac.code=ALL-UNNAMED --add-exports=jdk.compiler/com.sun.tools.javac.comp=ALL-UNNAMED --add-exports=jdk.compiler/com.sun.tools.javac.main=ALL-UNNAMED --add-exports=jdk.compiler/com.sun.tools.javac.tree=ALL-UNNAMED --add-exports=jdk.compiler/com.sun.tools.javac.model=ALL-UNNAMED --add-exports=jdk.compiler/com.sun.tools.javac.util=ALL-UNNAMED --add-opens=jdk.compiler/com.sun.tools.javac.api=ALL-UNNAMED 
java_command: org.javacs.Main
java_class_path (initial): /nix/store/x5f0fpif5hzy2jsjlm59x7pgf4s4nx0w-java-language-server-0.2.38/share/java/java-language-server/classpath/gson-2.8.9.jar:/nix/store/x5f0fpif5hzy2jsjlm59x7pgf4s4nx0w-java-language-server-0.2.38/share/java/java-language-server/classpath/protobuf-java-3.19.3.jar:/nix/store/x5f0fpif5hzy2jsjlm59x7pgf4s4nx0w-java-language-server-0.2.38/share/java/java-language-server/classpath/java-language-server.jar
Launcher Type: SUN_STANDARD

[Global flags]
     intx CICompilerCount                          = 3                                         {product} {ergonomic}
     uint ConcGCThreads                            = 2                                         {product} {ergonomic}
     bool EnableJVMCIProduct                       = true                                {JVMCI product} {jimage}
     uint G1ConcRefinementThreads                  = 6                                         {product} {ergonomic}
   size_t G1HeapRegionSize                         = 8388608                                   {product} {ergonomic}
    uintx GCDrainStackTargetSize                   = 64                                        {product} {ergonomic}
   size_t InitialHeapSize                          = 1056964608                                {product} {ergonomic}
     uint JVMCIThreadsPerNativeLibraryRuntime      = 1                                   {JVMCI product} {jimage}
   size_t MarkStackSize                            = 4194304                                   {product} {ergonomic}
   size_t MaxHeapSize                              = 16861102080                               {product} {ergonomic}
   size_t MaxNewSize                               = 10116661248                               {product} {ergonomic}
   size_t MinHeapDeltaBytes                        = 8388608                                   {product} {ergonomic}
   size_t MinHeapSize                              = 8388608                                   {product} {ergonomic}
    uintx NonNMethodCodeHeapSize                   = 6402904                                {pd product} {ergonomic}
    uintx NonProfiledCodeHeapSize                  = 122627668                              {pd product} {ergonomic}
    uintx ProfiledCodeHeapSize                     = 122627668                              {pd product} {ergonomic}
    uintx ReservedCodeCacheSize                    = 251658240                              {pd product} {ergonomic}
     bool SegmentedCodeCache                       = true                                      {product} {ergonomic}
   size_t SoftMaxHeapSize                          = 16861102080                            {manageable} {ergonomic}
     intx ThreadPriorityPolicy                     = 1                                         {product} {jimage}
     bool UseCompressedClassPointers               = true                           {product lp64_product} {ergonomic}
     bool UseCompressedOops                        = true                           {product lp64_product} {ergonomic}
     bool UseG1GC                                  = true                                      {product} {ergonomic}

Logging:
Log output configuration:
 #0: stdout all=warning uptime,level,tags foldmultilines=false
 #1: stderr all=off uptime,level,tags foldmultilines=false

Environment Variables:
PATH=/nix/store/b1kq183rmmiv453fn6f8bfmi1drxvxba-npx/bin:/home/runner/workspace/.config/npm/node_global/bin:/home/runner/workspace/node_modules/.bin:/nix/store/1lagpgadaybvs1n2312gysg2phjk89y8-nodejs-20.20.0-wrapped/bin:/nix/store/1xk3mgscq548ypyrgm2n5kwdii92w9ql-bun-1.3.6/bin:/nix/store/61lr9izijvg30pcribjdxgjxvh3bysp4-pnpm-10.26.1/bin:/nix/store/23078nfww258q1vjxbmyak0svvxcvj4s-yarn-1.22.22/bin:/nix/store/8sa75mbvbn3kxicggyyjggmkigvzddks-prettier-3.6.2/bin:/nix/store/c8hr2f0b0dm685yx1dkp6bw24bpx495n-graalvm19-ce-22.3.1/bin:/nix/store/4lslm4qgsyjmpdw64w0a8q5bdmlzjvjd-apache-maven-3.8.6/bin:/nix/store/0nxvi9r5ymdlr2p24rjj9qzyms72zld1-bash-interactive-5.2p37/bin:/nix/store/0flj33q30lmzdjagwjqh964qmiyklww2-patchelf-0.15.0/bin:/nix/store/a0d7m3zn9p2dfa1h7ag9h2wzzr2w25sn-gcc-wrapper-14.2.1.20250322/bin:/nix/store/6i862vz60awrlsila8vw18rg4d4l66iy-gcc-14.2.1.20250322/bin:/nix/store/y2xdxp8r4g92q28am6mbxj44rivnyirl-glibc-2.40-66-bin/bin:/nix/store/mp7ba85zcqdj2sqwa29pql02s6nqpcxy-coreutils-9.7/bin:/nix/store/2gkh9v7wrzjq6ws312c6z6ajwnjvwcmb-binutils-wrapper-2.44/bin:/nix/store/mkvc0lnnpmi604rqsjdlv1pmhr638nbd-binutils-2.44/bin:/nix/store/i07crp4mg1rimd97s1byrq4gasg7dsk5-flutter-wrapped-3.32.0-sdk-links/bin:/nix/store/cpwib3zazj49fm0y04y53w4xkbqsgrgm-mesa-25.0.7/bin:/nix/store/3r2184gwq0cjmwf9f819xdm2ggqnjijg-libcap-2.75/bin:/nix/store/px08h5pmb6vr98y751ck1gwn0852iqqq-pulseaudio-17.0/bin:/nix/store/7fjnb79r7p38piiyn5xwgcj5w7fpfi02-findutils-4.10.0/bin:/nix/store/1pi99mlqimxmqm1jvllbcaj8v16w2nbv-diffutils-3.12/bin:/nix/store/x23s7lcvhf18zz3rj543680jgrj71vil-gnused-4.9/bin:/nix/store/8b4vn1iyn6kqiisjvlmv67d1c0p3j6wj-gnugrep-3.11/bin:/nix/store/n8825s8qprf8p70m0hq6pz7rvlnsxdjm-gawk-5.3.2/bin:/nix/store/7nilh5hvnfbsx3vn020pkjkgx9rgsizb-gnutar-1.35/bin:/nix/store/gqpd9ax2s6jjf7mjyv1q7bwbsycyaxic-gzip-1.14/bin:/nix/store/28z6bx9sg0lsr7wra22pbjsk6fzfphy4-bzip2-1.0.8-bin/bin:/nix/store/8dl5ryfna3hjqhvnkw7srm6wnka6agxl-gnumake-4.4.1/bin:/nix/store/ih68ar79msmj0496pgld4r3vqfr7bbin-bash-5.2p37/bin:/nix/store/kc8h52p4dfgajrg3qlgx246hl0znr213-patch-2.7.6/bin:/nix/store/cmv326slnswzsjm2sqgbz16hzzqvkfjy-xz-5.8.1-bin/bin:/nix/store/v5skl3bspzhm2y13vcxcrw8w29g6phi0-file-5.45/bin:/nix/store/jx6gid235nva29yyfn8d06lm4y4vbm1v-pid1/bin:/nix/store/s41bqqrym7dlk8m3nk74fx26kgrx0kv8-replit-runtime-path/bin:/home/runner/.nix-profile/bin:/home/runner/.local/bin:/usr/local/sbin:/usr/local/bin:/usr/sbin:/usr/bin:/sbin:/bin
DISPLAY=:0
LANG=en_US.UTF-8

Active Locale:
LC_ALL=en_US.UTF-8
LC_COLLATE=en_US.UTF-8
LC_CTYPE=en_US.UTF-8
LC_MESSAGES=en_US.UTF-8
LC_MONETARY=en_US.UTF-8
LC_NUMERIC=en_US.UTF-8
LC_TIME=en_US.UTF-8

Signal Handlers:
   SIGSEGV: crash_handler in libjvm.so, mask=11100100010111111101111111111110, flags=SA_RESTART|SA_SIGINFO
    SIGBUS: crash_handler in libjvm.so, mask=11100100010111111101111111111110, flags=SA_RESTART|SA_SIGINFO
    SIGFPE: crash_handler in libjvm.so, mask=11100100010111111101111111111110, flags=SA_RESTART|SA_SIGINFO
   SIGPIPE: IsolateEnterStub_IgnoreSIGPIPEStartupHook_noopSignalHandler_e7f927579b58c552540f032273d7664341ccbaa6_76208cad888c6e1fb3760e66784fb81a9ad004e5 in libjvmcicompiler.so, mask=00000000000000000000000000000000, flags=SA_RESTART
  *** Handler was modified!
  *** Expected: javaSignalHandler in libjvm.so, mask=11100100110111111111111111111110, flags=SA_RESTART|SA_SIGINFO
   SIGXFSZ: javaSignalHandler in libjvm.so, mask=11100100010111111101111111111110, flags=SA_RESTART|SA_SIGINFO
    SIGILL: crash_handler in libjvm.so, mask=11100100010111111101111111111110, flags=SA_RESTART|SA_SIGINFO
   SIGUSR2: SR_handler in libjvm.so, mask=00000000000000000000000000000000, flags=SA_RESTART|SA_SIGINFO
    SIGHUP: UserHandler in libjvm.so, mask=11100100010111111101111111111110, flags=SA_RESTART|SA_SIGINFO
    SIGINT: UserHandler in libjvm.so, mask=11100100010111111101111111111110, flags=SA_RESTART|SA_SIGINFO
   SIGTERM: UserHandler in libjvm.so, mask=11100100010111111101111111111110, flags=SA_RESTART|SA_SIGINFO
   SIGQUIT: UserHandler in libjvm.so, mask=11100100010111111101111111111110, flags=SA_RESTART|SA_SIGINFO
   SIGTRAP: crash_handler in libjvm.so, mask=11100100010111111101111111111110, flags=SA_RESTART|SA_SIGINFO


---------------  S Y S T E M  ---------------

OS:
DISTRIB_ID=Ubuntu
DISTRIB_RELEASE=24.04
DISTRIB_CODENAME=noble
DISTRIB_DESCRIPTION="Ubuntu 24.04.2 LTS"
uname: Linux 6.14.11 #1-NixOS SMP PREEMPT_DYNAMIC Tue Jan  1 00:00:00 UTC 1980 x86_64
OS uptime: 0 days 12:16 hours
libc: glibc 2.39 NPTL 2.39 
rlimit (soft/hard): STACK 8192k/infinity , CORE infinity/infinity , NPROC infinity/infinity , NOFILE 83886/83886 , AS infinity/infinity , CPU infinity/infinity , DATA infinity/infinity , FSIZE infinity/infinity , MEMLOCK 8192k/8192k
load average: 2.91 2.36 2.08

/proc/meminfo:
MemTotal:       65847776 kB
MemFree:         1003460 kB
MemAvailable:   22134196 kB
Buffers:          387740 kB
Cached:         20115332 kB
SwapCached:            0 kB
Active:         31591204 kB
Inactive:       29401180 kB
Active(anon):   26286848 kB
Inactive(anon): 14692212 kB
Active(file):    5304356 kB
Inactive(file): 14708968 kB
Unevictable:           0 kB
Mlocked:               0 kB
SwapTotal:             0 kB
SwapFree:              0 kB
Zswap:                 0 kB
Zswapped:              0 kB
Dirty:              1100 kB
Writeback:           184 kB
AnonPages:      40488980 kB
Mapped:          2024832 kB
Shmem:            490516 kB
KReclaimable:    1844204 kB
Slab:            2637700 kB
SReclaimable:    1844204 kB
SUnreclaim:       793496 kB
KernelStack:      123504 kB
PageTables:       663092 kB
SecPageTables:         0 kB
NFS_Unstable:          0 kB
Bounce:                0 kB
WritebackTmp:          0 kB
CommitLimit:    32923888 kB
Committed_AS:   76354868 kB
VmallocTotal:   13743895347199 kB
VmallocUsed:      170744 kB
VmallocChunk:          0 kB
Percpu:            47680 kB
HardwareCorrupted:     0 kB
AnonHugePages:     14336 kB
ShmemHugePages:        0 kB
ShmemPmdMapped:        0 kB
FileHugePages:         0 kB
FilePmdMapped:         0 kB
CmaTotal:              0 kB
CmaFree:               0 kB
Unaccepted:            0 kB
HugePages_Total:       0
HugePages_Free:        0
HugePages_Rsvd:        0
HugePages_Surp:        0
Hugepagesize:       2048 kB
Hugetlb:               0 kB
DirectMap4k:      169940 kB
DirectMap2M:    13461504 kB
DirectMap1G:    55574528 kB

/sys/kernel/mm/transparent_hugepage/enabled: always [madvise] never
/sys/kernel/mm/transparent_hugepage/defrag (defrag/compaction efforts parameter): always defer defer+madvise [madvise] never

Process Memory:
Virtual Size: 19914040K (peak: 20013520K)
Resident Set Size: 85692K (peak: 114036K) (anon: 45028K, file: 40664K, shmem: 0K)
Swapped out: 0K
C-Heap outstanding allocations: 27449K, retained: 4150K
glibc malloc tunables: GLIBC_TUNABLES=glibc.rtld.optional_static_tls=10000

/proc/sys/kernel/threads-max (system-wide limit on the number of threads): 514280
/proc/sys/vm/max_map_count (maximum number of memory map areas a process may have): 65530
/proc/sys/kernel/pid_max (system-wide limit on number of process identifiers): 4194304

container information not found.
KVM virtualization detected
Steal ticks since vm start: 0
Steal ticks percentage since vm start:  0.000

CPU: total 8 (initial active 6) (8 cores per cpu, 2 threads per core) family 25 model 17 stepping 1 microcode 0xffffffff, cx8, cmov, fxsr, ht, mmx, 3dnowpref, sse, sse2, sse3, ssse3, sse4a, sse4.1, sse4.2, popcnt, lzcnt, tsc, tscinvbit, avx, avx2, aes, erms, clmul, bmi1, bmi2, adx, avx512f, avx512dq, avx512cd, avx512bw, avx512vl, sha, fma, vzeroupper, avx512_vpopcntdq, avx512_vpclmulqdq, avx512_vaes, avx512_vnni, clflush, clflushopt, avx512_vbmi2, avx512_vbmi, hv, rdtscp, rdpid, fsrm, gfni, avx512_bitalg
CPU Model and flags from /proc/cpuinfo:
model name	: AMD EPYC 9B14
flags		: fpu vme de pse tsc msr pae mce cx8 apic sep mtrr pge mca cmov pat pse36 clflush mmx fxsr sse sse2 ht syscall nx mmxext fxsr_opt pdpe1gb rdtscp lm constant_tsc rep_good nopl xtopology nonstop_tsc cpuid extd_apicid tsc_known_freq pni pclmulqdq ssse3 fma cx16 pcid sse4_1 sse4_2 x2apic movbe popcnt aes xsave avx f16c rdrand hypervisor lahf_lm cmp_legacy cr8_legacy abm sse4a misalignsse 3dnowprefetch osvw topoext ssbd ibrs ibpb stibp vmmcall fsgsbase tsc_adjust bmi1 avx2 smep bmi2 erms invpcid avx512f avx512dq rdseed adx smap avx512ifma clflushopt clwb avx512cd sha_ni avx512bw avx512vl xsaveopt xsavec xgetbv1 xsaves avx512_bf16 clzero xsaveerptr wbnoinvd arat avx512vbmi umip avx512_vbmi2 gfni vaes vpclmulqdq avx512_vnni avx512_bitalg avx512_vpopcntdq la57 rdpid fsrm

Online cpus: 0-7
Offline cpus: 
BIOS frequency limitation: <Not Available>
Frequency switch latency (ns): <Not Available>
Available cpu frequencies: <Not Available>
Current governor: <Not Available>
Core performance/turbo boost: <Not Available>

Memory: 4k page, physical 65847776k(1001516k free), swap 0k(0k free)
Page Sizes: 4k

vm_info: OpenJDK 64-Bit Server VM (19.0.2+7-jvmci-22.3-b12) for linux-amd64 JRE (19.0.2+7-jvmci-22.3-b12), built on 2022-12-28T13:59:55Z by "buildslave" with gcc 11.2.0

END.
